{"metadata":{"target_server":"don@172.165.50.130","os_type":"windows","timestamp_utc":"2026-03-18T04:54:44Z","scanner_type":"SIGMA","command_line":"chainsaw hunt C:\\Windows\\System32\\winevt\\Logs\\Microsoft-Windows-Sysmon%4Operational.evtx -s C:\\Temp\\detechtive_rules_20260317_215441\\detechtive_test_ipconfig.yml -m C:\\Tools\\Sigma\\chainsaw\\mappings\\sigma-event-logs-all.yml","exit_code":0},"raw_scanner_payload":{"detection_count":5,"source_log":"C:\\Windows\\System32\\winevt\\Logs\\Microsoft-Windows-Sysmon%4Operational.evtx","scan_entire_log":false,"minutes_back":60,"rule_source":"detechtive_test_ipconfig.yml","rule_source_type":"custom","result_file":"C:\\Tools\\Sigma\\results\\172.165.50.130\\sigma_DESKTOP-DTGLPQE_20260317_215442.json","detections":[{"group":"Sigma","kind":"individual","document":{"kind":"evtx","path":"C:\\Windows\\System32\\winevt\\Logs\\Microsoft-Windows-Sysmon%4Operational.evtx","data":{"Event":{"EventData":{"Image":"C:\\Windows\\System32\\ipconfig.exe","RuleName":"-","Description":"IP Configuration Utility","OriginalFileName":"ipconfig.exe","TerminalSessionId":0,"ParentCommandLine":"powershell  -NoLogo -NoProfile -NonInteractive -ExecutionPolicy Bypass -EncodedCommand TgBlAHcALQBJAHQAZQBtACAALQBJAHQAZQBtAFQAeQBwAGUAIABEAGkAcgBlAGMAdABvAHIAeQAgAC0ARgBvAHIAYwBlACAALQBQAGEAdABoACAAJwBDADoAXABJAG8AQwAnACAAfAAgAE8AdQB0AC0ATgB1AGwAbAAKAEAAJwAKAHAAbwB3AGUAcgBzAGgAZQBsAGwACgAtAGUAbgBjAAoARgByAG8AbQBCAGEAcwBlADYANABTAHQAcgBpAG4AZwAKACcAQAAgAHwAIABTAGUAdAAtAEMAbwBuAHQAZQBuAHQAIAAtAEwAaQB0AGUAcgBhAGwAUABhAHQAaAAgACcAQwA6AFwASQBvAEMAXABkAGUAdABlAGMAaAB0AGkAdgBlAF8AcABzAF8AZQBuAGMAbwBkAGUAZAAuAHQAeAB0ACcACgB3AGgAbwBhAG0AaQAgAHwAIABPAHUAdAAtAE4AdQBsAGwACgBpAHAAYwBvAG4AZgBpAGcAIAB8ACAATwB1AHQALQBOAHUAbABsAAoAbgBlAHQAIAB1AHMAZQByACAAfAAgAE8AdQB0AC0ATgB1AGwAbAA=","Product":"Microsoft® Windows® Operating System","Company":"Microsoft Corporation","ParentProcessId":5432,"ParentUser":"DESKTOP-DTGLPQE\\don","LogonGuid":"24C9C544-2993-69BA-ADF7-470100000000","Hashes":"SHA256=53E000F5AA9B3A00934319DB8080BB99CB323BF48FC628A64F75D7847C265606","ParentProcessGuid":"24C9C544-2993-69BA-D10C-000000002A00","ProcessId":5540,"CurrentDirectory":"C:\\Users\\don\\","ProcessGuid":"24C9C544-2998-69BA-D30C-000000002A00","CommandLine":"\"C:\\Windows\\system32\\ipconfig.exe\"","FileVersion":"10.0.19041.1 (WinBuild.160101.0800)","User":"DESKTOP-DTGLPQE\\don","LogonId":"0x147f7ad","IntegrityLevel":"High","ParentImage":"C:\\Windows\\System32\\WindowsPowerShell\\v1.0\\powershell.exe","UtcTime":"2026-03-18 04:27:04.055"},"System":{"EventID":1,"Level":4,"Provider_attributes":{"Name":"Microsoft-Windows-Sysmon","Guid":"5770385F-C22A-43E0-BF4C-06F5698FFBD9"},"Version":5,"Task":1,"Opcode":0,"TimeCreated_attributes":{"SystemTime":"2026-03-18T04:27:04.061849Z"},"Execution_attributes":{"ProcessID":2132,"ThreadID":3368},"Correlation":null,"Keywords":"0x8000000000000000","Security_attributes":{"UserID":"S-1-5-18"},"EventRecordID":27294,"Channel":"Microsoft-Windows-Sysmon/Operational","Computer":"DESKTOP-DTGLPQE"}},"Event_attributes":{"xmlns":"http://schemas.microsoft.com/win/2004/08/events/event"}}},"name":"DeTechTive Test - ipconfig execution","timestamp":"2026-03-18T04:27:04.061849+00:00","authors":["DeTechTive"],"level":"low","source":"sigma","status":"experimental","id":"7060e4bd-9d0e-4c24-9384-8e4f0cb08940","logsource":{"category":"process_creation","product":"windows"}},{"group":"Sigma","kind":"individual","document":{"kind":"evtx","path":"C:\\Windows\\System32\\winevt\\Logs\\Microsoft-Windows-Sysmon%4Operational.evtx","data":{"Event":{"EventData":{"Image":"C:\\Windows\\System32\\ipconfig.exe","RuleName":"-","Description":"IP Configuration Utility","OriginalFileName":"ipconfig.exe","TerminalSessionId":0,"ParentCommandLine":"powershell  -NoLogo -NoProfile -NonInteractive -ExecutionPolicy Bypass -EncodedCommand TgBlAHcALQBJAHQAZQBtACAALQBJAHQAZQBtAFQAeQBwAGUAIABEAGkAcgBlAGMAdABvAHIAeQAgAC0ARgBvAHIAYwBlACAALQBQAGEAdABoACAAJwBDADoAXABJAG8AQwAnACAAfAAgAE8AdQB0AC0ATgB1AGwAbAAKAEAAJwAKAHAAbwB3AGUAcgBzAGgAZQBsAGwACgAtAGUAbgBjAAoARgByAG8AbQBCAGEAcwBlADYANABTAHQAcgBpAG4AZwAKACcAQAAgAHwAIABTAGUAdAAtAEMAbwBuAHQAZQBuAHQAIAAtAEwAaQB0AGUAcgBhAGwAUABhAHQAaAAgACcAQwA6AFwASQBvAEMAXABkAGUAdABlAGMAaAB0AGkAdgBlAF8AcABzAF8AZQBuAGMAbwBkAGUAZAAuAHQAeAB0ACcACgB3AGgAbwBhAG0AaQAgAHwAIABPAHUAdAAtAE4AdQBsAGwACgBpAHAAYwBvAG4AZgBpAGcAIAB8ACAATwB1AHQALQBOAHUAbABsAAoAbgBlAHQAIAB1AHMAZQByACAAfAAgAE8AdQB0AC0ATgB1AGwAbAA=","Product":"Microsoft® Windows® Operating System","Company":"Microsoft Corporation","ParentProcessId":3264,"ParentUser":"DESKTOP-DTGLPQE\\don","LogonGuid":"24C9C544-2A24-69BA-7A3D-480100000000","Hashes":"SHA256=53E000F5AA9B3A00934319DB8080BB99CB323BF48FC628A64F75D7847C265606","ParentProcessGuid":"24C9C544-2A24-69BA-DB0C-000000002A00","ProcessId":1996,"CurrentDirectory":"C:\\Users\\don\\","ProcessGuid":"24C9C544-2A25-69BA-DD0C-000000002A00","CommandLine":"\"C:\\Windows\\system32\\ipconfig.exe\"","FileVersion":"10.0.19041.1 (WinBuild.160101.0800)","User":"DESKTOP-DTGLPQE\\don","LogonId":"0x1483d7a","IntegrityLevel":"High","ParentImage":"C:\\Windows\\System32\\WindowsPowerShell\\v1.0\\powershell.exe","UtcTime":"2026-03-18 04:29:25.218"},"System":{"EventID":1,"Level":4,"Provider_attributes":{"Name":"Microsoft-Windows-Sysmon","Guid":"5770385F-C22A-43E0-BF4C-06F5698FFBD9"},"Version":5,"Task":1,"Opcode":0,"TimeCreated_attributes":{"SystemTime":"2026-03-18T04:29:25.221138Z"},"Execution_attributes":{"ProcessID":2132,"ThreadID":3368},"Correlation":null,"Keywords":"0x8000000000000000","Security_attributes":{"UserID":"S-1-5-18"},"EventRecordID":27314,"Channel":"Microsoft-Windows-Sysmon/Operational","Computer":"DESKTOP-DTGLPQE"}},"Event_attributes":{"xmlns":"http://schemas.microsoft.com/win/2004/08/events/event"}}},"name":"DeTechTive Test - ipconfig execution","timestamp":"2026-03-18T04:29:25.221138+00:00","authors":["DeTechTive"],"level":"low","source":"sigma","status":"experimental","id":"7060e4bd-9d0e-4c24-9384-8e4f0cb08940","logsource":{"category":"process_creation","product":"windows"}},{"group":"Sigma","kind":"individual","document":{"kind":"evtx","path":"C:\\Windows\\System32\\winevt\\Logs\\Microsoft-Windows-Sysmon%4Operational.evtx","data":{"Event":{"EventData":{"Image":"C:\\Windows\\System32\\ipconfig.exe","RuleName":"-","Description":"IP Configuration Utility","OriginalFileName":"ipconfig.exe","TerminalSessionId":0,"ParentCommandLine":"powershell  -NoLogo -NoProfile -NonInteractive -ExecutionPolicy Bypass -EncodedCommand TgBlAHcALQBJAHQAZQBtACAALQBJAHQAZQBtAFQAeQBwAGUAIABEAGkAcgBlAGMAdABvAHIAeQAgAC0ARgBvAHIAYwBlACAALQBQAGEAdABoACAAJwBDADoAXABJAG8AQwAnACAAfAAgAE8AdQB0AC0ATgB1AGwAbAAKAEAAJwAKAHAAbwB3AGUAcgBzAGgAZQBsAGwACgAtAGUAbgBjAAoARgByAG8AbQBCAGEAcwBlADYANABTAHQAcgBpAG4AZwAKACcAQAAgAHwAIABTAGUAdAAtAEMAbwBuAHQAZQBuAHQAIAAtAEwAaQB0AGUAcgBhAGwAUABhAHQAaAAgACcAQwA6AFwASQBvAEMAXABkAGUAdABlAGMAaAB0AGkAdgBlAF8AcABzAF8AZQBuAGMAbwBkAGUAZAAuAHQAeAB0ACcACgB3AGgAbwBhAG0AaQAgAHwAIABPAHUAdAAtAE4AdQBsAGwACgBpAHAAYwBvAG4AZgBpAGcAIAB8ACAATwB1AHQALQBOAHUAbABsAAoAbgBlAHQAIAB1AHMAZQByACAAfAAgAE8AdQB0AC0ATgB1AGwAbAA=","Product":"Microsoft® Windows® Operating System","Company":"Microsoft Corporation","ParentProcessId":1488,"ParentUser":"DESKTOP-DTGLPQE\\don","LogonGuid":"24C9C544-2B57-69BA-D91C-490100000000","Hashes":"SHA256=53E000F5AA9B3A00934319DB8080BB99CB323BF48FC628A64F75D7847C265606","ParentProcessGuid":"24C9C544-2B57-69BA-F80C-000000002A00","ProcessId":3184,"CurrentDirectory":"C:\\Users\\don\\","ProcessGuid":"24C9C544-2B57-69BA-FA0C-000000002A00","CommandLine":"\"C:\\Windows\\system32\\ipconfig.exe\"","FileVersion":"10.0.19041.1 (WinBuild.160101.0800)","User":"DESKTOP-DTGLPQE\\don","LogonId":"0x1491cd9","IntegrityLevel":"High","ParentImage":"C:\\Windows\\System32\\WindowsPowerShell\\v1.0\\powershell.exe","UtcTime":"2026-03-18 04:34:31.695"},"System":{"EventID":1,"Level":4,"Provider_attributes":{"Name":"Microsoft-Windows-Sysmon","Guid":"5770385F-C22A-43E0-BF4C-06F5698FFBD9"},"Version":5,"Task":1,"Opcode":0,"TimeCreated_attributes":{"SystemTime":"2026-03-18T04:34:31.698309Z"},"Execution_attributes":{"ProcessID":2132,"ThreadID":3368},"Correlation":null,"Keywords":"0x8000000000000000","Security_attributes":{"UserID":"S-1-5-18"},"EventRecordID":27371,"Channel":"Microsoft-Windows-Sysmon/Operational","Computer":"DESKTOP-DTGLPQE"}},"Event_attributes":{"xmlns":"http://schemas.microsoft.com/win/2004/08/events/event"}}},"name":"DeTechTive Test - ipconfig execution","timestamp":"2026-03-18T04:34:31.698309+00:00","authors":["DeTechTive"],"level":"low","source":"sigma","status":"experimental","id":"7060e4bd-9d0e-4c24-9384-8e4f0cb08940","logsource":{"category":"process_creation","product":"windows"}},{"group":"Sigma","kind":"individual","document":{"kind":"evtx","path":"C:\\Windows\\System32\\winevt\\Logs\\Microsoft-Windows-Sysmon%4Operational.evtx","data":{"Event":{"EventData":{"Image":"C:\\Windows\\System32\\ipconfig.exe","RuleName":"-","Description":"IP Configuration Utility","OriginalFileName":"ipconfig.exe","TerminalSessionId":0,"ParentCommandLine":"powershell  -NoLogo -NoProfile -NonInteractive -ExecutionPolicy Bypass -EncodedCommand TgBlAHcALQBJAHQAZQBtACAALQBJAHQAZQBtAFQAeQBwAGUAIABEAGkAcgBlAGMAdABvAHIAeQAgAC0ARgBvAHIAYwBlACAALQBQAGEAdABoACAAJwBDADoAXABJAG8AQwAnACAAfAAgAE8AdQB0AC0ATgB1AGwAbAAKAEAAJwAKAHAAbwB3AGUAcgBzAGgAZQBsAGwACgAtAGUAbgBjAAoARgByAG8AbQBCAGEAcwBlADYANABTAHQAcgBpAG4AZwAKACcAQAAgAHwAIABTAGUAdAAtAEMAbwBuAHQAZQBuAHQAIAAtAEwAaQB0AGUAcgBhAGwAUABhAHQAaAAgACcAQwA6AFwASQBvAEMAXABkAGUAdABlAGMAaAB0AGkAdgBlAF8AcABzAF8AZQBuAGMAbwBkAGUAZAAuAHQAeAB0ACcACgB3AGgAbwBhAG0AaQAgAHwAIABPAHUAdAAtAE4AdQBsAGwACgBpAHAAYwBvAG4AZgBpAGcAIAB8ACAATwB1AHQALQBOAHUAbABsAAoAbgBlAHQAIAB1AHMAZQByACAAfAAgAE8AdQB0AC0ATgB1AGwAbAA=","Product":"Microsoft® Windows® Operating System","Company":"Microsoft Corporation","ParentProcessId":2000,"ParentUser":"DESKTOP-DTGLPQE\\don","LogonGuid":"24C9C544-2D38-69BA-442E-4B0100000000","Hashes":"SHA256=53E000F5AA9B3A00934319DB8080BB99CB323BF48FC628A64F75D7847C265606","ParentProcessGuid":"24C9C544-2D38-69BA-5E0D-000000002A00","ProcessId":2296,"CurrentDirectory":"C:\\Users\\don\\","ProcessGuid":"24C9C544-2D38-69BA-600D-000000002A00","CommandLine":"\"C:\\Windows\\system32\\ipconfig.exe\"","FileVersion":"10.0.19041.1 (WinBuild.160101.0800)","User":"DESKTOP-DTGLPQE\\don","LogonId":"0x14b2e44","IntegrityLevel":"High","ParentImage":"C:\\Windows\\System32\\WindowsPowerShell\\v1.0\\powershell.exe","UtcTime":"2026-03-18 04:42:32.937"},"System":{"EventID":1,"Level":4,"Provider_attributes":{"Name":"Microsoft-Windows-Sysmon","Guid":"5770385F-C22A-43E0-BF4C-06F5698FFBD9"},"Version":5,"Task":1,"Opcode":0,"TimeCreated_attributes":{"SystemTime":"2026-03-18T04:42:32.941849Z"},"Execution_attributes":{"ProcessID":2132,"ThreadID":3368},"Correlation":null,"Keywords":"0x8000000000000000","Security_attributes":{"UserID":"S-1-5-18"},"EventRecordID":27572,"Channel":"Microsoft-Windows-Sysmon/Operational","Computer":"DESKTOP-DTGLPQE"}},"Event_attributes":{"xmlns":"http://schemas.microsoft.com/win/2004/08/events/event"}}},"name":"DeTechTive Test - ipconfig execution","timestamp":"2026-03-18T04:42:32.941849+00:00","authors":["DeTechTive"],"level":"low","source":"sigma","status":"experimental","id":"7060e4bd-9d0e-4c24-9384-8e4f0cb08940","logsource":{"category":"process_creation","product":"windows"}},{"group":"Sigma","kind":"individual","document":{"kind":"evtx","path":"C:\\Windows\\System32\\winevt\\Logs\\Microsoft-Windows-Sysmon%4Operational.evtx","data":{"Event":{"EventData":{"Image":"C:\\Windows\\System32\\ipconfig.exe","RuleName":"-","Description":"IP Configuration Utility","OriginalFileName":"ipconfig.exe","TerminalSessionId":0,"ParentCommandLine":"powershell  -NoLogo -NoProfile -NonInteractive -ExecutionPolicy Bypass -EncodedCommand TgBlAHcALQBJAHQAZQBtACAALQBJAHQAZQBtAFQAeQBwAGUAIABEAGkAcgBlAGMAdABvAHIAeQAgAC0ARgBvAHIAYwBlACAALQBQAGEAdABoACAAJwBDADoAXABJAG8AQwAnACAAfAAgAE8AdQB0AC0ATgB1AGwAbAAKAEAAJwAKAHAAbwB3AGUAcgBzAGgAZQBsAGwACgAtAGUAbgBjAAoARgByAG8AbQBCAGEAcwBlADYANABTAHQAcgBpAG4AZwAKACcAQAAgAHwAIABTAGUAdAAtAEMAbwBuAHQAZQBuAHQAIAAtAEwAaQB0AGUAcgBhAGwAUABhAHQAaAAgACcAQwA6AFwASQBvAEMAXABkAGUAdABlAGMAaAB0AGkAdgBlAF8AcABzAF8AZQBuAGMAbwBkAGUAZAAuAHQAeAB0ACcACgB3AGgAbwBhAG0AaQAgAHwAIABPAHUAdAAtAE4AdQBsAGwACgBpAHAAYwBvAG4AZgBpAGcAIAB8ACAATwB1AHQALQBOAHUAbABsAAoAbgBlAHQAIAB1AHMAZQByACAAfAAgAE8AdQB0AC0ATgB1AGwAbAA=","Product":"Microsoft® Windows® Operating System","Company":"Microsoft Corporation","ParentProcessId":4864,"ParentUser":"DESKTOP-DTGLPQE\\don","LogonGuid":"24C9C544-2FA7-69BA-D567-4D0100000000","Hashes":"SHA256=53E000F5AA9B3A00934319DB8080BB99CB323BF48FC628A64F75D7847C265606","ParentProcessGuid":"24C9C544-2FA7-69BA-BB0D-000000002A00","ProcessId":2440,"CurrentDirectory":"C:\\Users\\don\\","ProcessGuid":"24C9C544-2FA7-69BA-BD0D-000000002A00","CommandLine":"\"C:\\Windows\\system32\\ipconfig.exe\"","FileVersion":"10.0.19041.1 (WinBuild.160101.0800)","User":"DESKTOP-DTGLPQE\\don","LogonId":"0x14d67d5","IntegrityLevel":"High","ParentImage":"C:\\Windows\\System32\\WindowsPowerShell\\v1.0\\powershell.exe","UtcTime":"2026-03-18 04:52:55.928"},"System":{"EventID":1,"Level":4,"Provider_attributes":{"Name":"Microsoft-Windows-Sysmon","Guid":"5770385F-C22A-43E0-BF4C-06F5698FFBD9"},"Version":5,"Task":1,"Opcode":0,"TimeCreated_attributes":{"SystemTime":"2026-03-18T04:52:55.933698Z"},"Execution_attributes":{"ProcessID":2132,"ThreadID":3368},"Correlation":null,"Keywords":"0x8000000000000000","Security_attributes":{"UserID":"S-1-5-18"},"EventRecordID":27757,"Channel":"Microsoft-Windows-Sysmon/Operational","Computer":"DESKTOP-DTGLPQE"}},"Event_attributes":{"xmlns":"http://schemas.microsoft.com/win/2004/08/events/event"}}},"name":"DeTechTive Test - ipconfig execution","timestamp":"2026-03-18T04:52:55.933698+00:00","authors":["DeTechTive"],"level":"low","source":"sigma","status":"experimental","id":"7060e4bd-9d0e-4c24-9384-8e4f0cb08940","logsource":{"category":"process_creation","product":"windows"}}]}}