{"metadata":{"target_server":"don@172.165.50.130","os_type":"windows","timestamp_utc":"2026-03-16T07:25:10Z","scanner_type":"SIGMA","command_line":"chainsaw hunt C:\\Windows\\System32\\winevt\\Logs\\Microsoft-Windows-Sysmon%4Operational.evtx -s C:\\Temp\\detechtive_rules_20260316_002507\\detechtive_test_net_user.yml -m C:\\Tools\\Sigma\\chainsaw\\mappings\\sigma-event-logs-all.yml","exit_code":0},"raw_scanner_payload":{"detection_count":6,"source_log":"C:\\Windows\\System32\\winevt\\Logs\\Microsoft-Windows-Sysmon%4Operational.evtx","scan_entire_log":false,"minutes_back":1440,"rule_source":"detechtive_test_net_user.yml","rule_source_type":"custom","result_file":"C:\\Tools\\Sigma\\results\\172.165.50.130\\sigma_DESKTOP-DTGLPQE_20260316_002509.json","detections":[{"group":"Sigma","kind":"individual","document":{"kind":"evtx","path":"C:\\Windows\\System32\\winevt\\Logs\\Microsoft-Windows-Sysmon%4Operational.evtx","data":{"Event":{"EventData":{"Image":"C:\\Windows\\System32\\net.exe","RuleName":"-","Description":"Net Command","OriginalFileName":"net.exe","TerminalSessionId":1,"ParentCommandLine":"C:\\Windows\\System32\\WindowsPowerShell\\v1.0\\powershell.exe","Product":"Microsoft® Windows® Operating System","Company":"Microsoft Corporation","ParentProcessId":6056,"ParentUser":"DESKTOP-DTGLPQE\\don","LogonGuid":"24C9C544-7E8A-69B7-5E4B-060000000000","Hashes":"SHA256=9F376759BCBCD705F726460FC4A7E2B07F310F52BAA73CAAAAA124FDDBDF993E","ParentProcessGuid":"24C9C544-7FA8-69B7-3301-000000002900","ProcessId":6336,"CurrentDirectory":"C:\\Users\\don\\","ProcessGuid":"24C9C544-7FAE-69B7-3501-000000002900","CommandLine":"\"C:\\Windows\\system32\\net.exe\" user","FileVersion":"10.0.19041.1 (WinBuild.160101.0800)","User":"DESKTOP-DTGLPQE\\don","LogonId":"0x64b5e","IntegrityLevel":"Medium","ParentImage":"C:\\Windows\\System32\\WindowsPowerShell\\v1.0\\powershell.exe","UtcTime":"2026-03-16 03:57:34.112"},"System":{"EventID":1,"Level":4,"Provider_attributes":{"Name":"Microsoft-Windows-Sysmon","Guid":"5770385F-C22A-43E0-BF4C-06F5698FFBD9"},"Version":5,"Task":1,"Opcode":0,"TimeCreated_attributes":{"SystemTime":"2026-03-16T03:57:34.117146Z"},"Execution_attributes":{"ProcessID":2248,"ThreadID":3564},"Correlation":null,"Keywords":"0x8000000000000000","Security_attributes":{"UserID":"S-1-5-18"},"EventRecordID":20041,"Channel":"Microsoft-Windows-Sysmon/Operational","Computer":"DESKTOP-DTGLPQE"}},"Event_attributes":{"xmlns":"http://schemas.microsoft.com/win/2004/08/events/event"}}},"name":"DeTechTive Test - net user enumeration","timestamp":"2026-03-16T03:57:34.117146+00:00","authors":["DeTechTive"],"level":"low","source":"sigma","status":"experimental","id":"22222222-2222-2222-2222-222222222222","logsource":{"category":"process_creation","product":"windows"}},{"group":"Sigma","kind":"individual","document":{"kind":"evtx","path":"C:\\Windows\\System32\\winevt\\Logs\\Microsoft-Windows-Sysmon%4Operational.evtx","data":{"Event":{"EventData":{"Image":"C:\\Windows\\System32\\net1.exe","RuleName":"-","Description":"Net Command","OriginalFileName":"net1.exe","TerminalSessionId":1,"ParentCommandLine":"\"C:\\Windows\\system32\\net.exe\" user","Product":"Microsoft® Windows® Operating System","Company":"Microsoft Corporation","ParentProcessId":6336,"ParentUser":"DESKTOP-DTGLPQE\\don","LogonGuid":"24C9C544-7E8A-69B7-5E4B-060000000000","Hashes":"SHA256=E62071AA18768DD88ACAF97FA7B1F2FEC9FCCE89736C1EE9A800699328D196EA","ParentProcessGuid":"24C9C544-7FAE-69B7-3501-000000002900","ProcessId":3712,"CurrentDirectory":"C:\\Users\\don\\","ProcessGuid":"24C9C544-7FAE-69B7-3601-000000002900","CommandLine":"C:\\Windows\\system32\\net1 user","FileVersion":"10.0.19041.3636 (WinBuild.160101.0800)","User":"DESKTOP-DTGLPQE\\don","LogonId":"0x64b5e","IntegrityLevel":"Medium","ParentImage":"C:\\Windows\\System32\\net.exe","UtcTime":"2026-03-16 03:57:34.127"},"System":{"EventID":1,"Level":4,"Provider_attributes":{"Name":"Microsoft-Windows-Sysmon","Guid":"5770385F-C22A-43E0-BF4C-06F5698FFBD9"},"Version":5,"Task":1,"Opcode":0,"TimeCreated_attributes":{"SystemTime":"2026-03-16T03:57:34.130443Z"},"Execution_attributes":{"ProcessID":2248,"ThreadID":3564},"Correlation":null,"Keywords":"0x8000000000000000","Security_attributes":{"UserID":"S-1-5-18"},"EventRecordID":20042,"Channel":"Microsoft-Windows-Sysmon/Operational","Computer":"DESKTOP-DTGLPQE"}},"Event_attributes":{"xmlns":"http://schemas.microsoft.com/win/2004/08/events/event"}}},"name":"DeTechTive Test - net user enumeration","timestamp":"2026-03-16T03:57:34.130443+00:00","authors":["DeTechTive"],"level":"low","source":"sigma","status":"experimental","id":"22222222-2222-2222-2222-222222222222","logsource":{"category":"process_creation","product":"windows"}},{"group":"Sigma","kind":"individual","document":{"kind":"evtx","path":"C:\\Windows\\System32\\winevt\\Logs\\Microsoft-Windows-Sysmon%4Operational.evtx","data":{"Event":{"EventData":{"Image":"C:\\Windows\\System32\\net.exe","RuleName":"-","Description":"Net Command","OriginalFileName":"net.exe","TerminalSessionId":1,"ParentCommandLine":"C:\\Windows\\System32\\WindowsPowerShell\\v1.0\\powershell.exe","Product":"Microsoft® Windows® Operating System","Company":"Microsoft Corporation","ParentProcessId":5340,"ParentUser":"DESKTOP-DTGLPQE\\don","LogonGuid":"24C9C544-8C0B-69B7-8359-060000000000","Hashes":"SHA256=9F376759BCBCD705F726460FC4A7E2B07F310F52BAA73CAAAAA124FDDBDF993E","ParentProcessGuid":"24C9C544-9B16-69B7-3401-000000002A00","ProcessId":948,"CurrentDirectory":"C:\\Users\\don\\","ProcessGuid":"24C9C544-9B1B-69B7-3501-000000002A00","CommandLine":"\"C:\\Windows\\system32\\net.exe\" user","FileVersion":"10.0.19041.1 (WinBuild.160101.0800)","User":"DESKTOP-DTGLPQE\\don","LogonId":"0x65983","IntegrityLevel":"Medium","ParentImage":"C:\\Windows\\System32\\WindowsPowerShell\\v1.0\\powershell.exe","UtcTime":"2026-03-16 05:54:35.245"},"System":{"EventID":1,"Level":4,"Provider_attributes":{"Name":"Microsoft-Windows-Sysmon","Guid":"5770385F-C22A-43E0-BF4C-06F5698FFBD9"},"Version":5,"Task":1,"Opcode":0,"TimeCreated_attributes":{"SystemTime":"2026-03-16T05:54:35.251595Z"},"Execution_attributes":{"ProcessID":2132,"ThreadID":3368},"Correlation":null,"Keywords":"0x8000000000000000","Security_attributes":{"UserID":"S-1-5-18"},"EventRecordID":21378,"Channel":"Microsoft-Windows-Sysmon/Operational","Computer":"DESKTOP-DTGLPQE"}},"Event_attributes":{"xmlns":"http://schemas.microsoft.com/win/2004/08/events/event"}}},"name":"DeTechTive Test - net user enumeration","timestamp":"2026-03-16T05:54:35.251595+00:00","authors":["DeTechTive"],"level":"low","source":"sigma","status":"experimental","id":"22222222-2222-2222-2222-222222222222","logsource":{"category":"process_creation","product":"windows"}},{"group":"Sigma","kind":"individual","document":{"kind":"evtx","path":"C:\\Windows\\System32\\winevt\\Logs\\Microsoft-Windows-Sysmon%4Operational.evtx","data":{"Event":{"EventData":{"Image":"C:\\Windows\\System32\\net1.exe","RuleName":"-","Description":"Net Command","OriginalFileName":"net1.exe","TerminalSessionId":1,"ParentCommandLine":"\"C:\\Windows\\system32\\net.exe\" user","Product":"Microsoft® Windows® Operating System","Company":"Microsoft Corporation","ParentProcessId":948,"ParentUser":"DESKTOP-DTGLPQE\\don","LogonGuid":"24C9C544-8C0B-69B7-8359-060000000000","Hashes":"SHA256=E62071AA18768DD88ACAF97FA7B1F2FEC9FCCE89736C1EE9A800699328D196EA","ParentProcessGuid":"24C9C544-9B1B-69B7-3501-000000002A00","ProcessId":116,"CurrentDirectory":"C:\\Users\\don\\","ProcessGuid":"24C9C544-9B1B-69B7-3601-000000002A00","CommandLine":"C:\\Windows\\system32\\net1 user","FileVersion":"10.0.19041.3636 (WinBuild.160101.0800)","User":"DESKTOP-DTGLPQE\\don","LogonId":"0x65983","IntegrityLevel":"Medium","ParentImage":"C:\\Windows\\System32\\net.exe","UtcTime":"2026-03-16 05:54:35.264"},"System":{"EventID":1,"Level":4,"Provider_attributes":{"Name":"Microsoft-Windows-Sysmon","Guid":"5770385F-C22A-43E0-BF4C-06F5698FFBD9"},"Version":5,"Task":1,"Opcode":0,"TimeCreated_attributes":{"SystemTime":"2026-03-16T05:54:35.267306Z"},"Execution_attributes":{"ProcessID":2132,"ThreadID":3368},"Correlation":null,"Keywords":"0x8000000000000000","Security_attributes":{"UserID":"S-1-5-18"},"EventRecordID":21379,"Channel":"Microsoft-Windows-Sysmon/Operational","Computer":"DESKTOP-DTGLPQE"}},"Event_attributes":{"xmlns":"http://schemas.microsoft.com/win/2004/08/events/event"}}},"name":"DeTechTive Test - net user enumeration","timestamp":"2026-03-16T05:54:35.267306+00:00","authors":["DeTechTive"],"level":"low","source":"sigma","status":"experimental","id":"22222222-2222-2222-2222-222222222222","logsource":{"category":"process_creation","product":"windows"}},{"group":"Sigma","kind":"individual","document":{"kind":"evtx","path":"C:\\Windows\\System32\\winevt\\Logs\\Microsoft-Windows-Sysmon%4Operational.evtx","data":{"Event":{"EventData":{"Image":"C:\\Windows\\System32\\net.exe","RuleName":"-","Description":"Net Command","OriginalFileName":"net.exe","TerminalSessionId":1,"ParentCommandLine":"C:\\Windows\\System32\\WindowsPowerShell\\v1.0\\powershell.exe","Product":"Microsoft® Windows® Operating System","Company":"Microsoft Corporation","ParentProcessId":5340,"ParentUser":"DESKTOP-DTGLPQE\\don","LogonGuid":"24C9C544-8C0B-69B7-8359-060000000000","Hashes":"SHA256=9F376759BCBCD705F726460FC4A7E2B07F310F52BAA73CAAAAA124FDDBDF993E","ParentProcessGuid":"24C9C544-9B16-69B7-3401-000000002A00","ProcessId":3248,"CurrentDirectory":"C:\\Users\\don\\","ProcessGuid":"24C9C544-A956-69B7-DC01-000000002A00","CommandLine":"\"C:\\Windows\\system32\\net.exe\" user","FileVersion":"10.0.19041.1 (WinBuild.160101.0800)","User":"DESKTOP-DTGLPQE\\don","LogonId":"0x65983","IntegrityLevel":"Medium","ParentImage":"C:\\Windows\\System32\\WindowsPowerShell\\v1.0\\powershell.exe","UtcTime":"2026-03-16 06:55:18.016"},"System":{"EventID":1,"Level":4,"Provider_attributes":{"Name":"Microsoft-Windows-Sysmon","Guid":"5770385F-C22A-43E0-BF4C-06F5698FFBD9"},"Version":5,"Task":1,"Opcode":0,"TimeCreated_attributes":{"SystemTime":"2026-03-16T06:55:18.019921Z"},"Execution_attributes":{"ProcessID":2132,"ThreadID":3368},"Correlation":null,"Keywords":"0x8000000000000000","Security_attributes":{"UserID":"S-1-5-18"},"EventRecordID":21710,"Channel":"Microsoft-Windows-Sysmon/Operational","Computer":"DESKTOP-DTGLPQE"}},"Event_attributes":{"xmlns":"http://schemas.microsoft.com/win/2004/08/events/event"}}},"name":"DeTechTive Test - net user enumeration","timestamp":"2026-03-16T06:55:18.019921+00:00","authors":["DeTechTive"],"level":"low","source":"sigma","status":"experimental","id":"22222222-2222-2222-2222-222222222222","logsource":{"category":"process_creation","product":"windows"}},{"group":"Sigma","kind":"individual","document":{"kind":"evtx","path":"C:\\Windows\\System32\\winevt\\Logs\\Microsoft-Windows-Sysmon%4Operational.evtx","data":{"Event":{"EventData":{"Image":"C:\\Windows\\System32\\net1.exe","RuleName":"-","Description":"Net Command","OriginalFileName":"net1.exe","TerminalSessionId":1,"ParentCommandLine":"\"C:\\Windows\\system32\\net.exe\" user","Product":"Microsoft® Windows® Operating System","Company":"Microsoft Corporation","ParentProcessId":3248,"ParentUser":"DESKTOP-DTGLPQE\\don","LogonGuid":"24C9C544-8C0B-69B7-8359-060000000000","Hashes":"SHA256=E62071AA18768DD88ACAF97FA7B1F2FEC9FCCE89736C1EE9A800699328D196EA","ParentProcessGuid":"24C9C544-A956-69B7-DC01-000000002A00","ProcessId":1080,"CurrentDirectory":"C:\\Users\\don\\","ProcessGuid":"24C9C544-A956-69B7-DD01-000000002A00","CommandLine":"C:\\Windows\\system32\\net1 user","FileVersion":"10.0.19041.3636 (WinBuild.160101.0800)","User":"DESKTOP-DTGLPQE\\don","LogonId":"0x65983","IntegrityLevel":"Medium","ParentImage":"C:\\Windows\\System32\\net.exe","UtcTime":"2026-03-16 06:55:18.028"},"System":{"EventID":1,"Level":4,"Provider_attributes":{"Name":"Microsoft-Windows-Sysmon","Guid":"5770385F-C22A-43E0-BF4C-06F5698FFBD9"},"Version":5,"Task":1,"Opcode":0,"TimeCreated_attributes":{"SystemTime":"2026-03-16T06:55:18.031281Z"},"Execution_attributes":{"ProcessID":2132,"ThreadID":3368},"Correlation":null,"Keywords":"0x8000000000000000","Security_attributes":{"UserID":"S-1-5-18"},"EventRecordID":21711,"Channel":"Microsoft-Windows-Sysmon/Operational","Computer":"DESKTOP-DTGLPQE"}},"Event_attributes":{"xmlns":"http://schemas.microsoft.com/win/2004/08/events/event"}}},"name":"DeTechTive Test - net user enumeration","timestamp":"2026-03-16T06:55:18.031281+00:00","authors":["DeTechTive"],"level":"low","source":"sigma","status":"experimental","id":"22222222-2222-2222-2222-222222222222","logsource":{"category":"process_creation","product":"windows"}}]}}