{"metadata":{"target_server":"don@172.165.50.130","os_type":"windows","timestamp_utc":"2026-03-16T17:26:22Z","scanner_type":"SIGMA","command_line":"chainsaw hunt C:\\Windows\\System32\\winevt\\Logs\\Microsoft-Windows-Sysmon%4Operational.evtx -s C:\\Temp\\detechtive_rules_20260316_102619\\detechtive_test_ipconfig.yml -m C:\\Tools\\Sigma\\chainsaw\\mappings\\sigma-event-logs-all.yml","exit_code":0},"raw_scanner_payload":{"detection_count":10,"source_log":"C:\\Windows\\System32\\winevt\\Logs\\Microsoft-Windows-Sysmon%4Operational.evtx","scan_entire_log":false,"minutes_back":60,"rule_source":"detechtive_test_ipconfig.yml","rule_source_type":"custom","result_file":"C:\\Tools\\Sigma\\results\\172.165.50.130\\sigma_DESKTOP-DTGLPQE_20260316_102620.json","detections":[{"group":"Sigma","kind":"individual","document":{"kind":"evtx","path":"C:\\Windows\\System32\\winevt\\Logs\\Microsoft-Windows-Sysmon%4Operational.evtx","data":{"Event":{"EventData":{"Image":"C:\\Windows\\System32\\ipconfig.exe","RuleName":"-","Description":"IP Configuration Utility","OriginalFileName":"ipconfig.exe","TerminalSessionId":1,"ParentCommandLine":"C:\\Windows\\System32\\WindowsPowerShell\\v1.0\\powershell.exe","Product":"Microsoft® Windows® Operating System","Company":"Microsoft Corporation","ParentProcessId":5340,"ParentUser":"DESKTOP-DTGLPQE\\don","LogonGuid":"24C9C544-8C0B-69B7-8359-060000000000","Hashes":"SHA256=53E000F5AA9B3A00934319DB8080BB99CB323BF48FC628A64F75D7847C265606","ParentProcessGuid":"24C9C544-9B16-69B7-3401-000000002A00","ProcessId":1268,"CurrentDirectory":"C:\\Users\\don\\","ProcessGuid":"24C9C544-3195-69B8-C404-000000002A00","CommandLine":"\"C:\\Windows\\system32\\ipconfig.exe\"","FileVersion":"10.0.19041.1 (WinBuild.160101.0800)","User":"DESKTOP-DTGLPQE\\don","LogonId":"0x65983","IntegrityLevel":"Medium","ParentImage":"C:\\Windows\\System32\\WindowsPowerShell\\v1.0\\powershell.exe","UtcTime":"2026-03-16 16:36:37.423"},"System":{"EventID":1,"Level":4,"Provider_attributes":{"Name":"Microsoft-Windows-Sysmon","Guid":"5770385F-C22A-43E0-BF4C-06F5698FFBD9"},"Version":5,"Task":1,"Opcode":0,"TimeCreated_attributes":{"SystemTime":"2026-03-16T16:36:37.427534Z"},"Execution_attributes":{"ProcessID":2132,"ThreadID":3368},"Correlation":null,"Keywords":"0x8000000000000000","Security_attributes":{"UserID":"S-1-5-18"},"EventRecordID":23192,"Channel":"Microsoft-Windows-Sysmon/Operational","Computer":"DESKTOP-DTGLPQE"}},"Event_attributes":{"xmlns":"http://schemas.microsoft.com/win/2004/08/events/event"}}},"name":"DeTechTive Test - ipconfig execution","timestamp":"2026-03-16T16:36:37.427534+00:00","authors":["DeTechTive"],"level":"low","source":"sigma","status":"experimental","id":"7060e4bd-9d0e-4c24-9384-8e4f0cb08940","logsource":{"category":"process_creation","product":"windows"}},{"group":"Sigma","kind":"individual","document":{"kind":"evtx","path":"C:\\Windows\\System32\\winevt\\Logs\\Microsoft-Windows-Sysmon%4Operational.evtx","data":{"Event":{"EventData":{"Image":"C:\\Windows\\System32\\ipconfig.exe","RuleName":"-","Description":"IP Configuration Utility","OriginalFileName":"ipconfig.exe","TerminalSessionId":1,"ParentCommandLine":"C:\\Windows\\System32\\WindowsPowerShell\\v1.0\\powershell.exe","Product":"Microsoft® Windows® Operating System","Company":"Microsoft Corporation","ParentProcessId":5340,"ParentUser":"DESKTOP-DTGLPQE\\don","LogonGuid":"24C9C544-8C0B-69B7-8359-060000000000","Hashes":"SHA256=53E000F5AA9B3A00934319DB8080BB99CB323BF48FC628A64F75D7847C265606","ParentProcessGuid":"24C9C544-9B16-69B7-3401-000000002A00","ProcessId":3604,"CurrentDirectory":"C:\\Users\\don\\","ProcessGuid":"24C9C544-347E-69B8-DD04-000000002A00","CommandLine":"\"C:\\Windows\\system32\\ipconfig.exe\"","FileVersion":"10.0.19041.1 (WinBuild.160101.0800)","User":"DESKTOP-DTGLPQE\\don","LogonId":"0x65983","IntegrityLevel":"Medium","ParentImage":"C:\\Windows\\System32\\WindowsPowerShell\\v1.0\\powershell.exe","UtcTime":"2026-03-16 16:49:02.517"},"System":{"EventID":1,"Level":4,"Provider_attributes":{"Name":"Microsoft-Windows-Sysmon","Guid":"5770385F-C22A-43E0-BF4C-06F5698FFBD9"},"Version":5,"Task":1,"Opcode":0,"TimeCreated_attributes":{"SystemTime":"2026-03-16T16:49:02.519195Z"},"Execution_attributes":{"ProcessID":2132,"ThreadID":3368},"Correlation":null,"Keywords":"0x8000000000000000","Security_attributes":{"UserID":"S-1-5-18"},"EventRecordID":23238,"Channel":"Microsoft-Windows-Sysmon/Operational","Computer":"DESKTOP-DTGLPQE"}},"Event_attributes":{"xmlns":"http://schemas.microsoft.com/win/2004/08/events/event"}}},"name":"DeTechTive Test - ipconfig execution","timestamp":"2026-03-16T16:49:02.519195+00:00","authors":["DeTechTive"],"level":"low","source":"sigma","status":"experimental","id":"7060e4bd-9d0e-4c24-9384-8e4f0cb08940","logsource":{"category":"process_creation","product":"windows"}},{"group":"Sigma","kind":"individual","document":{"kind":"evtx","path":"C:\\Windows\\System32\\winevt\\Logs\\Microsoft-Windows-Sysmon%4Operational.evtx","data":{"Event":{"EventData":{"Image":"C:\\Tools\\Sigma\\chainsaw\\chainsaw.exe","RuleName":"-","Description":"-","OriginalFileName":"-","TerminalSessionId":0,"ParentCommandLine":"powershell  -NoProfile -NonInteractive -ExecutionPolicy Bypass -EncodedCommand JABFAHIAcgBvAHIAQQBjAHQAaQBvAG4AUAByAGUAZgBlAHIAZQBuAGMAZQAgAD0AIAAnAFMAdABvAHAAJwANAAoAdAByAHkAIAB7AA0ACgAkAFAAcgBvAGcAcgBlAHMAcwBQAHIAZQBmAGUAcgBlAG4AYwBlACAAPQAgACcAUwBpAGwAZQBuAHQAbAB5AEMAbwBuAHQAaQBuAHUAZQAnAA0ACgANAAoAJABiAGEAcwBlACAAIAAgACAAIAAgAD0AIAAnAEMAOgBcAFQAbwBvAGwAcwBcAFMAaQBnAG0AYQAnAA0ACgAkAGMAaABhAGkAbgBzAGEAdwAgACAAPQAgAEoAbwBpAG4ALQBQAGEAdABoACAAJABiAGEAcwBlACAAJwBjAGgAYQBpAG4AcwBhAHcAXABjAGgAYQBpAG4AcwBhAHcALgBlAHgAZQAnAA0ACgAkAG0AYQBwACAAIAAgACAAIAAgACAAPQAgAEoAbwBpAG4ALQBQAGEAdABoACAAJABiAGEAcwBlACAAJwBjAGgAYQBpAG4AcwBhAHcAXABtAGEAcABwAGkAbgBnAHMAXABzAGkAZwBtAGEALQBlAHYAZQBuAHQALQBsAG8AZwBzAC0AYQBsAGwALgB5AG0AbAAnAA0ACgAkAG8AdQB0ACAAIAAgACAAIAAgACAAPQAgAEoAbwBpAG4ALQBQAGEAdABoACAAJABiAGEAcwBlACAAJwBvAHUAdAAnAA0ACgAkAHIAdQBsAGUAcwAgACAAIAAgACAAPQAgACcAQwA6AFwAVABlAG0AcABcAGQAZQB0AGUAYwBoAHQAaQB2AGUAXwByAHUAbABlAHMAXwAyADAAMgA2ADAAMwAxADYAXwAwADkANQA3ADEAMQBcAGQAZQB0AGUAYwBoAHQAaQB2AGUAXwB0AGUAcwB0AF8AaQBwAGMAbwBuAGYAaQBnAC4AeQBtAGwAJwANAAoAJAB0AGEAcgBnAGUAdABMAG8AZwAgAD0AIAAnAEMAOgBcAFcAaQBuAGQAbwB3AHMAXABTAHkAcwB0AGUAbQAzADIAXAB3AGkAbgBlAHYAdABcAEwAbwBnAHMAXABNAGkAYwByAG8AcwBvAGYAdAAtAFcAaQBuAGQAbwB3AHMALQBTAHkAcwBtAG8AbgAlADQATwBwAGUAcgBhAHQAaQBvAG4AYQBsAC4AZQB2AHQAeAAnAA0ACgANAAoAaQBmACAAKAAhACgAVABlAHMAdAAtAFAAYQB0AGgAIAAkAGMAaABhAGkAbgBzAGEAdwApACkAIAB7ACAAdABoAHIAbwB3ACAAIgBjAGgAYQBpAG4AcwBhAHcALgBlAHgAZQAgAG0AaQBzAHMAaQBuAGcAIABhAHQAIAAkAGMAaABhAGkAbgBzAGEAdwAiACAAfQANAAoAaQBmACAAKAAhACgAVABlAHMAdAAtAFAAYQB0AGgAIAAkAG0AYQBwACkAKQAgACAAIAAgACAAIAB7ACAAdABoAHIAbwB3ACAAIgBtAGEAcABwAGkAbgBnACAAbQBpAHMAcwBpAG4AZwAgAGEAdAAgACQAbQBhAHAAIgAgAH0ADQAKAGkAZgAgACgAIQAoAFQAZQBzAHQALQBQAGEAdABoACAAJAByAHUAbABlAHMAKQApACAAIAAgACAAewAgAHQAaAByAG8AdwAgACIAcgB1AGwAZQBzACAAcABhAHQAaAAgAG0AaQBzAHMAaQBuAGcAIABhAHQAIAAkAHIAdQBsAGUAcwAiACAAfQANAAoAaQBmACAAKAAhACgAVABlAHMAdAAtAFAAYQB0AGgAIAAkAHQAYQByAGcAZQB0AEwAbwBnACkAKQAgAHsAIAB0AGgAcgBvAHcAIAAiAFQAYQByAGcAZQB0ACAAbABvAGcAIABwAGEAdABoACAAbgBvAHQAIABmAG8AdQBuAGQAIABhAHQAIAAkAHQAYQByAGcAZQB0AEwAbwBnACIAIAB9AA0ACgANAAoATgBlAHcALQBJAHQAZQBtACAALQBJAHQAZQBtAFQAeQBwAGUAIABEAGkAcgBlAGMAdABvAHIAeQAgAC0ARgBvAHIAYwBlACAAJABvAHUAdAAgAHwAIABPAHUAdAAtAE4AdQBsAGwADQAKAA0ACgAkAHQAbwAgACAAIAAgACAAIAA9ACAAKABHAGUAdAAtAEQAYQB0AGUAKQAuAFQAbwBVAG4AaQB2AGUAcgBzAGEAbABUAGkAbQBlACgAKQANAAoAJABmAHIAbwBtACAAIAAgACAAPQAgACQAdABvAC4AQQBkAGQATQBpAG4AdQB0AGUAcwAoAC0AMQA1ACkADQAKACQAZgByAG8AbQBTAHQAcgAgAD0AIAAkAGYAcgBvAG0ALgBUAG8AUwB0AHIAaQBuAGcAKAAnAHkAeQB5AHkALQBNAE0ALQBkAGQAVABIAEgAOgBtAG0AOgBzAHMAJwApAA0ACgAkAHQAbwBTAHQAcgAgACAAIAA9ACAAJAB0AG8ALgBUAG8AUwB0AHIAaQBuAGcAKAAnAHkAeQB5AHkALQBNAE0ALQBkAGQAVABIAEgAOgBtAG0AOgBzAHMAJwApAA0ACgANAAoAJABzAHQAYQBtAHAAIAAgACAAPQAgACgARwBlAHQALQBEAGEAdABlACkALgBUAG8AUwB0AHIAaQBuAGcAKAAnAHkAeQB5AHkATQBNAGQAZABfAEgASABtAG0AcwBzACcAKQANAAoAJABvAHUAdABGAGkAbABlACAAPQAgAEoAbwBpAG4ALQBQAGEAdABoACAAJABvAHUAdAAgACgAJwBzAGkAZwBtAGEAXwAnACAAKwAgACQAZQBuAHYAOgBDAE8ATQBQAFUAVABFAFIATgBBAE0ARQAgACsAIAAnAF8AJwAgACsAIAAkAHMAdABhAG0AcAAgACsAIAAnAC4AagBzAG8AbgAnACkADQAKAA0ACgAkAEMAaABhAGkAbgBzAGEAdwBQAGEAcgBhAG0AcwAgAD0AIABAACgADQAKACAAIAAnAGgAdQBuAHQAJwAsACAAJAB0AGEAcgBnAGUAdABMAG8AZwAsAA0ACgAgACAAJwAtAHMAJwAsACAAJAByAHUAbABlAHMALAANAAoAIAAgACcALQBtACcALAAgACQAbQBhAHAALAANAAoAIAAgACcALQAtAGoAcwBvAG4AJwAsAA0ACgAgACAAJwAtAG8AJwAsACAAJABvAHUAdABGAGkAbABlACwADQAKACAAIAAnAC0ALQBzAGsAaQBwAC0AZQByAHIAbwByAHMAJwAsAA0ACgAgACAAJwAtAHEAJwANAAoAKQANAAoADQAKAGkAZgAgACgALQBuAG8AdAAgACQAZgBhAGwAcwBlACkAIAB7AA0ACgAgACAAIAAgACQAQwBoAGEAaQBuAHMAYQB3AFAAYQByAGEAbQBzACAAKwA9ACAAJwAtAC0AZgByAG8AbQAnAA0ACgAgACAAIAAgACQAQwBoAGEAaQBuAHMAYQB3AFAAYQByAGEAbQBzACAAKwA9ACAAJABmAHIAbwBtAFMAdAByAA0ACgAgACAAIAAgACQAQwBoAGEAaQBuAHMAYQB3AFAAYQByAGEAbQBzACAAKwA9ACAAJwAtAC0AdABvACcADQAKACAAIAAgACAAJABDAGgAYQBpAG4AcwBhAHcAUABhAHIAYQBtAHMAIAArAD0AIAAkAHQAbwBTAHQAcgANAAoAfQANAAoADQAKACYAIAAkAGMAaABhAGkAbgBzAGEAdwAgAEAAQwBoAGEAaQBuAHMAYQB3AFAAYQByAGEAbQBzACAAfAAgAE8AdQB0AC0ATgB1AGwAbAANAAoAJABjAGgAYQBpAG4AcwBhAHcARQB4AGkAdAAgAD0AIAAkAEwAQQBTAFQARQBYAEkAVABDAE8ARABFAA0ACgANAAoAaQBmACAAKAAkAGMAaABhAGkAbgBzAGEAdwBFAHgAaQB0ACAALQBuAGUAIAAwACkAIAB7AA0ACgAgACAAIAAgAHQAaAByAG8AdwAgACIAQwBoAGEAaQBuAHMAYQB3ACAAZQB4AGkAdABlAGQAIAB3AGkAdABoACAAYwBvAGQAZQAgACQAYwBoAGEAaQBuAHMAYQB3AEUAeABpAHQAIgANAAoAfQANAAoADQAKAGkAZgAgACgAIQAoAFQAZQBzAHQALQBQAGEAdABoACAAJABvAHUAdABGAGkAbABlACkAKQAgAHsADQAKACAAIAAgACAAdABoAHIAbwB3ACAAIgBDAGgAYQBpAG4AcwBhAHcAIABkAGkAZAAgAG4AbwB0ACAAcAByAG8AZAB1AGMAZQAgAGEAbgAgAG8AdQB0AHAAdQB0ACAAZgBpAGwAZQAuACIADQAKAH0ADQAKAA0ACgBXAHIAaQB0AGUALQBPAHUAdABwAHUAdAAgACIAUgBFAFMAVQBMAFQAXwBQAEEAVABIADoAJABvAHUAdABGAGkAbABlACIADQAKAFcAcgBpAHQAZQAtAE8AdQB0AHAAdQB0ACAAIgBSAEUAUwBVAEwAVABfAEUAWABJAFQAQwBPAEQARQA6ACQAYwBoAGEAaQBuAHMAYQB3AEUAeABpAHQAIgANAAoAZQB4AGkAdAAgADAADQAKAH0ADQAKAGMAYQB0AGMAaAAgAHsADQAKACAAIAAgACAAVwByAGkAdABlAC0ARQByAHIAbwByACAAKAAkAF8AIAB8ACAATwB1AHQALQBTAHQAcgBpAG4AZwApAA0ACgAgACAAIAAgAGUAeABpAHQAIAAxAA0ACgB9AA==","Product":"-","Company":"-","ParentProcessId":5720,"ParentUser":"DESKTOP-DTGLPQE\\don","LogonGuid":"24C9C544-3669-69B8-08AD-6A0000000000","Hashes":"SHA256=E6B5C767FA745C5E23BD64B95B043AF11D054E4E15DC96A5EE02C27DD40C0DBE","ParentProcessGuid":"24C9C544-3669-69B8-6F05-000000002A00","ProcessId":4132,"CurrentDirectory":"C:\\Users\\don\\","ProcessGuid":"24C9C544-3669-69B8-7005-000000002A00","CommandLine":"\"C:\\Tools\\Sigma\\chainsaw\\chainsaw.exe\" hunt C:\\Windows\\System32\\winevt\\Logs\\Microsoft-Windows-Sysmon%%4Operational.evtx -s C:\\Temp\\detechtive_rules_20260316_095711\\detechtive_test_ipconfig.yml -m C:\\Tools\\Sigma\\chainsaw\\mappings\\sigma-event-logs-all.yml --json -o C:\\Tools\\Sigma\\out\\sigma_DESKTOP-DTGLPQE_20260316_095713.json --skip-errors -q --from 2026-03-16T16:42:13 --to 2026-03-16T16:57:13","FileVersion":"-","User":"DESKTOP-DTGLPQE\\don","LogonId":"0x6aad08","IntegrityLevel":"High","ParentImage":"C:\\Windows\\System32\\WindowsPowerShell\\v1.0\\powershell.exe","UtcTime":"2026-03-16 16:57:13.732"},"System":{"EventID":1,"Level":4,"Provider_attributes":{"Name":"Microsoft-Windows-Sysmon","Guid":"5770385F-C22A-43E0-BF4C-06F5698FFBD9"},"Version":5,"Task":1,"Opcode":0,"TimeCreated_attributes":{"SystemTime":"2026-03-16T16:57:13.739780Z"},"Execution_attributes":{"ProcessID":2132,"ThreadID":3368},"Correlation":null,"Keywords":"0x8000000000000000","Security_attributes":{"UserID":"S-1-5-18"},"EventRecordID":23527,"Channel":"Microsoft-Windows-Sysmon/Operational","Computer":"DESKTOP-DTGLPQE"}},"Event_attributes":{"xmlns":"http://schemas.microsoft.com/win/2004/08/events/event"}}},"name":"DeTechTive Test - ipconfig execution","timestamp":"2026-03-16T16:57:13.739780+00:00","authors":["DeTechTive"],"level":"low","source":"sigma","status":"experimental","id":"7060e4bd-9d0e-4c24-9384-8e4f0cb08940","logsource":{"category":"process_creation","product":"windows"}},{"group":"Sigma","kind":"individual","document":{"kind":"evtx","path":"C:\\Windows\\System32\\winevt\\Logs\\Microsoft-Windows-Sysmon%4Operational.evtx","data":{"Event":{"EventData":{"Image":"C:\\Tools\\Sigma\\chainsaw\\chainsaw.exe","RuleName":"-","Description":"-","OriginalFileName":"-","TerminalSessionId":0,"ParentCommandLine":"powershell  -NoProfile -NonInteractive -ExecutionPolicy Bypass -EncodedCommand JABFAHIAcgBvAHIAQQBjAHQAaQBvAG4AUAByAGUAZgBlAHIAZQBuAGMAZQAgAD0AIAAnAFMAdABvAHAAJwANAAoAdAByAHkAIAB7AA0ACgAkAFAAcgBvAGcAcgBlAHMAcwBQAHIAZQBmAGUAcgBlAG4AYwBlACAAPQAgACcAUwBpAGwAZQBuAHQAbAB5AEMAbwBuAHQAaQBuAHUAZQAnAA0ACgANAAoAJABiAGEAcwBlACAAIAAgACAAIAAgAD0AIAAnAEMAOgBcAFQAbwBvAGwAcwBcAFMAaQBnAG0AYQAnAA0ACgAkAGMAaABhAGkAbgBzAGEAdwAgACAAPQAgAEoAbwBpAG4ALQBQAGEAdABoACAAJABiAGEAcwBlACAAJwBjAGgAYQBpAG4AcwBhAHcAXABjAGgAYQBpAG4AcwBhAHcALgBlAHgAZQAnAA0ACgAkAG0AYQBwACAAIAAgACAAIAAgACAAPQAgAEoAbwBpAG4ALQBQAGEAdABoACAAJABiAGEAcwBlACAAJwBjAGgAYQBpAG4AcwBhAHcAXABtAGEAcABwAGkAbgBnAHMAXABzAGkAZwBtAGEALQBlAHYAZQBuAHQALQBsAG8AZwBzAC0AYQBsAGwALgB5AG0AbAAnAA0ACgAkAG8AdQB0ACAAIAAgACAAIAAgACAAPQAgAEoAbwBpAG4ALQBQAGEAdABoACAAJABiAGEAcwBlACAAJwBvAHUAdAAnAA0ACgAkAHIAdQBsAGUAcwAgACAAIAAgACAAPQAgACcAQwA6AFwAVABlAG0AcABcAGQAZQB0AGUAYwBoAHQAaQB2AGUAXwByAHUAbABlAHMAXwAyADAAMgA2ADAAMwAxADYAXwAwADkANQA3ADEANgBcAGQAZQB0AGUAYwBoAHQAaQB2AGUAXwB0AGUAcwB0AF8AaQBwAGMAbwBuAGYAaQBnAC4AeQBtAGwAJwANAAoAJAB0AGEAcgBnAGUAdABMAG8AZwAgAD0AIAAnAEMAOgBcAFcAaQBuAGQAbwB3AHMAXABTAHkAcwB0AGUAbQAzADIAXAB3AGkAbgBlAHYAdABcAEwAbwBnAHMAXABNAGkAYwByAG8AcwBvAGYAdAAtAFcAaQBuAGQAbwB3AHMALQBTAHkAcwBtAG8AbgAlADQATwBwAGUAcgBhAHQAaQBvAG4AYQBsAC4AZQB2AHQAeAAnAA0ACgANAAoAaQBmACAAKAAhACgAVABlAHMAdAAtAFAAYQB0AGgAIAAkAGMAaABhAGkAbgBzAGEAdwApACkAIAB7ACAAdABoAHIAbwB3ACAAIgBjAGgAYQBpAG4AcwBhAHcALgBlAHgAZQAgAG0AaQBzAHMAaQBuAGcAIABhAHQAIAAkAGMAaABhAGkAbgBzAGEAdwAiACAAfQANAAoAaQBmACAAKAAhACgAVABlAHMAdAAtAFAAYQB0AGgAIAAkAG0AYQBwACkAKQAgACAAIAAgACAAIAB7ACAAdABoAHIAbwB3ACAAIgBtAGEAcABwAGkAbgBnACAAbQBpAHMAcwBpAG4AZwAgAGEAdAAgACQAbQBhAHAAIgAgAH0ADQAKAGkAZgAgACgAIQAoAFQAZQBzAHQALQBQAGEAdABoACAAJAByAHUAbABlAHMAKQApACAAIAAgACAAewAgAHQAaAByAG8AdwAgACIAcgB1AGwAZQBzACAAcABhAHQAaAAgAG0AaQBzAHMAaQBuAGcAIABhAHQAIAAkAHIAdQBsAGUAcwAiACAAfQANAAoAaQBmACAAKAAhACgAVABlAHMAdAAtAFAAYQB0AGgAIAAkAHQAYQByAGcAZQB0AEwAbwBnACkAKQAgAHsAIAB0AGgAcgBvAHcAIAAiAFQAYQByAGcAZQB0ACAAbABvAGcAIABwAGEAdABoACAAbgBvAHQAIABmAG8AdQBuAGQAIABhAHQAIAAkAHQAYQByAGcAZQB0AEwAbwBnACIAIAB9AA0ACgANAAoATgBlAHcALQBJAHQAZQBtACAALQBJAHQAZQBtAFQAeQBwAGUAIABEAGkAcgBlAGMAdABvAHIAeQAgAC0ARgBvAHIAYwBlACAAJABvAHUAdAAgAHwAIABPAHUAdAAtAE4AdQBsAGwADQAKAA0ACgAkAHQAbwAgACAAIAAgACAAIAA9ACAAKABHAGUAdAAtAEQAYQB0AGUAKQAuAFQAbwBVAG4AaQB2AGUAcgBzAGEAbABUAGkAbQBlACgAKQANAAoAJABmAHIAbwBtACAAIAAgACAAPQAgACQAdABvAC4AQQBkAGQATQBpAG4AdQB0AGUAcwAoAC0AMQA1ACkADQAKACQAZgByAG8AbQBTAHQAcgAgAD0AIAAkAGYAcgBvAG0ALgBUAG8AUwB0AHIAaQBuAGcAKAAnAHkAeQB5AHkALQBNAE0ALQBkAGQAVABIAEgAOgBtAG0AOgBzAHMAJwApAA0ACgAkAHQAbwBTAHQAcgAgACAAIAA9ACAAJAB0AG8ALgBUAG8AUwB0AHIAaQBuAGcAKAAnAHkAeQB5AHkALQBNAE0ALQBkAGQAVABIAEgAOgBtAG0AOgBzAHMAJwApAA0ACgANAAoAJABzAHQAYQBtAHAAIAAgACAAPQAgACgARwBlAHQALQBEAGEAdABlACkALgBUAG8AUwB0AHIAaQBuAGcAKAAnAHkAeQB5AHkATQBNAGQAZABfAEgASABtAG0AcwBzACcAKQANAAoAJABvAHUAdABGAGkAbABlACAAPQAgAEoAbwBpAG4ALQBQAGEAdABoACAAJABvAHUAdAAgACgAJwBzAGkAZwBtAGEAXwAnACAAKwAgACQAZQBuAHYAOgBDAE8ATQBQAFUAVABFAFIATgBBAE0ARQAgACsAIAAnAF8AJwAgACsAIAAkAHMAdABhAG0AcAAgACsAIAAnAC4AagBzAG8AbgAnACkADQAKAA0ACgAkAEMAaABhAGkAbgBzAGEAdwBQAGEAcgBhAG0AcwAgAD0AIABAACgADQAKACAAIAAnAGgAdQBuAHQAJwAsACAAJAB0AGEAcgBnAGUAdABMAG8AZwAsAA0ACgAgACAAJwAtAHMAJwAsACAAJAByAHUAbABlAHMALAANAAoAIAAgACcALQBtACcALAAgACQAbQBhAHAALAANAAoAIAAgACcALQAtAGoAcwBvAG4AJwAsAA0ACgAgACAAJwAtAG8AJwAsACAAJABvAHUAdABGAGkAbABlACwADQAKACAAIAAnAC0ALQBzAGsAaQBwAC0AZQByAHIAbwByAHMAJwAsAA0ACgAgACAAJwAtAHEAJwANAAoAKQANAAoADQAKAGkAZgAgACgALQBuAG8AdAAgACQAZgBhAGwAcwBlACkAIAB7AA0ACgAgACAAIAAgACQAQwBoAGEAaQBuAHMAYQB3AFAAYQByAGEAbQBzACAAKwA9ACAAJwAtAC0AZgByAG8AbQAnAA0ACgAgACAAIAAgACQAQwBoAGEAaQBuAHMAYQB3AFAAYQByAGEAbQBzACAAKwA9ACAAJABmAHIAbwBtAFMAdAByAA0ACgAgACAAIAAgACQAQwBoAGEAaQBuAHMAYQB3AFAAYQByAGEAbQBzACAAKwA9ACAAJwAtAC0AdABvACcADQAKACAAIAAgACAAJABDAGgAYQBpAG4AcwBhAHcAUABhAHIAYQBtAHMAIAArAD0AIAAkAHQAbwBTAHQAcgANAAoAfQANAAoADQAKACYAIAAkAGMAaABhAGkAbgBzAGEAdwAgAEAAQwBoAGEAaQBuAHMAYQB3AFAAYQByAGEAbQBzACAAfAAgAE8AdQB0AC0ATgB1AGwAbAANAAoAJABjAGgAYQBpAG4AcwBhAHcARQB4AGkAdAAgAD0AIAAkAEwAQQBTAFQARQBYAEkAVABDAE8ARABFAA0ACgANAAoAaQBmACAAKAAkAGMAaABhAGkAbgBzAGEAdwBFAHgAaQB0ACAALQBuAGUAIAAwACkAIAB7AA0ACgAgACAAIAAgAHQAaAByAG8AdwAgACIAQwBoAGEAaQBuAHMAYQB3ACAAZQB4AGkAdABlAGQAIAB3AGkAdABoACAAYwBvAGQAZQAgACQAYwBoAGEAaQBuAHMAYQB3AEUAeABpAHQAIgANAAoAfQANAAoADQAKAGkAZgAgACgAIQAoAFQAZQBzAHQALQBQAGEAdABoACAAJABvAHUAdABGAGkAbABlACkAKQAgAHsADQAKACAAIAAgACAAdABoAHIAbwB3ACAAIgBDAGgAYQBpAG4AcwBhAHcAIABkAGkAZAAgAG4AbwB0ACAAcAByAG8AZAB1AGMAZQAgAGEAbgAgAG8AdQB0AHAAdQB0ACAAZgBpAGwAZQAuACIADQAKAH0ADQAKAA0ACgBXAHIAaQB0AGUALQBPAHUAdABwAHUAdAAgACIAUgBFAFMAVQBMAFQAXwBQAEEAVABIADoAJABvAHUAdABGAGkAbABlACIADQAKAFcAcgBpAHQAZQAtAE8AdQB0AHAAdQB0ACAAIgBSAEUAUwBVAEwAVABfAEUAWABJAFQAQwBPAEQARQA6ACQAYwBoAGEAaQBuAHMAYQB3AEUAeABpAHQAIgANAAoAZQB4AGkAdAAgADAADQAKAH0ADQAKAGMAYQB0AGMAaAAgAHsADQAKACAAIAAgACAAVwByAGkAdABlAC0ARQByAHIAbwByACAAKAAkAF8AIAB8ACAATwB1AHQALQBTAHQAcgBpAG4AZwApAA0ACgAgACAAIAAgAGUAeABpAHQAIAAxAA0ACgB9AA==","Product":"-","Company":"-","ParentProcessId":636,"ParentUser":"DESKTOP-DTGLPQE\\don","LogonGuid":"24C9C544-366D-69B8-7134-6B0000000000","Hashes":"SHA256=E6B5C767FA745C5E23BD64B95B043AF11D054E4E15DC96A5EE02C27DD40C0DBE","ParentProcessGuid":"24C9C544-366E-69B8-8E05-000000002A00","ProcessId":4232,"CurrentDirectory":"C:\\Users\\don\\","ProcessGuid":"24C9C544-366E-69B8-8F05-000000002A00","CommandLine":"\"C:\\Tools\\Sigma\\chainsaw\\chainsaw.exe\" hunt C:\\Windows\\System32\\winevt\\Logs\\Microsoft-Windows-Sysmon%%4Operational.evtx -s C:\\Temp\\detechtive_rules_20260316_095716\\detechtive_test_ipconfig.yml -m C:\\Tools\\Sigma\\chainsaw\\mappings\\sigma-event-logs-all.yml --json -o C:\\Tools\\Sigma\\out\\sigma_DESKTOP-DTGLPQE_20260316_095718.json --skip-errors -q --from 2026-03-16T16:42:18 --to 2026-03-16T16:57:18","FileVersion":"-","User":"DESKTOP-DTGLPQE\\don","LogonId":"0x6b3471","IntegrityLevel":"High","ParentImage":"C:\\Windows\\System32\\WindowsPowerShell\\v1.0\\powershell.exe","UtcTime":"2026-03-16 16:57:18.502"},"System":{"EventID":1,"Level":4,"Provider_attributes":{"Name":"Microsoft-Windows-Sysmon","Guid":"5770385F-C22A-43E0-BF4C-06F5698FFBD9"},"Version":5,"Task":1,"Opcode":0,"TimeCreated_attributes":{"SystemTime":"2026-03-16T16:57:18.504407Z"},"Execution_attributes":{"ProcessID":2132,"ThreadID":3368},"Correlation":null,"Keywords":"0x8000000000000000","Security_attributes":{"UserID":"S-1-5-18"},"EventRecordID":23589,"Channel":"Microsoft-Windows-Sysmon/Operational","Computer":"DESKTOP-DTGLPQE"}},"Event_attributes":{"xmlns":"http://schemas.microsoft.com/win/2004/08/events/event"}}},"name":"DeTechTive Test - ipconfig execution","timestamp":"2026-03-16T16:57:18.504407+00:00","authors":["DeTechTive"],"level":"low","source":"sigma","status":"experimental","id":"7060e4bd-9d0e-4c24-9384-8e4f0cb08940","logsource":{"category":"process_creation","product":"windows"}},{"group":"Sigma","kind":"individual","document":{"kind":"evtx","path":"C:\\Windows\\System32\\winevt\\Logs\\Microsoft-Windows-Sysmon%4Operational.evtx","data":{"Event":{"EventData":{"Image":"C:\\Windows\\System32\\ipconfig.exe","RuleName":"-","Description":"IP Configuration Utility","OriginalFileName":"ipconfig.exe","TerminalSessionId":1,"ParentCommandLine":"C:\\Windows\\System32\\WindowsPowerShell\\v1.0\\powershell.exe","Product":"Microsoft® Windows® Operating System","Company":"Microsoft Corporation","ParentProcessId":5340,"ParentUser":"DESKTOP-DTGLPQE\\don","LogonGuid":"24C9C544-8C0B-69B7-8359-060000000000","Hashes":"SHA256=53E000F5AA9B3A00934319DB8080BB99CB323BF48FC628A64F75D7847C265606","ParentProcessGuid":"24C9C544-9B16-69B7-3401-000000002A00","ProcessId":2880,"CurrentDirectory":"C:\\Users\\don\\","ProcessGuid":"24C9C544-36C1-69B8-9305-000000002A00","CommandLine":"\"C:\\Windows\\system32\\ipconfig.exe\"","FileVersion":"10.0.19041.1 (WinBuild.160101.0800)","User":"DESKTOP-DTGLPQE\\don","LogonId":"0x65983","IntegrityLevel":"Medium","ParentImage":"C:\\Windows\\System32\\WindowsPowerShell\\v1.0\\powershell.exe","UtcTime":"2026-03-16 16:58:41.466"},"System":{"EventID":1,"Level":4,"Provider_attributes":{"Name":"Microsoft-Windows-Sysmon","Guid":"5770385F-C22A-43E0-BF4C-06F5698FFBD9"},"Version":5,"Task":1,"Opcode":0,"TimeCreated_attributes":{"SystemTime":"2026-03-16T16:58:41.468311Z"},"Execution_attributes":{"ProcessID":2132,"ThreadID":3368},"Correlation":null,"Keywords":"0x8000000000000000","Security_attributes":{"UserID":"S-1-5-18"},"EventRecordID":23600,"Channel":"Microsoft-Windows-Sysmon/Operational","Computer":"DESKTOP-DTGLPQE"}},"Event_attributes":{"xmlns":"http://schemas.microsoft.com/win/2004/08/events/event"}}},"name":"DeTechTive Test - ipconfig execution","timestamp":"2026-03-16T16:58:41.468311+00:00","authors":["DeTechTive"],"level":"low","source":"sigma","status":"experimental","id":"7060e4bd-9d0e-4c24-9384-8e4f0cb08940","logsource":{"category":"process_creation","product":"windows"}},{"group":"Sigma","kind":"individual","document":{"kind":"evtx","path":"C:\\Windows\\System32\\winevt\\Logs\\Microsoft-Windows-Sysmon%4Operational.evtx","data":{"Event":{"EventData":{"Image":"C:\\Windows\\System32\\cmd.exe","RuleName":"-","Description":"Windows Command Processor","OriginalFileName":"Cmd.Exe","TerminalSessionId":0,"ParentCommandLine":"\"C:\\Windows\\System32\\OpenSSH\\sshd.exe\" -z","Product":"Microsoft® Windows® Operating System","Company":"Microsoft Corporation","ParentProcessId":5988,"ParentUser":"DESKTOP-DTGLPQE\\don","LogonGuid":"24C9C544-36CD-69B8-B3B1-6B0000000000","Hashes":"SHA256=BADF4752413CB0CBDC03FB95820CA167F0CDC63B597CCDB5EF43111180E088B0","ParentProcessGuid":"24C9C544-36CD-69B8-9705-000000002A00","ProcessId":3756,"CurrentDirectory":"C:\\Users\\don\\","ProcessGuid":"24C9C544-36CD-69B8-9805-000000002A00","CommandLine":"\"c:\\windows\\system32\\cmd.exe\" /c \"powershell.exe -NoLogo -NoProfile -NonInteractive -Command \\Get-WinEvent -LogName \u0027Microsoft-Windows-Sysmon/Operational\u0027 -MaxEvents 200 | Where-Object { .Id -eq 1 } | ForEach-Object { [xml].ToXml() } | ForEach-Object {  = .Event.EventData.Data; [PSCustomObject]@{ UtcTime=( | Where-Object Name -eq \u0027UtcTime\u0027).\u0027#text\u0027; Image=( | Where-Object Name -eq \u0027Image\u0027).\u0027#text\u0027; CommandLine=( | Where-Object Name -eq \u0027CommandLine\u0027).\u0027#text\u0027; OriginalFileName=( | Where-Object Name -eq \u0027OriginalFileName\u0027).\u0027#text\u0027 } } | Where-Object { .Image -match \u0027whoami|ipconfig\u0027 -or .CommandLine -match \u0027whoami|ipconfig\u0027 -or .OriginalFileName -match \u0027whoami|ipconfig\u0027 } | Select-Object -First 20 | ConvertTo-Json -Compress\"\"","FileVersion":"10.0.19041.4355 (WinBuild.160101.0800)","User":"DESKTOP-DTGLPQE\\don","LogonId":"0x6bb1b3","IntegrityLevel":"High","ParentImage":"C:\\Windows\\System32\\OpenSSH\\sshd.exe","UtcTime":"2026-03-16 16:58:53.402"},"System":{"EventID":1,"Level":4,"Provider_attributes":{"Name":"Microsoft-Windows-Sysmon","Guid":"5770385F-C22A-43E0-BF4C-06F5698FFBD9"},"Version":5,"Task":1,"Opcode":0,"TimeCreated_attributes":{"SystemTime":"2026-03-16T16:58:53.419897Z"},"Execution_attributes":{"ProcessID":2132,"ThreadID":3368},"Correlation":null,"Keywords":"0x8000000000000000","Security_attributes":{"UserID":"S-1-5-18"},"EventRecordID":23607,"Channel":"Microsoft-Windows-Sysmon/Operational","Computer":"DESKTOP-DTGLPQE"}},"Event_attributes":{"xmlns":"http://schemas.microsoft.com/win/2004/08/events/event"}}},"name":"DeTechTive Test - ipconfig execution","timestamp":"2026-03-16T16:58:53.419897+00:00","authors":["DeTechTive"],"level":"low","source":"sigma","status":"experimental","id":"7060e4bd-9d0e-4c24-9384-8e4f0cb08940","logsource":{"category":"process_creation","product":"windows"}},{"group":"Sigma","kind":"individual","document":{"kind":"evtx","path":"C:\\Windows\\System32\\winevt\\Logs\\Microsoft-Windows-Sysmon%4Operational.evtx","data":{"Event":{"EventData":{"Image":"C:\\Tools\\Sigma\\chainsaw\\chainsaw.exe","RuleName":"-","Description":"-","OriginalFileName":"-","TerminalSessionId":0,"ParentCommandLine":"powershell  -NoProfile -NonInteractive -ExecutionPolicy Bypass -EncodedCommand JABFAHIAcgBvAHIAQQBjAHQAaQBvAG4AUAByAGUAZgBlAHIAZQBuAGMAZQAgAD0AIAAnAFMAdABvAHAAJwANAAoAdAByAHkAIAB7AA0ACgAkAFAAcgBvAGcAcgBlAHMAcwBQAHIAZQBmAGUAcgBlAG4AYwBlACAAPQAgACcAUwBpAGwAZQBuAHQAbAB5AEMAbwBuAHQAaQBuAHUAZQAnAA0ACgANAAoAJABiAGEAcwBlACAAIAAgACAAIAAgAD0AIAAnAEMAOgBcAFQAbwBvAGwAcwBcAFMAaQBnAG0AYQAnAA0ACgAkAGMAaABhAGkAbgBzAGEAdwAgACAAPQAgAEoAbwBpAG4ALQBQAGEAdABoACAAJABiAGEAcwBlACAAJwBjAGgAYQBpAG4AcwBhAHcAXABjAGgAYQBpAG4AcwBhAHcALgBlAHgAZQAnAA0ACgAkAG0AYQBwACAAIAAgACAAIAAgACAAPQAgAEoAbwBpAG4ALQBQAGEAdABoACAAJABiAGEAcwBlACAAJwBjAGgAYQBpAG4AcwBhAHcAXABtAGEAcABwAGkAbgBnAHMAXABzAGkAZwBtAGEALQBlAHYAZQBuAHQALQBsAG8AZwBzAC0AYQBsAGwALgB5AG0AbAAnAA0ACgAkAG8AdQB0ACAAIAAgACAAIAAgACAAPQAgAEoAbwBpAG4ALQBQAGEAdABoACAAJABiAGEAcwBlACAAJwBvAHUAdAAnAA0ACgAkAHIAdQBsAGUAcwAgACAAIAAgACAAPQAgACcAQwA6AFwAVABlAG0AcABcAGQAZQB0AGUAYwBoAHQAaQB2AGUAXwByAHUAbABlAHMAXwAyADAAMgA2ADAAMwAxADYAXwAxADAAMgAzADMANQBcAGQAZQB0AGUAYwBoAHQAaQB2AGUAXwB0AGUAcwB0AF8AaQBwAGMAbwBuAGYAaQBnAC4AeQBtAGwAJwANAAoAJAB0AGEAcgBnAGUAdABMAG8AZwAgAD0AIAAnAEMAOgBcAFcAaQBuAGQAbwB3AHMAXABTAHkAcwB0AGUAbQAzADIAXAB3AGkAbgBlAHYAdABcAEwAbwBnAHMAXABNAGkAYwByAG8AcwBvAGYAdAAtAFcAaQBuAGQAbwB3AHMALQBTAHkAcwBtAG8AbgAlADQATwBwAGUAcgBhAHQAaQBvAG4AYQBsAC4AZQB2AHQAeAAnAA0ACgANAAoAaQBmACAAKAAhACgAVABlAHMAdAAtAFAAYQB0AGgAIAAkAGMAaABhAGkAbgBzAGEAdwApACkAIAB7ACAAdABoAHIAbwB3ACAAIgBjAGgAYQBpAG4AcwBhAHcALgBlAHgAZQAgAG0AaQBzAHMAaQBuAGcAIABhAHQAIAAkAGMAaABhAGkAbgBzAGEAdwAiACAAfQANAAoAaQBmACAAKAAhACgAVABlAHMAdAAtAFAAYQB0AGgAIAAkAG0AYQBwACkAKQAgACAAIAAgACAAIAB7ACAAdABoAHIAbwB3ACAAIgBtAGEAcABwAGkAbgBnACAAbQBpAHMAcwBpAG4AZwAgAGEAdAAgACQAbQBhAHAAIgAgAH0ADQAKAGkAZgAgACgAIQAoAFQAZQBzAHQALQBQAGEAdABoACAAJAByAHUAbABlAHMAKQApACAAIAAgACAAewAgAHQAaAByAG8AdwAgACIAcgB1AGwAZQBzACAAcABhAHQAaAAgAG0AaQBzAHMAaQBuAGcAIABhAHQAIAAkAHIAdQBsAGUAcwAiACAAfQANAAoAaQBmACAAKAAhACgAVABlAHMAdAAtAFAAYQB0AGgAIAAkAHQAYQByAGcAZQB0AEwAbwBnACkAKQAgAHsAIAB0AGgAcgBvAHcAIAAiAFQAYQByAGcAZQB0ACAAbABvAGcAIABwAGEAdABoACAAbgBvAHQAIABmAG8AdQBuAGQAIABhAHQAIAAkAHQAYQByAGcAZQB0AEwAbwBnACIAIAB9AA0ACgANAAoATgBlAHcALQBJAHQAZQBtACAALQBJAHQAZQBtAFQAeQBwAGUAIABEAGkAcgBlAGMAdABvAHIAeQAgAC0ARgBvAHIAYwBlACAAJABvAHUAdAAgAHwAIABPAHUAdAAtAE4AdQBsAGwADQAKAA0ACgAkAHQAbwAgACAAIAAgACAAIAA9ACAARwBlAHQALQBEAGEAdABlAAoAJABmAHIAbwBtACAAIAAgACAAPQAgACQAdABvAC4AQQBkAGQATQBpAG4AdQB0AGUAcwAoAC0AMQA1ACkACgAkAGYAcgBvAG0AUwB0AHIAIAA9ACAAJABmAHIAbwBtAC4AVABvAFMAdAByAGkAbgBnACgAJwB5AHkAeQB5AC0ATQBNAC0AZABkAFQASABIADoAbQBtADoAcwBzACcAKQAKACQAdABvAFMAdAByACAAIAAgAD0AIAAkAHQAbwAuAFQAbwBTAHQAcgBpAG4AZwAoACcAeQB5AHkAeQAtAE0ATQAtAGQAZABUAEgASAA6AG0AbQA6AHMAcwAnACkACgANAAoAJABzAHQAYQBtAHAAIAAgACAAPQAgACgARwBlAHQALQBEAGEAdABlACkALgBUAG8AUwB0AHIAaQBuAGcAKAAnAHkAeQB5AHkATQBNAGQAZABfAEgASABtAG0AcwBzACcAKQANAAoAJABvAHUAdABGAGkAbABlACAAPQAgAEoAbwBpAG4ALQBQAGEAdABoACAAJABvAHUAdAAgACgAJwBzAGkAZwBtAGEAXwAnACAAKwAgACQAZQBuAHYAOgBDAE8ATQBQAFUAVABFAFIATgBBAE0ARQAgACsAIAAnAF8AJwAgACsAIAAkAHMAdABhAG0AcAAgACsAIAAnAC4AagBzAG8AbgAnACkADQAKAA0ACgAkAEMAaABhAGkAbgBzAGEAdwBQAGEAcgBhAG0AcwAgAD0AIABAACgADQAKACAAIAAnAGgAdQBuAHQAJwAsACAAJAB0AGEAcgBnAGUAdABMAG8AZwAsAA0ACgAgACAAJwAtAHMAJwAsACAAJAByAHUAbABlAHMALAANAAoAIAAgACcALQBtACcALAAgACQAbQBhAHAALAANAAoAIAAgACcALQAtAGoAcwBvAG4AJwAsAA0ACgAgACAAJwAtAG8AJwAsACAAJABvAHUAdABGAGkAbABlACwADQAKACAAIAAnAC0ALQBzAGsAaQBwAC0AZQByAHIAbwByAHMAJwAsAA0ACgAgACAAJwAtAHEAJwANAAoAKQANAAoADQAKAGkAZgAgACgALQBuAG8AdAAgACQAZgBhAGwAcwBlACkAIAB7AA0ACgAgACAAIAAgACQAQwBoAGEAaQBuAHMAYQB3AFAAYQByAGEAbQBzACAAKwA9ACAAJwAtAC0AZgByAG8AbQAnAA0ACgAgACAAIAAgACQAQwBoAGEAaQBuAHMAYQB3AFAAYQByAGEAbQBzACAAKwA9ACAAJABmAHIAbwBtAFMAdAByAA0ACgAgACAAIAAgACQAQwBoAGEAaQBuAHMAYQB3AFAAYQByAGEAbQBzACAAKwA9ACAAJwAtAC0AdABvACcADQAKACAAIAAgACAAJABDAGgAYQBpAG4AcwBhAHcAUABhAHIAYQBtAHMAIAArAD0AIAAkAHQAbwBTAHQAcgANAAoAfQANAAoADQAKACYAIAAkAGMAaABhAGkAbgBzAGEAdwAgAEAAQwBoAGEAaQBuAHMAYQB3AFAAYQByAGEAbQBzACAAfAAgAE8AdQB0AC0ATgB1AGwAbAANAAoAJABjAGgAYQBpAG4AcwBhAHcARQB4AGkAdAAgAD0AIAAkAEwAQQBTAFQARQBYAEkAVABDAE8ARABFAA0ACgANAAoAaQBmACAAKAAkAGMAaABhAGkAbgBzAGEAdwBFAHgAaQB0ACAALQBuAGUAIAAwACkAIAB7AA0ACgAgACAAIAAgAHQAaAByAG8AdwAgACIAQwBoAGEAaQBuAHMAYQB3ACAAZQB4AGkAdABlAGQAIAB3AGkAdABoACAAYwBvAGQAZQAgACQAYwBoAGEAaQBuAHMAYQB3AEUAeABpAHQAIgANAAoAfQANAAoADQAKAGkAZgAgACgAIQAoAFQAZQBzAHQALQBQAGEAdABoACAAJABvAHUAdABGAGkAbABlACkAKQAgAHsADQAKACAAIAAgACAAdABoAHIAbwB3ACAAIgBDAGgAYQBpAG4AcwBhAHcAIABkAGkAZAAgAG4AbwB0ACAAcAByAG8AZAB1AGMAZQAgAGEAbgAgAG8AdQB0AHAAdQB0ACAAZgBpAGwAZQAuACIADQAKAH0ADQAKAA0ACgBXAHIAaQB0AGUALQBPAHUAdABwAHUAdAAgACIAUgBFAFMAVQBMAFQAXwBQAEEAVABIADoAJABvAHUAdABGAGkAbABlACIADQAKAFcAcgBpAHQAZQAtAE8AdQB0AHAAdQB0ACAAIgBSAEUAUwBVAEwAVABfAEUAWABJAFQAQwBPAEQARQA6ACQAYwBoAGEAaQBuAHMAYQB3AEUAeABpAHQAIgANAAoAZQB4AGkAdAAgADAADQAKAH0ADQAKAGMAYQB0AGMAaAAgAHsADQAKACAAIAAgACAAVwByAGkAdABlAC0ARQByAHIAbwByACAAKAAkAF8AIAB8ACAATwB1AHQALQBTAHQAcgBpAG4AZwApAA0ACgAgACAAIAAgAGUAeABpAHQAIAAxAA0ACgB9AA==","Product":"-","Company":"-","ParentProcessId":288,"ParentUser":"DESKTOP-DTGLPQE\\don","LogonGuid":"24C9C544-3C98-69B8-6D40-710000000000","Hashes":"SHA256=E6B5C767FA745C5E23BD64B95B043AF11D054E4E15DC96A5EE02C27DD40C0DBE","ParentProcessGuid":"24C9C544-3C98-69B8-7E06-000000002A00","ProcessId":2460,"CurrentDirectory":"C:\\Users\\don\\","ProcessGuid":"24C9C544-3C98-69B8-7F06-000000002A00","CommandLine":"\"C:\\Tools\\Sigma\\chainsaw\\chainsaw.exe\" hunt C:\\Windows\\System32\\winevt\\Logs\\Microsoft-Windows-Sysmon%%4Operational.evtx -s C:\\Temp\\detechtive_rules_20260316_102335\\detechtive_test_ipconfig.yml -m C:\\Tools\\Sigma\\chainsaw\\mappings\\sigma-event-logs-all.yml --json -o C:\\Tools\\Sigma\\out\\sigma_DESKTOP-DTGLPQE_20260316_102336.json --skip-errors -q --from 2026-03-16T10:08:36 --to 2026-03-16T10:23:36","FileVersion":"-","User":"DESKTOP-DTGLPQE\\don","LogonId":"0x71406d","IntegrityLevel":"High","ParentImage":"C:\\Windows\\System32\\WindowsPowerShell\\v1.0\\powershell.exe","UtcTime":"2026-03-16 17:23:36.998"},"System":{"EventID":1,"Level":4,"Provider_attributes":{"Name":"Microsoft-Windows-Sysmon","Guid":"5770385F-C22A-43E0-BF4C-06F5698FFBD9"},"Version":5,"Task":1,"Opcode":0,"TimeCreated_attributes":{"SystemTime":"2026-03-16T17:23:37.000176Z"},"Execution_attributes":{"ProcessID":2132,"ThreadID":3368},"Correlation":null,"Keywords":"0x8000000000000000","Security_attributes":{"UserID":"S-1-5-18"},"EventRecordID":24065,"Channel":"Microsoft-Windows-Sysmon/Operational","Computer":"DESKTOP-DTGLPQE"}},"Event_attributes":{"xmlns":"http://schemas.microsoft.com/win/2004/08/events/event"}}},"name":"DeTechTive Test - ipconfig execution","timestamp":"2026-03-16T17:23:37.000176+00:00","authors":["DeTechTive"],"level":"low","source":"sigma","status":"experimental","id":"7060e4bd-9d0e-4c24-9384-8e4f0cb08940","logsource":{"category":"process_creation","product":"windows"}},{"group":"Sigma","kind":"individual","document":{"kind":"evtx","path":"C:\\Windows\\System32\\winevt\\Logs\\Microsoft-Windows-Sysmon%4Operational.evtx","data":{"Event":{"EventData":{"Image":"C:\\Tools\\Sigma\\chainsaw\\chainsaw.exe","RuleName":"-","Description":"-","OriginalFileName":"-","TerminalSessionId":0,"ParentCommandLine":"powershell  -NoProfile -NonInteractive -ExecutionPolicy Bypass -EncodedCommand JABFAHIAcgBvAHIAQQBjAHQAaQBvAG4AUAByAGUAZgBlAHIAZQBuAGMAZQAgAD0AIAAnAFMAdABvAHAAJwANAAoAdAByAHkAIAB7AA0ACgAkAFAAcgBvAGcAcgBlAHMAcwBQAHIAZQBmAGUAcgBlAG4AYwBlACAAPQAgACcAUwBpAGwAZQBuAHQAbAB5AEMAbwBuAHQAaQBuAHUAZQAnAA0ACgANAAoAJABiAGEAcwBlACAAIAAgACAAIAAgAD0AIAAnAEMAOgBcAFQAbwBvAGwAcwBcAFMAaQBnAG0AYQAnAA0ACgAkAGMAaABhAGkAbgBzAGEAdwAgACAAPQAgAEoAbwBpAG4ALQBQAGEAdABoACAAJABiAGEAcwBlACAAJwBjAGgAYQBpAG4AcwBhAHcAXABjAGgAYQBpAG4AcwBhAHcALgBlAHgAZQAnAA0ACgAkAG0AYQBwACAAIAAgACAAIAAgACAAPQAgAEoAbwBpAG4ALQBQAGEAdABoACAAJABiAGEAcwBlACAAJwBjAGgAYQBpAG4AcwBhAHcAXABtAGEAcABwAGkAbgBnAHMAXABzAGkAZwBtAGEALQBlAHYAZQBuAHQALQBsAG8AZwBzAC0AYQBsAGwALgB5AG0AbAAnAA0ACgAkAG8AdQB0ACAAIAAgACAAIAAgACAAPQAgAEoAbwBpAG4ALQBQAGEAdABoACAAJABiAGEAcwBlACAAJwBvAHUAdAAnAA0ACgAkAHIAdQBsAGUAcwAgACAAIAAgACAAPQAgACcAQwA6AFwAVABlAG0AcABcAGQAZQB0AGUAYwBoAHQAaQB2AGUAXwByAHUAbABlAHMAXwAyADAAMgA2ADAAMwAxADYAXwAxADAAMgAzADQAMABcAGQAZQB0AGUAYwBoAHQAaQB2AGUAXwB0AGUAcwB0AF8AaQBwAGMAbwBuAGYAaQBnAC4AeQBtAGwAJwANAAoAJAB0AGEAcgBnAGUAdABMAG8AZwAgAD0AIAAnAEMAOgBcAFcAaQBuAGQAbwB3AHMAXABTAHkAcwB0AGUAbQAzADIAXAB3AGkAbgBlAHYAdABcAEwAbwBnAHMAXABNAGkAYwByAG8AcwBvAGYAdAAtAFcAaQBuAGQAbwB3AHMALQBTAHkAcwBtAG8AbgAlADQATwBwAGUAcgBhAHQAaQBvAG4AYQBsAC4AZQB2AHQAeAAnAA0ACgANAAoAaQBmACAAKAAhACgAVABlAHMAdAAtAFAAYQB0AGgAIAAkAGMAaABhAGkAbgBzAGEAdwApACkAIAB7ACAAdABoAHIAbwB3ACAAIgBjAGgAYQBpAG4AcwBhAHcALgBlAHgAZQAgAG0AaQBzAHMAaQBuAGcAIABhAHQAIAAkAGMAaABhAGkAbgBzAGEAdwAiACAAfQANAAoAaQBmACAAKAAhACgAVABlAHMAdAAtAFAAYQB0AGgAIAAkAG0AYQBwACkAKQAgACAAIAAgACAAIAB7ACAAdABoAHIAbwB3ACAAIgBtAGEAcABwAGkAbgBnACAAbQBpAHMAcwBpAG4AZwAgAGEAdAAgACQAbQBhAHAAIgAgAH0ADQAKAGkAZgAgACgAIQAoAFQAZQBzAHQALQBQAGEAdABoACAAJAByAHUAbABlAHMAKQApACAAIAAgACAAewAgAHQAaAByAG8AdwAgACIAcgB1AGwAZQBzACAAcABhAHQAaAAgAG0AaQBzAHMAaQBuAGcAIABhAHQAIAAkAHIAdQBsAGUAcwAiACAAfQANAAoAaQBmACAAKAAhACgAVABlAHMAdAAtAFAAYQB0AGgAIAAkAHQAYQByAGcAZQB0AEwAbwBnACkAKQAgAHsAIAB0AGgAcgBvAHcAIAAiAFQAYQByAGcAZQB0ACAAbABvAGcAIABwAGEAdABoACAAbgBvAHQAIABmAG8AdQBuAGQAIABhAHQAIAAkAHQAYQByAGcAZQB0AEwAbwBnACIAIAB9AA0ACgANAAoATgBlAHcALQBJAHQAZQBtACAALQBJAHQAZQBtAFQAeQBwAGUAIABEAGkAcgBlAGMAdABvAHIAeQAgAC0ARgBvAHIAYwBlACAAJABvAHUAdAAgAHwAIABPAHUAdAAtAE4AdQBsAGwADQAKAA0ACgAkAHQAbwAgACAAIAAgACAAIAA9ACAARwBlAHQALQBEAGEAdABlAAoAJABmAHIAbwBtACAAIAAgACAAPQAgACQAdABvAC4AQQBkAGQATQBpAG4AdQB0AGUAcwAoAC0AMQA1ACkACgAkAGYAcgBvAG0AUwB0AHIAIAA9ACAAJABmAHIAbwBtAC4AVABvAFMAdAByAGkAbgBnACgAJwB5AHkAeQB5AC0ATQBNAC0AZABkAFQASABIADoAbQBtADoAcwBzACcAKQAKACQAdABvAFMAdAByACAAIAAgAD0AIAAkAHQAbwAuAFQAbwBTAHQAcgBpAG4AZwAoACcAeQB5AHkAeQAtAE0ATQAtAGQAZABUAEgASAA6AG0AbQA6AHMAcwAnACkACgANAAoAJABzAHQAYQBtAHAAIAAgACAAPQAgACgARwBlAHQALQBEAGEAdABlACkALgBUAG8AUwB0AHIAaQBuAGcAKAAnAHkAeQB5AHkATQBNAGQAZABfAEgASABtAG0AcwBzACcAKQANAAoAJABvAHUAdABGAGkAbABlACAAPQAgAEoAbwBpAG4ALQBQAGEAdABoACAAJABvAHUAdAAgACgAJwBzAGkAZwBtAGEAXwAnACAAKwAgACQAZQBuAHYAOgBDAE8ATQBQAFUAVABFAFIATgBBAE0ARQAgACsAIAAnAF8AJwAgACsAIAAkAHMAdABhAG0AcAAgACsAIAAnAC4AagBzAG8AbgAnACkADQAKAA0ACgAkAEMAaABhAGkAbgBzAGEAdwBQAGEAcgBhAG0AcwAgAD0AIABAACgADQAKACAAIAAnAGgAdQBuAHQAJwAsACAAJAB0AGEAcgBnAGUAdABMAG8AZwAsAA0ACgAgACAAJwAtAHMAJwAsACAAJAByAHUAbABlAHMALAANAAoAIAAgACcALQBtACcALAAgACQAbQBhAHAALAANAAoAIAAgACcALQAtAGoAcwBvAG4AJwAsAA0ACgAgACAAJwAtAG8AJwAsACAAJABvAHUAdABGAGkAbABlACwADQAKACAAIAAnAC0ALQBzAGsAaQBwAC0AZQByAHIAbwByAHMAJwAsAA0ACgAgACAAJwAtAHEAJwANAAoAKQANAAoADQAKAGkAZgAgACgALQBuAG8AdAAgACQAZgBhAGwAcwBlACkAIAB7AA0ACgAgACAAIAAgACQAQwBoAGEAaQBuAHMAYQB3AFAAYQByAGEAbQBzACAAKwA9ACAAJwAtAC0AZgByAG8AbQAnAA0ACgAgACAAIAAgACQAQwBoAGEAaQBuAHMAYQB3AFAAYQByAGEAbQBzACAAKwA9ACAAJABmAHIAbwBtAFMAdAByAA0ACgAgACAAIAAgACQAQwBoAGEAaQBuAHMAYQB3AFAAYQByAGEAbQBzACAAKwA9ACAAJwAtAC0AdABvACcADQAKACAAIAAgACAAJABDAGgAYQBpAG4AcwBhAHcAUABhAHIAYQBtAHMAIAArAD0AIAAkAHQAbwBTAHQAcgANAAoAfQANAAoADQAKACYAIAAkAGMAaABhAGkAbgBzAGEAdwAgAEAAQwBoAGEAaQBuAHMAYQB3AFAAYQByAGEAbQBzACAAfAAgAE8AdQB0AC0ATgB1AGwAbAANAAoAJABjAGgAYQBpAG4AcwBhAHcARQB4AGkAdAAgAD0AIAAkAEwAQQBTAFQARQBYAEkAVABDAE8ARABFAA0ACgANAAoAaQBmACAAKAAkAGMAaABhAGkAbgBzAGEAdwBFAHgAaQB0ACAALQBuAGUAIAAwACkAIAB7AA0ACgAgACAAIAAgAHQAaAByAG8AdwAgACIAQwBoAGEAaQBuAHMAYQB3ACAAZQB4AGkAdABlAGQAIAB3AGkAdABoACAAYwBvAGQAZQAgACQAYwBoAGEAaQBuAHMAYQB3AEUAeABpAHQAIgANAAoAfQANAAoADQAKAGkAZgAgACgAIQAoAFQAZQBzAHQALQBQAGEAdABoACAAJABvAHUAdABGAGkAbABlACkAKQAgAHsADQAKACAAIAAgACAAdABoAHIAbwB3ACAAIgBDAGgAYQBpAG4AcwBhAHcAIABkAGkAZAAgAG4AbwB0ACAAcAByAG8AZAB1AGMAZQAgAGEAbgAgAG8AdQB0AHAAdQB0ACAAZgBpAGwAZQAuACIADQAKAH0ADQAKAA0ACgBXAHIAaQB0AGUALQBPAHUAdABwAHUAdAAgACIAUgBFAFMAVQBMAFQAXwBQAEEAVABIADoAJABvAHUAdABGAGkAbABlACIADQAKAFcAcgBpAHQAZQAtAE8AdQB0AHAAdQB0ACAAIgBSAEUAUwBVAEwAVABfAEUAWABJAFQAQwBPAEQARQA6ACQAYwBoAGEAaQBuAHMAYQB3AEUAeABpAHQAIgANAAoAZQB4AGkAdAAgADAADQAKAH0ADQAKAGMAYQB0AGMAaAAgAHsADQAKACAAIAAgACAAVwByAGkAdABlAC0ARQByAHIAbwByACAAKAAkAF8AIAB8ACAATwB1AHQALQBTAHQAcgBpAG4AZwApAA0ACgAgACAAIAAgAGUAeABpAHQAIAAxAA0ACgB9AA==","Product":"-","Company":"-","ParentProcessId":5064,"ParentUser":"DESKTOP-DTGLPQE\\don","LogonGuid":"24C9C544-3C9D-69B8-57EC-710000000000","Hashes":"SHA256=E6B5C767FA745C5E23BD64B95B043AF11D054E4E15DC96A5EE02C27DD40C0DBE","ParentProcessGuid":"24C9C544-3C9D-69B8-A906-000000002A00","ProcessId":5608,"CurrentDirectory":"C:\\Users\\don\\","ProcessGuid":"24C9C544-3C9D-69B8-AA06-000000002A00","CommandLine":"\"C:\\Tools\\Sigma\\chainsaw\\chainsaw.exe\" hunt C:\\Windows\\System32\\winevt\\Logs\\Microsoft-Windows-Sysmon%%4Operational.evtx -s C:\\Temp\\detechtive_rules_20260316_102340\\detechtive_test_ipconfig.yml -m C:\\Tools\\Sigma\\chainsaw\\mappings\\sigma-event-logs-all.yml --json -o C:\\Tools\\Sigma\\out\\sigma_DESKTOP-DTGLPQE_20260316_102341.json --skip-errors -q --from 2026-03-16T10:08:41 --to 2026-03-16T10:23:41","FileVersion":"-","User":"DESKTOP-DTGLPQE\\don","LogonId":"0x71ec57","IntegrityLevel":"High","ParentImage":"C:\\Windows\\System32\\WindowsPowerShell\\v1.0\\powershell.exe","UtcTime":"2026-03-16 17:23:41.785"},"System":{"EventID":1,"Level":4,"Provider_attributes":{"Name":"Microsoft-Windows-Sysmon","Guid":"5770385F-C22A-43E0-BF4C-06F5698FFBD9"},"Version":5,"Task":1,"Opcode":0,"TimeCreated_attributes":{"SystemTime":"2026-03-16T17:23:41.787165Z"},"Execution_attributes":{"ProcessID":2132,"ThreadID":3368},"Correlation":null,"Keywords":"0x8000000000000000","Security_attributes":{"UserID":"S-1-5-18"},"EventRecordID":24151,"Channel":"Microsoft-Windows-Sysmon/Operational","Computer":"DESKTOP-DTGLPQE"}},"Event_attributes":{"xmlns":"http://schemas.microsoft.com/win/2004/08/events/event"}}},"name":"DeTechTive Test - ipconfig execution","timestamp":"2026-03-16T17:23:41.787165+00:00","authors":["DeTechTive"],"level":"low","source":"sigma","status":"experimental","id":"7060e4bd-9d0e-4c24-9384-8e4f0cb08940","logsource":{"category":"process_creation","product":"windows"}},{"group":"Sigma","kind":"individual","document":{"kind":"evtx","path":"C:\\Windows\\System32\\winevt\\Logs\\Microsoft-Windows-Sysmon%4Operational.evtx","data":{"Event":{"EventData":{"Image":"C:\\Tools\\Sigma\\chainsaw\\chainsaw.exe","RuleName":"-","Description":"-","OriginalFileName":"-","TerminalSessionId":0,"ParentCommandLine":"powershell  -NoProfile -NonInteractive -ExecutionPolicy Bypass -EncodedCommand JABFAHIAcgBvAHIAQQBjAHQAaQBvAG4AUAByAGUAZgBlAHIAZQBuAGMAZQAgAD0AIAAnAFMAdABvAHAAJwANAAoAdAByAHkAIAB7AA0ACgAkAFAAcgBvAGcAcgBlAHMAcwBQAHIAZQBmAGUAcgBlAG4AYwBlACAAPQAgACcAUwBpAGwAZQBuAHQAbAB5AEMAbwBuAHQAaQBuAHUAZQAnAA0ACgANAAoAJABiAGEAcwBlACAAIAAgACAAIAAgAD0AIAAnAEMAOgBcAFQAbwBvAGwAcwBcAFMAaQBnAG0AYQAnAA0ACgAkAGMAaABhAGkAbgBzAGEAdwAgACAAPQAgAEoAbwBpAG4ALQBQAGEAdABoACAAJABiAGEAcwBlACAAJwBjAGgAYQBpAG4AcwBhAHcAXABjAGgAYQBpAG4AcwBhAHcALgBlAHgAZQAnAA0ACgAkAG0AYQBwACAAIAAgACAAIAAgACAAPQAgAEoAbwBpAG4ALQBQAGEAdABoACAAJABiAGEAcwBlACAAJwBjAGgAYQBpAG4AcwBhAHcAXABtAGEAcABwAGkAbgBnAHMAXABzAGkAZwBtAGEALQBlAHYAZQBuAHQALQBsAG8AZwBzAC0AYQBsAGwALgB5AG0AbAAnAA0ACgAkAG8AdQB0ACAAIAAgACAAIAAgACAAPQAgAEoAbwBpAG4ALQBQAGEAdABoACAAJABiAGEAcwBlACAAJwBvAHUAdAAnAA0ACgAkAHIAdQBsAGUAcwAgACAAIAAgACAAPQAgACcAQwA6AFwAVABlAG0AcABcAGQAZQB0AGUAYwBoAHQAaQB2AGUAXwByAHUAbABlAHMAXwAyADAAMgA2ADAAMwAxADYAXwAxADAAMgA0ADQAOABcAGQAZQB0AGUAYwBoAHQAaQB2AGUAXwB0AGUAcwB0AF8AaQBwAGMAbwBuAGYAaQBnAC4AeQBtAGwAJwANAAoAJAB0AGEAcgBnAGUAdABMAG8AZwAgAD0AIAAnAEMAOgBcAFcAaQBuAGQAbwB3AHMAXABTAHkAcwB0AGUAbQAzADIAXAB3AGkAbgBlAHYAdABcAEwAbwBnAHMAXABNAGkAYwByAG8AcwBvAGYAdAAtAFcAaQBuAGQAbwB3AHMALQBTAHkAcwBtAG8AbgAlADQATwBwAGUAcgBhAHQAaQBvAG4AYQBsAC4AZQB2AHQAeAAnAA0ACgANAAoAaQBmACAAKAAhACgAVABlAHMAdAAtAFAAYQB0AGgAIAAkAGMAaABhAGkAbgBzAGEAdwApACkAIAB7ACAAdABoAHIAbwB3ACAAIgBjAGgAYQBpAG4AcwBhAHcALgBlAHgAZQAgAG0AaQBzAHMAaQBuAGcAIABhAHQAIAAkAGMAaABhAGkAbgBzAGEAdwAiACAAfQANAAoAaQBmACAAKAAhACgAVABlAHMAdAAtAFAAYQB0AGgAIAAkAG0AYQBwACkAKQAgACAAIAAgACAAIAB7ACAAdABoAHIAbwB3ACAAIgBtAGEAcABwAGkAbgBnACAAbQBpAHMAcwBpAG4AZwAgAGEAdAAgACQAbQBhAHAAIgAgAH0ADQAKAGkAZgAgACgAIQAoAFQAZQBzAHQALQBQAGEAdABoACAAJAByAHUAbABlAHMAKQApACAAIAAgACAAewAgAHQAaAByAG8AdwAgACIAcgB1AGwAZQBzACAAcABhAHQAaAAgAG0AaQBzAHMAaQBuAGcAIABhAHQAIAAkAHIAdQBsAGUAcwAiACAAfQANAAoAaQBmACAAKAAhACgAVABlAHMAdAAtAFAAYQB0AGgAIAAkAHQAYQByAGcAZQB0AEwAbwBnACkAKQAgAHsAIAB0AGgAcgBvAHcAIAAiAFQAYQByAGcAZQB0ACAAbABvAGcAIABwAGEAdABoACAAbgBvAHQAIABmAG8AdQBuAGQAIABhAHQAIAAkAHQAYQByAGcAZQB0AEwAbwBnACIAIAB9AA0ACgANAAoATgBlAHcALQBJAHQAZQBtACAALQBJAHQAZQBtAFQAeQBwAGUAIABEAGkAcgBlAGMAdABvAHIAeQAgAC0ARgBvAHIAYwBlACAAJABvAHUAdAAgAHwAIABPAHUAdAAtAE4AdQBsAGwADQAKAA0ACgAkAHQAbwAgACAAIAAgACAAIAA9ACAARwBlAHQALQBEAGEAdABlAAoAJABmAHIAbwBtACAAIAAgACAAPQAgACQAdABvAC4AQQBkAGQATQBpAG4AdQB0AGUAcwAoAC0ANgAwACkACgAkAGYAcgBvAG0AUwB0AHIAIAA9ACAAJABmAHIAbwBtAC4AVABvAFMAdAByAGkAbgBnACgAJwB5AHkAeQB5AC0ATQBNAC0AZABkAFQASABIADoAbQBtADoAcwBzACcAKQAKACQAdABvAFMAdAByACAAIAAgAD0AIAAkAHQAbwAuAFQAbwBTAHQAcgBpAG4AZwAoACcAeQB5AHkAeQAtAE0ATQAtAGQAZABUAEgASAA6AG0AbQA6AHMAcwAnACkACgANAAoAJABzAHQAYQBtAHAAIAAgACAAPQAgACgARwBlAHQALQBEAGEAdABlACkALgBUAG8AUwB0AHIAaQBuAGcAKAAnAHkAeQB5AHkATQBNAGQAZABfAEgASABtAG0AcwBzACcAKQANAAoAJABvAHUAdABGAGkAbABlACAAPQAgAEoAbwBpAG4ALQBQAGEAdABoACAAJABvAHUAdAAgACgAJwBzAGkAZwBtAGEAXwAnACAAKwAgACQAZQBuAHYAOgBDAE8ATQBQAFUAVABFAFIATgBBAE0ARQAgACsAIAAnAF8AJwAgACsAIAAkAHMAdABhAG0AcAAgACsAIAAnAC4AagBzAG8AbgAnACkADQAKAA0ACgAkAEMAaABhAGkAbgBzAGEAdwBQAGEAcgBhAG0AcwAgAD0AIABAACgADQAKACAAIAAnAGgAdQBuAHQAJwAsACAAJAB0AGEAcgBnAGUAdABMAG8AZwAsAA0ACgAgACAAJwAtAHMAJwAsACAAJAByAHUAbABlAHMALAANAAoAIAAgACcALQBtACcALAAgACQAbQBhAHAALAANAAoAIAAgACcALQAtAGoAcwBvAG4AJwAsAA0ACgAgACAAJwAtAG8AJwAsACAAJABvAHUAdABGAGkAbABlACwADQAKACAAIAAnAC0ALQBzAGsAaQBwAC0AZQByAHIAbwByAHMAJwAsAA0ACgAgACAAJwAtAHEAJwANAAoAKQANAAoADQAKAGkAZgAgACgALQBuAG8AdAAgACQAZgBhAGwAcwBlACkAIAB7AA0ACgAgACAAIAAgACQAQwBoAGEAaQBuAHMAYQB3AFAAYQByAGEAbQBzACAAKwA9ACAAJwAtAC0AZgByAG8AbQAnAA0ACgAgACAAIAAgACQAQwBoAGEAaQBuAHMAYQB3AFAAYQByAGEAbQBzACAAKwA9ACAAJABmAHIAbwBtAFMAdAByAA0ACgAgACAAIAAgACQAQwBoAGEAaQBuAHMAYQB3AFAAYQByAGEAbQBzACAAKwA9ACAAJwAtAC0AdABvACcADQAKACAAIAAgACAAJABDAGgAYQBpAG4AcwBhAHcAUABhAHIAYQBtAHMAIAArAD0AIAAkAHQAbwBTAHQAcgANAAoAfQANAAoADQAKACYAIAAkAGMAaABhAGkAbgBzAGEAdwAgAEAAQwBoAGEAaQBuAHMAYQB3AFAAYQByAGEAbQBzACAAfAAgAE8AdQB0AC0ATgB1AGwAbAANAAoAJABjAGgAYQBpAG4AcwBhAHcARQB4AGkAdAAgAD0AIAAkAEwAQQBTAFQARQBYAEkAVABDAE8ARABFAA0ACgANAAoAaQBmACAAKAAkAGMAaABhAGkAbgBzAGEAdwBFAHgAaQB0ACAALQBuAGUAIAAwACkAIAB7AA0ACgAgACAAIAAgAHQAaAByAG8AdwAgACIAQwBoAGEAaQBuAHMAYQB3ACAAZQB4AGkAdABlAGQAIAB3AGkAdABoACAAYwBvAGQAZQAgACQAYwBoAGEAaQBuAHMAYQB3AEUAeABpAHQAIgANAAoAfQANAAoADQAKAGkAZgAgACgAIQAoAFQAZQBzAHQALQBQAGEAdABoACAAJABvAHUAdABGAGkAbABlACkAKQAgAHsADQAKACAAIAAgACAAdABoAHIAbwB3ACAAIgBDAGgAYQBpAG4AcwBhAHcAIABkAGkAZAAgAG4AbwB0ACAAcAByAG8AZAB1AGMAZQAgAGEAbgAgAG8AdQB0AHAAdQB0ACAAZgBpAGwAZQAuACIADQAKAH0ADQAKAA0ACgBXAHIAaQB0AGUALQBPAHUAdABwAHUAdAAgACIAUgBFAFMAVQBMAFQAXwBQAEEAVABIADoAJABvAHUAdABGAGkAbABlACIADQAKAFcAcgBpAHQAZQAtAE8AdQB0AHAAdQB0ACAAIgBSAEUAUwBVAEwAVABfAEUAWABJAFQAQwBPAEQARQA6ACQAYwBoAGEAaQBuAHMAYQB3AEUAeABpAHQAIgANAAoAZQB4AGkAdAAgADAADQAKAH0ADQAKAGMAYQB0AGMAaAAgAHsADQAKACAAIAAgACAAVwByAGkAdABlAC0ARQByAHIAbwByACAAKAAkAF8AIAB8ACAATwB1AHQALQBTAHQAcgBpAG4AZwApAA0ACgAgACAAIAAgAGUAeABpAHQAIAAxAA0ACgB9AA==","Product":"-","Company":"-","ParentProcessId":1372,"ParentUser":"DESKTOP-DTGLPQE\\don","LogonGuid":"24C9C544-3CE1-69B8-A66E-740000000000","Hashes":"SHA256=E6B5C767FA745C5E23BD64B95B043AF11D054E4E15DC96A5EE02C27DD40C0DBE","ParentProcessGuid":"24C9C544-3CE1-69B8-4A07-000000002A00","ProcessId":1060,"CurrentDirectory":"C:\\Users\\don\\","ProcessGuid":"24C9C544-3CE1-69B8-4B07-000000002A00","CommandLine":"\"C:\\Tools\\Sigma\\chainsaw\\chainsaw.exe\" hunt C:\\Windows\\System32\\winevt\\Logs\\Microsoft-Windows-Sysmon%%4Operational.evtx -s C:\\Temp\\detechtive_rules_20260316_102448\\detechtive_test_ipconfig.yml -m C:\\Tools\\Sigma\\chainsaw\\mappings\\sigma-event-logs-all.yml --json -o C:\\Tools\\Sigma\\out\\sigma_DESKTOP-DTGLPQE_20260316_102449.json --skip-errors -q --from 2026-03-16T09:24:49 --to 2026-03-16T10:24:49","FileVersion":"-","User":"DESKTOP-DTGLPQE\\don","LogonId":"0x746ea6","IntegrityLevel":"High","ParentImage":"C:\\Windows\\System32\\WindowsPowerShell\\v1.0\\powershell.exe","UtcTime":"2026-03-16 17:24:49.809"},"System":{"EventID":1,"Level":4,"Provider_attributes":{"Name":"Microsoft-Windows-Sysmon","Guid":"5770385F-C22A-43E0-BF4C-06F5698FFBD9"},"Version":5,"Task":1,"Opcode":0,"TimeCreated_attributes":{"SystemTime":"2026-03-16T17:24:49.811230Z"},"Execution_attributes":{"ProcessID":2132,"ThreadID":3368},"Correlation":null,"Keywords":"0x8000000000000000","Security_attributes":{"UserID":"S-1-5-18"},"EventRecordID":24473,"Channel":"Microsoft-Windows-Sysmon/Operational","Computer":"DESKTOP-DTGLPQE"}},"Event_attributes":{"xmlns":"http://schemas.microsoft.com/win/2004/08/events/event"}}},"name":"DeTechTive Test - ipconfig execution","timestamp":"2026-03-16T17:24:49.811230+00:00","authors":["DeTechTive"],"level":"low","source":"sigma","status":"experimental","id":"7060e4bd-9d0e-4c24-9384-8e4f0cb08940","logsource":{"category":"process_creation","product":"windows"}},