{"metadata":{"target_server":"don@172.165.50.131","os_type":"windows","timestamp_utc":"2026-03-18T04:54:55Z","scanner_type":"SIGMA","command_line":"chainsaw hunt C:\\Windows\\System32\\winevt\\Logs\\Microsoft-Windows-Sysmon%4Operational.evtx -s C:\\Temp\\detechtive_rules_20260317_215453\\detechtive_test_ipconfig.yml -m C:\\Tools\\Sigma\\chainsaw\\mappings\\sigma-event-logs-all.yml","exit_code":0},"raw_scanner_payload":{"detection_count":5,"source_log":"C:\\Windows\\System32\\winevt\\Logs\\Microsoft-Windows-Sysmon%4Operational.evtx","scan_entire_log":false,"minutes_back":60,"rule_source":"detechtive_test_ipconfig.yml","rule_source_type":"custom","result_file":"C:\\Tools\\Sigma\\results\\172.165.50.131\\sigma_DESKTOP-R6RCFOA_20260317_215453.json","detections":[{"group":"Sigma","kind":"individual","document":{"kind":"evtx","path":"C:\\Windows\\System32\\winevt\\Logs\\Microsoft-Windows-Sysmon%4Operational.evtx","data":{"Event":{"EventData":{"Image":"C:\\Windows\\System32\\ipconfig.exe","RuleName":"-","Description":"IP Configuration Utility","OriginalFileName":"ipconfig.exe","TerminalSessionId":0,"ParentCommandLine":"powershell  -NoLogo -NoProfile -NonInteractive -ExecutionPolicy Bypass -EncodedCommand TgBlAHcALQBJAHQAZQBtACAALQBJAHQAZQBtAFQAeQBwAGUAIABEAGkAcgBlAGMAdABvAHIAeQAgAC0ARgBvAHIAYwBlACAALQBQAGEAdABoACAAJwBDADoAXABJAG8AQwAnACAAfAAgAE8AdQB0AC0ATgB1AGwAbAAKAEAAJwAKAHAAbwB3AGUAcgBzAGgAZQBsAGwACgAtAGUAbgBjAAoARgByAG8AbQBCAGEAcwBlADYANABTAHQAcgBpAG4AZwAKACcAQAAgAHwAIABTAGUAdAAtAEMAbwBuAHQAZQBuAHQAIAAtAEwAaQB0AGUAcgBhAGwAUABhAHQAaAAgACcAQwA6AFwASQBvAEMAXABkAGUAdABlAGMAaAB0AGkAdgBlAF8AcABzAF8AZQBuAGMAbwBkAGUAZAAuAHQAeAB0ACcACgB3AGgAbwBhAG0AaQAgAHwAIABPAHUAdAAtAE4AdQBsAGwACgBpAHAAYwBvAG4AZgBpAGcAIAB8ACAATwB1AHQALQBOAHUAbABsAAoAbgBlAHQAIAB1AHMAZQByACAAfAAgAE8AdQB0AC0ATgB1AGwAbAA=","Product":"Microsoft® Windows® Operating System","Company":"Microsoft Corporation","ParentProcessId":7440,"ParentUser":"DESKTOP-R6RCFOA\\don","LogonGuid":"75C6E5F1-2998-69BA-DFE5-4C0000000000","Hashes":"MD5=62F170FB07FDBB79CEB7147101406EB8,SHA256=53E000F5AA9B3A00934319DB8080BB99CB323BF48FC628A64F75D7847C265606,IMPHASH=1002D523645A81BC52877D82D9E88417","ParentProcessGuid":"75C6E5F1-2998-69BA-0E02-000000001500","ProcessId":6056,"CurrentDirectory":"C:\\Users\\don\\","ProcessGuid":"75C6E5F1-2999-69BA-1002-000000001500","CommandLine":"\"C:\\Windows\\system32\\ipconfig.exe\"","FileVersion":"10.0.19041.1 (WinBuild.160101.0800)","User":"DESKTOP-R6RCFOA\\don","LogonId":"0x4ce5df","IntegrityLevel":"High","ParentImage":"C:\\Windows\\System32\\WindowsPowerShell\\v1.0\\powershell.exe","UtcTime":"2026-03-18 04:27:05.085"},"System":{"EventID":1,"Level":4,"Provider_attributes":{"Name":"Microsoft-Windows-Sysmon","Guid":"5770385F-C22A-43E0-BF4C-06F5698FFBD9"},"Version":5,"Task":1,"Opcode":0,"TimeCreated_attributes":{"SystemTime":"2026-03-18T04:27:05.088401Z"},"Execution_attributes":{"ProcessID":2164,"ThreadID":3732},"Correlation":null,"Keywords":"0x8000000000000000","Security_attributes":{"UserID":"S-1-5-18"},"EventRecordID":4387,"Channel":"Microsoft-Windows-Sysmon/Operational","Computer":"DESKTOP-R6RCFOA"}},"Event_attributes":{"xmlns":"http://schemas.microsoft.com/win/2004/08/events/event"}}},"name":"DeTechTive Test - ipconfig execution","timestamp":"2026-03-18T04:27:05.088401+00:00","authors":["DeTechTive"],"level":"low","source":"sigma","status":"experimental","id":"7060e4bd-9d0e-4c24-9384-8e4f0cb08940","logsource":{"category":"process_creation","product":"windows"}},{"group":"Sigma","kind":"individual","document":{"kind":"evtx","path":"C:\\Windows\\System32\\winevt\\Logs\\Microsoft-Windows-Sysmon%4Operational.evtx","data":{"Event":{"EventData":{"Image":"C:\\Windows\\System32\\ipconfig.exe","RuleName":"-","Description":"IP Configuration Utility","OriginalFileName":"ipconfig.exe","TerminalSessionId":0,"ParentCommandLine":"powershell  -NoLogo -NoProfile -NonInteractive -ExecutionPolicy Bypass -EncodedCommand TgBlAHcALQBJAHQAZQBtACAALQBJAHQAZQBtAFQAeQBwAGUAIABEAGkAcgBlAGMAdABvAHIAeQAgAC0ARgBvAHIAYwBlACAALQBQAGEAdABoACAAJwBDADoAXABJAG8AQwAnACAAfAAgAE8AdQB0AC0ATgB1AGwAbAAKAEAAJwAKAHAAbwB3AGUAcgBzAGgAZQBsAGwACgAtAGUAbgBjAAoARgByAG8AbQBCAGEAcwBlADYANABTAHQAcgBpAG4AZwAKACcAQAAgAHwAIABTAGUAdAAtAEMAbwBuAHQAZQBuAHQAIAAtAEwAaQB0AGUAcgBhAGwAUABhAHQAaAAgACcAQwA6AFwASQBvAEMAXABkAGUAdABlAGMAaAB0AGkAdgBlAF8AcABzAF8AZQBuAGMAbwBkAGUAZAAuAHQAeAB0ACcACgB3AGgAbwBhAG0AaQAgAHwAIABPAHUAdAAtAE4AdQBsAGwACgBpAHAAYwBvAG4AZgBpAGcAIAB8ACAATwB1AHQALQBOAHUAbABsAAoAbgBlAHQAIAB1AHMAZQByACAAfAAgAE8AdQB0AC0ATgB1AGwAbAA=","Product":"Microsoft® Windows® Operating System","Company":"Microsoft Corporation","ParentProcessId":332,"ParentUser":"DESKTOP-R6RCFOA\\don","LogonGuid":"75C6E5F1-2A25-69BA-C732-4D0000000000","Hashes":"MD5=62F170FB07FDBB79CEB7147101406EB8,SHA256=53E000F5AA9B3A00934319DB8080BB99CB323BF48FC628A64F75D7847C265606,IMPHASH=1002D523645A81BC52877D82D9E88417","ParentProcessGuid":"75C6E5F1-2A25-69BA-1802-000000001500","ProcessId":6124,"CurrentDirectory":"C:\\Users\\don\\","ProcessGuid":"75C6E5F1-2A25-69BA-1A02-000000001500","CommandLine":"\"C:\\Windows\\system32\\ipconfig.exe\"","FileVersion":"10.0.19041.1 (WinBuild.160101.0800)","User":"DESKTOP-R6RCFOA\\don","LogonId":"0x4d32c7","IntegrityLevel":"High","ParentImage":"C:\\Windows\\System32\\WindowsPowerShell\\v1.0\\powershell.exe","UtcTime":"2026-03-18 04:29:25.856"},"System":{"EventID":1,"Level":4,"Provider_attributes":{"Name":"Microsoft-Windows-Sysmon","Guid":"5770385F-C22A-43E0-BF4C-06F5698FFBD9"},"Version":5,"Task":1,"Opcode":0,"TimeCreated_attributes":{"SystemTime":"2026-03-18T04:29:25.859735Z"},"Execution_attributes":{"ProcessID":2164,"ThreadID":3732},"Correlation":null,"Keywords":"0x8000000000000000","Security_attributes":{"UserID":"S-1-5-18"},"EventRecordID":4398,"Channel":"Microsoft-Windows-Sysmon/Operational","Computer":"DESKTOP-R6RCFOA"}},"Event_attributes":{"xmlns":"http://schemas.microsoft.com/win/2004/08/events/event"}}},"name":"DeTechTive Test - ipconfig execution","timestamp":"2026-03-18T04:29:25.859735+00:00","authors":["DeTechTive"],"level":"low","source":"sigma","status":"experimental","id":"7060e4bd-9d0e-4c24-9384-8e4f0cb08940","logsource":{"category":"process_creation","product":"windows"}},{"group":"Sigma","kind":"individual","document":{"kind":"evtx","path":"C:\\Windows\\System32\\winevt\\Logs\\Microsoft-Windows-Sysmon%4Operational.evtx","data":{"Event":{"EventData":{"Image":"C:\\Windows\\System32\\ipconfig.exe","RuleName":"-","Description":"IP Configuration Utility","OriginalFileName":"ipconfig.exe","TerminalSessionId":0,"ParentCommandLine":"powershell  -NoLogo -NoProfile -NonInteractive -ExecutionPolicy Bypass -EncodedCommand TgBlAHcALQBJAHQAZQBtACAALQBJAHQAZQBtAFQAeQBwAGUAIABEAGkAcgBlAGMAdABvAHIAeQAgAC0ARgBvAHIAYwBlACAALQBQAGEAdABoACAAJwBDADoAXABJAG8AQwAnACAAfAAgAE8AdQB0AC0ATgB1AGwAbAAKAEAAJwAKAHAAbwB3AGUAcgBzAGgAZQBsAGwACgAtAGUAbgBjAAoARgByAG8AbQBCAGEAcwBlADYANABTAHQAcgBpAG4AZwAKACcAQAAgAHwAIABTAGUAdAAtAEMAbwBuAHQAZQBuAHQAIAAtAEwAaQB0AGUAcgBhAGwAUABhAHQAaAAgACcAQwA6AFwASQBvAEMAXABkAGUAdABlAGMAaAB0AGkAdgBlAF8AcABzAF8AZQBuAGMAbwBkAGUAZAAuAHQAeAB0ACcACgB3AGgAbwBhAG0AaQAgAHwAIABPAHUAdAAtAE4AdQBsAGwACgBpAHAAYwBvAG4AZgBpAGcAIAB8ACAATwB1AHQALQBOAHUAbABsAAoAbgBlAHQAIAB1AHMAZQByACAAfAAgAE8AdQB0AC0ATgB1AGwAbAA=","Product":"Microsoft® Windows® Operating System","Company":"Microsoft Corporation","ParentProcessId":7528,"ParentUser":"DESKTOP-R6RCFOA\\don","LogonGuid":"75C6E5F1-2B57-69BA-3761-500000000000","Hashes":"MD5=62F170FB07FDBB79CEB7147101406EB8,SHA256=53E000F5AA9B3A00934319DB8080BB99CB323BF48FC628A64F75D7847C265606,IMPHASH=1002D523645A81BC52877D82D9E88417","ParentProcessGuid":"75C6E5F1-2B57-69BA-3C02-000000001500","ProcessId":7808,"CurrentDirectory":"C:\\Users\\don\\","ProcessGuid":"75C6E5F1-2B58-69BA-3E02-000000001500","CommandLine":"\"C:\\Windows\\system32\\ipconfig.exe\"","FileVersion":"10.0.19041.1 (WinBuild.160101.0800)","User":"DESKTOP-R6RCFOA\\don","LogonId":"0x506137","IntegrityLevel":"High","ParentImage":"C:\\Windows\\System32\\WindowsPowerShell\\v1.0\\powershell.exe","UtcTime":"2026-03-18 04:34:32.101"},"System":{"EventID":1,"Level":4,"Provider_attributes":{"Name":"Microsoft-Windows-Sysmon","Guid":"5770385F-C22A-43E0-BF4C-06F5698FFBD9"},"Version":5,"Task":1,"Opcode":0,"TimeCreated_attributes":{"SystemTime":"2026-03-18T04:34:32.104686Z"},"Execution_attributes":{"ProcessID":2164,"ThreadID":3732},"Correlation":null,"Keywords":"0x8000000000000000","Security_attributes":{"UserID":"S-1-5-18"},"EventRecordID":4426,"Channel":"Microsoft-Windows-Sysmon/Operational","Computer":"DESKTOP-R6RCFOA"}},"Event_attributes":{"xmlns":"http://schemas.microsoft.com/win/2004/08/events/event"}}},"name":"DeTechTive Test - ipconfig execution","timestamp":"2026-03-18T04:34:32.104686+00:00","authors":["DeTechTive"],"level":"low","source":"sigma","status":"experimental","id":"7060e4bd-9d0e-4c24-9384-8e4f0cb08940","logsource":{"category":"process_creation","product":"windows"}},{"group":"Sigma","kind":"individual","document":{"kind":"evtx","path":"C:\\Windows\\System32\\winevt\\Logs\\Microsoft-Windows-Sysmon%4Operational.evtx","data":{"Event":{"EventData":{"Image":"C:\\Windows\\System32\\ipconfig.exe","RuleName":"-","Description":"IP Configuration Utility","OriginalFileName":"ipconfig.exe","TerminalSessionId":0,"ParentCommandLine":"powershell  -NoLogo -NoProfile -NonInteractive -ExecutionPolicy Bypass -EncodedCommand TgBlAHcALQBJAHQAZQBtACAALQBJAHQAZQBtAFQAeQBwAGUAIABEAGkAcgBlAGMAdABvAHIAeQAgAC0ARgBvAHIAYwBlACAALQBQAGEAdABoACAAJwBDADoAXABJAG8AQwAnACAAfAAgAE8AdQB0AC0ATgB1AGwAbAAKAEAAJwAKAHAAbwB3AGUAcgBzAGgAZQBsAGwACgAtAGUAbgBjAAoARgByAG8AbQBCAGEAcwBlADYANABTAHQAcgBpAG4AZwAKACcAQAAgAHwAIABTAGUAdAAtAEMAbwBuAHQAZQBuAHQAIAAtAEwAaQB0AGUAcgBhAGwAUABhAHQAaAAgACcAQwA6AFwASQBvAEMAXABkAGUAdABlAGMAaAB0AGkAdgBlAF8AcABzAF8AZQBuAGMAbwBkAGUAZAAuAHQAeAB0ACcACgB3AGgAbwBhAG0AaQAgAHwAIABPAHUAdAAtAE4AdQBsAGwACgBpAHAAYwBvAG4AZgBpAGcAIAB8ACAATwB1AHQALQBOAHUAbABsAAoAbgBlAHQAIAB1AHMAZQByACAAfAAgAE8AdQB0AC0ATgB1AGwAbAA=","Product":"Microsoft® Windows® Operating System","Company":"Microsoft Corporation","ParentProcessId":7248,"ParentUser":"DESKTOP-R6RCFOA\\don","LogonGuid":"75C6E5F1-2D39-69BA-A0DE-520000000000","Hashes":"MD5=62F170FB07FDBB79CEB7147101406EB8,SHA256=53E000F5AA9B3A00934319DB8080BB99CB323BF48FC628A64F75D7847C265606,IMPHASH=1002D523645A81BC52877D82D9E88417","ParentProcessGuid":"75C6E5F1-2D39-69BA-9E02-000000001500","ProcessId":388,"CurrentDirectory":"C:\\Users\\don\\","ProcessGuid":"75C6E5F1-2D39-69BA-A002-000000001500","CommandLine":"\"C:\\Windows\\system32\\ipconfig.exe\"","FileVersion":"10.0.19041.1 (WinBuild.160101.0800)","User":"DESKTOP-R6RCFOA\\don","LogonId":"0x52dea0","IntegrityLevel":"High","ParentImage":"C:\\Windows\\System32\\WindowsPowerShell\\v1.0\\powershell.exe","UtcTime":"2026-03-18 04:42:33.496"},"System":{"EventID":1,"Level":4,"Provider_attributes":{"Name":"Microsoft-Windows-Sysmon","Guid":"5770385F-C22A-43E0-BF4C-06F5698FFBD9"},"Version":5,"Task":1,"Opcode":0,"TimeCreated_attributes":{"SystemTime":"2026-03-18T04:42:33.500390Z"},"Execution_attributes":{"ProcessID":2164,"ThreadID":3732},"Correlation":null,"Keywords":"0x8000000000000000","Security_attributes":{"UserID":"S-1-5-18"},"EventRecordID":4530,"Channel":"Microsoft-Windows-Sysmon/Operational","Computer":"DESKTOP-R6RCFOA"}},"Event_attributes":{"xmlns":"http://schemas.microsoft.com/win/2004/08/events/event"}}},"name":"DeTechTive Test - ipconfig execution","timestamp":"2026-03-18T04:42:33.500390+00:00","authors":["DeTechTive"],"level":"low","source":"sigma","status":"experimental","id":"7060e4bd-9d0e-4c24-9384-8e4f0cb08940","logsource":{"category":"process_creation","product":"windows"}},{"group":"Sigma","kind":"individual","document":{"kind":"evtx","path":"C:\\Windows\\System32\\winevt\\Logs\\Microsoft-Windows-Sysmon%4Operational.evtx","data":{"Event":{"EventData":{"Image":"C:\\Windows\\System32\\ipconfig.exe","RuleName":"-","Description":"IP Configuration Utility","OriginalFileName":"ipconfig.exe","TerminalSessionId":0,"ParentCommandLine":"powershell  -NoLogo -NoProfile -NonInteractive -ExecutionPolicy Bypass -EncodedCommand TgBlAHcALQBJAHQAZQBtACAALQBJAHQAZQBtAFQAeQBwAGUAIABEAGkAcgBlAGMAdABvAHIAeQAgAC0ARgBvAHIAYwBlACAALQBQAGEAdABoACAAJwBDADoAXABJAG8AQwAnACAAfAAgAE8AdQB0AC0ATgB1AGwAbAAKAEAAJwAKAHAAbwB3AGUAcgBzAGgAZQBsAGwACgAtAGUAbgBjAAoARgByAG8AbQBCAGEAcwBlADYANABTAHQAcgBpAG4AZwAKACcAQAAgAHwAIABTAGUAdAAtAEMAbwBuAHQAZQBuAHQAIAAtAEwAaQB0AGUAcgBhAGwAUABhAHQAaAAgACcAQwA6AFwASQBvAEMAXABkAGUAdABlAGMAaAB0AGkAdgBlAF8AcABzAF8AZQBuAGMAbwBkAGUAZAAuAHQAeAB0ACcACgB3AGgAbwBhAG0AaQAgAHwAIABPAHUAdAAtAE4AdQBsAGwACgBpAHAAYwBvAG4AZgBpAGcAIAB8ACAATwB1AHQALQBOAHUAbABsAAoAbgBlAHQAIAB1AHMAZQByACAAfAAgAE8AdQB0AC0ATgB1AGwAbAA=","Product":"Microsoft® Windows® Operating System","Company":"Microsoft Corporation","ParentProcessId":5520,"ParentUser":"DESKTOP-R6RCFOA\\don","LogonGuid":"75C6E5F1-2FA8-69BA-1784-540000000000","Hashes":"MD5=62F170FB07FDBB79CEB7147101406EB8,SHA256=53E000F5AA9B3A00934319DB8080BB99CB323BF48FC628A64F75D7847C265606,IMPHASH=1002D523645A81BC52877D82D9E88417","ParentProcessGuid":"75C6E5F1-2FA8-69BA-D102-000000001500","ProcessId":4024,"CurrentDirectory":"C:\\Users\\don\\","ProcessGuid":"75C6E5F1-2FA8-69BA-D302-000000001500","CommandLine":"\"C:\\Windows\\system32\\ipconfig.exe\"","FileVersion":"10.0.19041.1 (WinBuild.160101.0800)","User":"DESKTOP-R6RCFOA\\don","LogonId":"0x548417","IntegrityLevel":"High","ParentImage":"C:\\Windows\\System32\\WindowsPowerShell\\v1.0\\powershell.exe","UtcTime":"2026-03-18 04:52:56.471"},"System":{"EventID":1,"Level":4,"Provider_attributes":{"Name":"Microsoft-Windows-Sysmon","Guid":"5770385F-C22A-43E0-BF4C-06F5698FFBD9"},"Version":5,"Task":1,"Opcode":0,"TimeCreated_attributes":{"SystemTime":"2026-03-18T04:52:56.476239Z"},"Execution_attributes":{"ProcessID":2164,"ThreadID":3732},"Correlation":null,"Keywords":"0x8000000000000000","Security_attributes":{"UserID":"S-1-5-18"},"EventRecordID":4584,"Channel":"Microsoft-Windows-Sysmon/Operational","Computer":"DESKTOP-R6RCFOA"}},"Event_attributes":{"xmlns":"http://schemas.microsoft.com/win/2004/08/events/event"}}},"name":"DeTechTive Test - ipconfig execution","timestamp":"2026-03-18T04:52:56.476239+00:00","authors":["DeTechTive"],"level":"low","source":"sigma","status":"experimental","id":"7060e4bd-9d0e-4c24-9384-8e4f0cb08940","logsource":{"category":"process_creation","product":"windows"}}]}}