{"metadata":{"target_server":"don@172.165.50.130","os_type":"windows","timestamp_utc":"2026-03-18T04:54:39Z","scanner_type":"SIGMA","command_line":"chainsaw hunt C:\\Windows\\System32\\winevt\\Logs\\Microsoft-Windows-Sysmon%4Operational.evtx -s C:\\Temp\\detechtive_rules_20260317_215432\\detechtive_test_whoami.yml -m C:\\Tools\\Sigma\\chainsaw\\mappings\\sigma-event-logs-all.yml","exit_code":0},"raw_scanner_payload":{"detection_count":6,"source_log":"C:\\Windows\\System32\\winevt\\Logs\\Microsoft-Windows-Sysmon%4Operational.evtx","scan_entire_log":false,"minutes_back":60,"rule_source":"detechtive_test_whoami.yml","rule_source_type":"custom","result_file":"C:\\Tools\\Sigma\\results\\172.165.50.130\\sigma_DESKTOP-DTGLPQE_20260317_215432.json","detections":[{"group":"Sigma","kind":"individual","document":{"kind":"evtx","path":"C:\\Windows\\System32\\winevt\\Logs\\Microsoft-Windows-Sysmon%4Operational.evtx","data":{"Event":{"EventData":{"Image":"C:\\Windows\\System32\\whoami.exe","RuleName":"-","Description":"whoami - displays logged on user information","OriginalFileName":"whoami.exe","TerminalSessionId":0,"ParentCommandLine":"powershell  -NoLogo -NoProfile -NonInteractive -ExecutionPolicy Bypass -EncodedCommand TgBlAHcALQBJAHQAZQBtACAALQBJAHQAZQBtAFQAeQBwAGUAIABEAGkAcgBlAGMAdABvAHIAeQAgAC0ARgBvAHIAYwBlACAALQBQAGEAdABoACAAJwBDADoAXABJAG8AQwAnACAAfAAgAE8AdQB0AC0ATgB1AGwAbAAKAEAAJwAKAHAAbwB3AGUAcgBzAGgAZQBsAGwACgAtAGUAbgBjAAoARgByAG8AbQBCAGEAcwBlADYANABTAHQAcgBpAG4AZwAKACcAQAAgAHwAIABTAGUAdAAtAEMAbwBuAHQAZQBuAHQAIAAtAEwAaQB0AGUAcgBhAGwAUABhAHQAaAAgACcAQwA6AFwASQBvAEMAXABkAGUAdABlAGMAaAB0AGkAdgBlAF8AcABzAF8AZQBuAGMAbwBkAGUAZAAuAHQAeAB0ACcACgB3AGgAbwBhAG0AaQAgAHwAIABPAHUAdAAtAE4AdQBsAGwACgBpAHAAYwBvAG4AZgBpAGcAIAB8ACAATwB1AHQALQBOAHUAbABsAAoAbgBlAHQAIAB1AHMAZQByACAAfAAgAE8AdQB0AC0ATgB1AGwAbAA=","Product":"Microsoft® Windows® Operating System","Company":"Microsoft Corporation","ParentProcessId":5432,"ParentUser":"DESKTOP-DTGLPQE\\don","LogonGuid":"24C9C544-2993-69BA-ADF7-470100000000","Hashes":"SHA256=1D4902A04D99E8CCBFE7085E63155955FEE397449D386453F6C452AE407B8743","ParentProcessGuid":"24C9C544-2993-69BA-D10C-000000002A00","ProcessId":2936,"CurrentDirectory":"C:\\Users\\don\\","ProcessGuid":"24C9C544-2998-69BA-D20C-000000002A00","CommandLine":"\"C:\\Windows\\system32\\whoami.exe\"","FileVersion":"10.0.19041.1 (WinBuild.160101.0800)","User":"DESKTOP-DTGLPQE\\don","LogonId":"0x147f7ad","IntegrityLevel":"High","ParentImage":"C:\\Windows\\System32\\WindowsPowerShell\\v1.0\\powershell.exe","UtcTime":"2026-03-18 04:27:04.011"},"System":{"EventID":1,"Level":4,"Provider_attributes":{"Name":"Microsoft-Windows-Sysmon","Guid":"5770385F-C22A-43E0-BF4C-06F5698FFBD9"},"Version":5,"Task":1,"Opcode":0,"TimeCreated_attributes":{"SystemTime":"2026-03-18T04:27:04.020268Z"},"Execution_attributes":{"ProcessID":2132,"ThreadID":3368},"Correlation":null,"Keywords":"0x8000000000000000","Security_attributes":{"UserID":"S-1-5-18"},"EventRecordID":27292,"Channel":"Microsoft-Windows-Sysmon/Operational","Computer":"DESKTOP-DTGLPQE"}},"Event_attributes":{"xmlns":"http://schemas.microsoft.com/win/2004/08/events/event"}}},"name":"DeTechTive Test - whoami execution","timestamp":"2026-03-18T04:27:04.020268+00:00","authors":["DeTechTive"],"level":"low","source":"sigma","status":"experimental","id":"1bb8fd00-0d3b-4be2-9e12-c5dc5d8f7a31","logsource":{"category":"process_creation","product":"windows"}},{"group":"Sigma","kind":"individual","document":{"kind":"evtx","path":"C:\\Windows\\System32\\winevt\\Logs\\Microsoft-Windows-Sysmon%4Operational.evtx","data":{"Event":{"EventData":{"Image":"C:\\Windows\\System32\\whoami.exe","RuleName":"-","Description":"whoami - displays logged on user information","OriginalFileName":"whoami.exe","TerminalSessionId":0,"ParentCommandLine":"powershell  -NoLogo -NoProfile -NonInteractive -ExecutionPolicy Bypass -EncodedCommand TgBlAHcALQBJAHQAZQBtACAALQBJAHQAZQBtAFQAeQBwAGUAIABEAGkAcgBlAGMAdABvAHIAeQAgAC0ARgBvAHIAYwBlACAALQBQAGEAdABoACAAJwBDADoAXABJAG8AQwAnACAAfAAgAE8AdQB0AC0ATgB1AGwAbAAKAEAAJwAKAHAAbwB3AGUAcgBzAGgAZQBsAGwACgAtAGUAbgBjAAoARgByAG8AbQBCAGEAcwBlADYANABTAHQAcgBpAG4AZwAKACcAQAAgAHwAIABTAGUAdAAtAEMAbwBuAHQAZQBuAHQAIAAtAEwAaQB0AGUAcgBhAGwAUABhAHQAaAAgACcAQwA6AFwASQBvAEMAXABkAGUAdABlAGMAaAB0AGkAdgBlAF8AcABzAF8AZQBuAGMAbwBkAGUAZAAuAHQAeAB0ACcACgB3AGgAbwBhAG0AaQAgAHwAIABPAHUAdAAtAE4AdQBsAGwACgBpAHAAYwBvAG4AZgBpAGcAIAB8ACAATwB1AHQALQBOAHUAbABsAAoAbgBlAHQAIAB1AHMAZQByACAAfAAgAE8AdQB0AC0ATgB1AGwAbAA=","Product":"Microsoft® Windows® Operating System","Company":"Microsoft Corporation","ParentProcessId":3264,"ParentUser":"DESKTOP-DTGLPQE\\don","LogonGuid":"24C9C544-2A24-69BA-7A3D-480100000000","Hashes":"SHA256=1D4902A04D99E8CCBFE7085E63155955FEE397449D386453F6C452AE407B8743","ParentProcessGuid":"24C9C544-2A24-69BA-DB0C-000000002A00","ProcessId":4328,"CurrentDirectory":"C:\\Users\\don\\","ProcessGuid":"24C9C544-2A25-69BA-DC0C-000000002A00","CommandLine":"\"C:\\Windows\\system32\\whoami.exe\"","FileVersion":"10.0.19041.1 (WinBuild.160101.0800)","User":"DESKTOP-DTGLPQE\\don","LogonId":"0x1483d7a","IntegrityLevel":"High","ParentImage":"C:\\Windows\\System32\\WindowsPowerShell\\v1.0\\powershell.exe","UtcTime":"2026-03-18 04:29:25.203"},"System":{"EventID":1,"Level":4,"Provider_attributes":{"Name":"Microsoft-Windows-Sysmon","Guid":"5770385F-C22A-43E0-BF4C-06F5698FFBD9"},"Version":5,"Task":1,"Opcode":0,"TimeCreated_attributes":{"SystemTime":"2026-03-18T04:29:25.207747Z"},"Execution_attributes":{"ProcessID":2132,"ThreadID":3368},"Correlation":null,"Keywords":"0x8000000000000000","Security_attributes":{"UserID":"S-1-5-18"},"EventRecordID":27312,"Channel":"Microsoft-Windows-Sysmon/Operational","Computer":"DESKTOP-DTGLPQE"}},"Event_attributes":{"xmlns":"http://schemas.microsoft.com/win/2004/08/events/event"}}},"name":"DeTechTive Test - whoami execution","timestamp":"2026-03-18T04:29:25.207747+00:00","authors":["DeTechTive"],"level":"low","source":"sigma","status":"experimental","id":"1bb8fd00-0d3b-4be2-9e12-c5dc5d8f7a31","logsource":{"category":"process_creation","product":"windows"}},{"group":"Sigma","kind":"individual","document":{"kind":"evtx","path":"C:\\Windows\\System32\\winevt\\Logs\\Microsoft-Windows-Sysmon%4Operational.evtx","data":{"Event":{"EventData":{"Image":"C:\\Windows\\System32\\whoami.exe","RuleName":"-","Description":"whoami - displays logged on user information","OriginalFileName":"whoami.exe","TerminalSessionId":0,"ParentCommandLine":"powershell  -NoLogo -NoProfile -NonInteractive -ExecutionPolicy Bypass -EncodedCommand TgBlAHcALQBJAHQAZQBtACAALQBJAHQAZQBtAFQAeQBwAGUAIABEAGkAcgBlAGMAdABvAHIAeQAgAC0ARgBvAHIAYwBlACAALQBQAGEAdABoACAAJwBDADoAXABJAG8AQwAnACAAfAAgAE8AdQB0AC0ATgB1AGwAbAAKAEAAJwAKAHAAbwB3AGUAcgBzAGgAZQBsAGwACgAtAGUAbgBjAAoARgByAG8AbQBCAGEAcwBlADYANABTAHQAcgBpAG4AZwAKACcAQAAgAHwAIABTAGUAdAAtAEMAbwBuAHQAZQBuAHQAIAAtAEwAaQB0AGUAcgBhAGwAUABhAHQAaAAgACcAQwA6AFwASQBvAEMAXABkAGUAdABlAGMAaAB0AGkAdgBlAF8AcABzAF8AZQBuAGMAbwBkAGUAZAAuAHQAeAB0ACcACgB3AGgAbwBhAG0AaQAgAHwAIABPAHUAdAAtAE4AdQBsAGwACgBpAHAAYwBvAG4AZgBpAGcAIAB8ACAATwB1AHQALQBOAHUAbABsAAoAbgBlAHQAIAB1AHMAZQByACAAfAAgAE8AdQB0AC0ATgB1AGwAbAA=","Product":"Microsoft® Windows® Operating System","Company":"Microsoft Corporation","ParentProcessId":1488,"ParentUser":"DESKTOP-DTGLPQE\\don","LogonGuid":"24C9C544-2B57-69BA-D91C-490100000000","Hashes":"SHA256=1D4902A04D99E8CCBFE7085E63155955FEE397449D386453F6C452AE407B8743","ParentProcessGuid":"24C9C544-2B57-69BA-F80C-000000002A00","ProcessId":5832,"CurrentDirectory":"C:\\Users\\don\\","ProcessGuid":"24C9C544-2B57-69BA-F90C-000000002A00","CommandLine":"\"C:\\Windows\\system32\\whoami.exe\"","FileVersion":"10.0.19041.1 (WinBuild.160101.0800)","User":"DESKTOP-DTGLPQE\\don","LogonId":"0x1491cd9","IntegrityLevel":"High","ParentImage":"C:\\Windows\\System32\\WindowsPowerShell\\v1.0\\powershell.exe","UtcTime":"2026-03-18 04:34:31.680"},"System":{"EventID":1,"Level":4,"Provider_attributes":{"Name":"Microsoft-Windows-Sysmon","Guid":"5770385F-C22A-43E0-BF4C-06F5698FFBD9"},"Version":5,"Task":1,"Opcode":0,"TimeCreated_attributes":{"SystemTime":"2026-03-18T04:34:31.684105Z"},"Execution_attributes":{"ProcessID":2132,"ThreadID":3368},"Correlation":null,"Keywords":"0x8000000000000000","Security_attributes":{"UserID":"S-1-5-18"},"EventRecordID":27369,"Channel":"Microsoft-Windows-Sysmon/Operational","Computer":"DESKTOP-DTGLPQE"}},"Event_attributes":{"xmlns":"http://schemas.microsoft.com/win/2004/08/events/event"}}},"name":"DeTechTive Test - whoami execution","timestamp":"2026-03-18T04:34:31.684105+00:00","authors":["DeTechTive"],"level":"low","source":"sigma","status":"experimental","id":"1bb8fd00-0d3b-4be2-9e12-c5dc5d8f7a31","logsource":{"category":"process_creation","product":"windows"}},{"group":"Sigma","kind":"individual","document":{"kind":"evtx","path":"C:\\Windows\\System32\\winevt\\Logs\\Microsoft-Windows-Sysmon%4Operational.evtx","data":{"Event":{"EventData":{"Image":"C:\\Tools\\Sigma\\chainsaw\\chainsaw.exe","RuleName":"-","Description":"-","OriginalFileName":"-","TerminalSessionId":0,"ParentCommandLine":"powershell  -NoProfile -NonInteractive -ExecutionPolicy Bypass -EncodedCommand JABFAHIAcgBvAHIAQQBjAHQAaQBvAG4AUAByAGUAZgBlAHIAZQBuAGMAZQAgAD0AIAAnAFMAdABvAHAAJwANAAoAdAByAHkAIAB7AA0ACgAkAFAAcgBvAGcAcgBlAHMAcwBQAHIAZQBmAGUAcgBlAG4AYwBlACAAPQAgACcAUwBpAGwAZQBuAHQAbAB5AEMAbwBuAHQAaQBuAHUAZQAnAA0ACgANAAoAJABiAGEAcwBlACAAIAAgACAAIAAgAD0AIAAnAEMAOgBcAFQAbwBvAGwAcwBcAFMAaQBnAG0AYQAnAA0ACgAkAGMAaABhAGkAbgBzAGEAdwAgACAAPQAgAEoAbwBpAG4ALQBQAGEAdABoACAAJABiAGEAcwBlACAAJwBjAGgAYQBpAG4AcwBhAHcAXABjAGgAYQBpAG4AcwBhAHcALgBlAHgAZQAnAA0ACgAkAG0AYQBwACAAIAAgACAAIAAgACAAPQAgAEoAbwBpAG4ALQBQAGEAdABoACAAJABiAGEAcwBlACAAJwBjAGgAYQBpAG4AcwBhAHcAXABtAGEAcABwAGkAbgBnAHMAXABzAGkAZwBtAGEALQBlAHYAZQBuAHQALQBsAG8AZwBzAC0AYQBsAGwALgB5AG0AbAAnAA0ACgAkAG8AdQB0ACAAIAAgACAAIAAgACAAPQAgAEoAbwBpAG4ALQBQAGEAdABoACAAJABiAGEAcwBlACAAJwBvAHUAdAAnAA0ACgAkAHIAdQBsAGUAcwAgACAAIAAgACAAPQAgACcAQwA6AFwAVABlAG0AcABcAGQAZQB0AGUAYwBoAHQAaQB2AGUAXwByAHUAbABlAHMAXwAyADAAMgA2ADAAMwAxADcAXwAyADEANAAxADUANABcAGQAZQB0AGUAYwBoAHQAaQB2AGUAXwB0AGUAcwB0AF8AdwBoAG8AYQBtAGkALgB5AG0AbAAnAA0ACgAkAHQAYQByAGcAZQB0AEwAbwBnACAAPQAgACcAQwA6AFwAVwBpAG4AZABvAHcAcwBcAFMAeQBzAHQAZQBtADMAMgBcAHcAaQBuAGUAdgB0AFwATABvAGcAcwBcAE0AaQBjAHIAbwBzAG8AZgB0AC0AVwBpAG4AZABvAHcAcwAtAFMAeQBzAG0AbwBuACUANABPAHAAZQByAGEAdABpAG8AbgBhAGwALgBlAHYAdAB4ACcADQAKAA0ACgBpAGYAIAAoACEAKABUAGUAcwB0AC0AUABhAHQAaAAgACQAYwBoAGEAaQBuAHMAYQB3ACkAKQAgAHsAIAB0AGgAcgBvAHcAIAAiAGMAaABhAGkAbgBzAGEAdwAuAGUAeABlACAAbQBpAHMAcwBpAG4AZwAgAGEAdAAgACQAYwBoAGEAaQBuAHMAYQB3ACIAIAB9AA0ACgBpAGYAIAAoACEAKABUAGUAcwB0AC0AUABhAHQAaAAgACQAbQBhAHAAKQApACAAIAAgACAAIAAgAHsAIAB0AGgAcgBvAHcAIAAiAG0AYQBwAHAAaQBuAGcAIABtAGkAcwBzAGkAbgBnACAAYQB0ACAAJABtAGEAcAAiACAAfQANAAoAaQBmACAAKAAhACgAVABlAHMAdAAtAFAAYQB0AGgAIAAkAHIAdQBsAGUAcwApACkAIAAgACAAIAB7ACAAdABoAHIAbwB3ACAAIgByAHUAbABlAHMAIABwAGEAdABoACAAbQBpAHMAcwBpAG4AZwAgAGEAdAAgACQAcgB1AGwAZQBzACIAIAB9AA0ACgBpAGYAIAAoACEAKABUAGUAcwB0AC0AUABhAHQAaAAgACQAdABhAHIAZwBlAHQATABvAGcAKQApACAAewAgAHQAaAByAG8AdwAgACIAVABhAHIAZwBlAHQAIABsAG8AZwAgAHAAYQB0AGgAIABuAG8AdAAgAGYAbwB1AG4AZAAgAGEAdAAgACQAdABhAHIAZwBlAHQATABvAGcAIgAgAH0ADQAKAA0ACgBOAGUAdwAtAEkAdABlAG0AIAAtAEkAdABlAG0AVAB5AHAAZQAgAEQAaQByAGUAYwB0AG8AcgB5ACAALQBGAG8AcgBjAGUAIAAkAG8AdQB0ACAAfAAgAE8AdQB0AC0ATgB1AGwAbAANAAoADQAKACQAdABvACAAIAAgACAAIAAgAD0AIAAoAEcAZQB0AC0ARABhAHQAZQApAC4AVABvAFUAbgBpAHYAZQByAHMAYQBsAFQAaQBtAGUAKAApAAoAJABmAHIAbwBtACAAIAAgACAAPQAgACQAdABvAC4AQQBkAGQATQBpAG4AdQB0AGUAcwAoAC0ANgAwACkACgAkAGYAcgBvAG0AUwB0AHIAIAA9ACAAJABmAHIAbwBtAC4AVABvAFMAdAByAGkAbgBnACgAJwB5AHkAeQB5AC0ATQBNAC0AZABkAFQASABIADoAbQBtADoAcwBzACcAKQAKACQAdABvAFMAdAByACAAIAAgAD0AIAAkAHQAbwAuAFQAbwBTAHQAcgBpAG4AZwAoACcAeQB5AHkAeQAtAE0ATQAtAGQAZABUAEgASAA6AG0AbQA6AHMAcwAnACkACgANAAoAJABzAHQAYQBtAHAAIAAgACAAPQAgACgARwBlAHQALQBEAGEAdABlACkALgBUAG8AUwB0AHIAaQBuAGcAKAAnAHkAeQB5AHkATQBNAGQAZABfAEgASABtAG0AcwBzACcAKQANAAoAJABvAHUAdABGAGkAbABlACAAPQAgAEoAbwBpAG4ALQBQAGEAdABoACAAJABvAHUAdAAgACgAJwBzAGkAZwBtAGEAXwAnACAAKwAgACQAZQBuAHYAOgBDAE8ATQBQAFUAVABFAFIATgBBAE0ARQAgACsAIAAnAF8AJwAgACsAIAAkAHMAdABhAG0AcAAgACsAIAAnAC4AagBzAG8AbgAnACkADQAKAA0ACgAkAEMAaABhAGkAbgBzAGEAdwBQAGEAcgBhAG0AcwAgAD0AIABAACgADQAKACAAIAAnAGgAdQBuAHQAJwAsACAAJAB0AGEAcgBnAGUAdABMAG8AZwAsAA0ACgAgACAAJwAtAHMAJwAsACAAJAByAHUAbABlAHMALAANAAoAIAAgACcALQBtACcALAAgACQAbQBhAHAALAANAAoAIAAgACcALQAtAGoAcwBvAG4AJwAsAA0ACgAgACAAJwAtAG8AJwAsACAAJABvAHUAdABGAGkAbABlACwADQAKACAAIAAnAC0ALQBzAGsAaQBwAC0AZQByAHIAbwByAHMAJwAsAA0ACgAgACAAJwAtAHEAJwANAAoAKQANAAoADQAKAGkAZgAgACgALQBuAG8AdAAgACQAZgBhAGwAcwBlACkAIAB7AA0ACgAgACAAIAAgACQAQwBoAGEAaQBuAHMAYQB3AFAAYQByAGEAbQBzACAAKwA9ACAAJwAtAC0AZgByAG8AbQAnAA0ACgAgACAAIAAgACQAQwBoAGEAaQBuAHMAYQB3AFAAYQByAGEAbQBzACAAKwA9ACAAJABmAHIAbwBtAFMAdAByAA0ACgAgACAAIAAgACQAQwBoAGEAaQBuAHMAYQB3AFAAYQByAGEAbQBzACAAKwA9ACAAJwAtAC0AdABvACcADQAKACAAIAAgACAAJABDAGgAYQBpAG4AcwBhAHcAUABhAHIAYQBtAHMAIAArAD0AIAAkAHQAbwBTAHQAcgANAAoAfQANAAoADQAKACYAIAAkAGMAaABhAGkAbgBzAGEAdwAgAEAAQwBoAGEAaQBuAHMAYQB3AFAAYQByAGEAbQBzACAAfAAgAE8AdQB0AC0ATgB1AGwAbAANAAoAJABjAGgAYQBpAG4AcwBhAHcARQB4AGkAdAAgAD0AIAAkAEwAQQBTAFQARQBYAEkAVABDAE8ARABFAA0ACgANAAoAaQBmACAAKAAkAGMAaABhAGkAbgBzAGEAdwBFAHgAaQB0ACAALQBuAGUAIAAwACkAIAB7AA0ACgAgACAAIAAgAHQAaAByAG8AdwAgACIAQwBoAGEAaQBuAHMAYQB3ACAAZQB4AGkAdABlAGQAIAB3AGkAdABoACAAYwBvAGQAZQAgACQAYwBoAGEAaQBuAHMAYQB3AEUAeABpAHQAIgANAAoAfQANAAoADQAKAGkAZgAgACgAIQAoAFQAZQBzAHQALQBQAGEAdABoACAAJABvAHUAdABGAGkAbABlACkAKQAgAHsADQAKACAAIAAgACAAdABoAHIAbwB3ACAAIgBDAGgAYQBpAG4AcwBhAHcAIABkAGkAZAAgAG4AbwB0ACAAcAByAG8AZAB1AGMAZQAgAGEAbgAgAG8AdQB0AHAAdQB0ACAAZgBpAGwAZQAuACIADQAKAH0ADQAKAA0ACgBXAHIAaQB0AGUALQBPAHUAdABwAHUAdAAgACIAUgBFAFMAVQBMAFQAXwBQAEEAVABIADoAJABvAHUAdABGAGkAbABlACIADQAKAFcAcgBpAHQAZQAtAE8AdQB0AHAAdQB0ACAAIgBSAEUAUwBVAEwAVABfAEUAWABJAFQAQwBPAEQARQA6ACQAYwBoAGEAaQBuAHMAYQB3AEUAeABpAHQAIgANAAoAZQB4AGkAdAAgADAADQAKAH0ADQAKAGMAYQB0AGMAaAAgAHsADQAKACAAIAAgACAAVwByAGkAdABlAC0ARQByAHIAbwByACAAKAAkAF8AIAB8ACAATwB1AHQALQBTAHQAcgBpAG4AZwApAA0ACgAgACAAIAAgAGUAeABpAHQAIAAxAA0ACgB9AA==","Product":"-","Company":"-","ParentProcessId":5000,"ParentUser":"DESKTOP-DTGLPQE\\don","LogonGuid":"24C9C544-2D13-69BA-F5DB-4A0100000000","Hashes":"SHA256=E6B5C767FA745C5E23BD64B95B043AF11D054E4E15DC96A5EE02C27DD40C0DBE","ParentProcessGuid":"24C9C544-2D13-69BA-4B0D-000000002A00","ProcessId":5580,"CurrentDirectory":"C:\\Users\\don\\","ProcessGuid":"24C9C544-2D1A-69BA-4C0D-000000002A00","CommandLine":"\"C:\\Tools\\Sigma\\chainsaw\\chainsaw.exe\" hunt C:\\Windows\\System32\\winevt\\Logs\\Microsoft-Windows-Sysmon%%4Operational.evtx -s C:\\Temp\\detechtive_rules_20260317_214154\\detechtive_test_whoami.yml -m C:\\Tools\\Sigma\\chainsaw\\mappings\\sigma-event-logs-all.yml --json -o C:\\Tools\\Sigma\\out\\sigma_DESKTOP-DTGLPQE_20260317_214155.json --skip-errors -q --from 2026-03-18T03:41:55 --to 2026-03-18T04:41:55","FileVersion":"-","User":"DESKTOP-DTGLPQE\\don","LogonId":"0x14adbf5","IntegrityLevel":"High","ParentImage":"C:\\Windows\\System32\\WindowsPowerShell\\v1.0\\powershell.exe","UtcTime":"2026-03-18 04:42:02.697"},"System":{"EventID":1,"Level":4,"Provider_attributes":{"Name":"Microsoft-Windows-Sysmon","Guid":"5770385F-C22A-43E0-BF4C-06F5698FFBD9"},"Version":5,"Task":1,"Opcode":0,"TimeCreated_attributes":{"SystemTime":"2026-03-18T04:42:02.704351Z"},"Execution_attributes":{"ProcessID":2132,"ThreadID":3368},"Correlation":null,"Keywords":"0x8000000000000000","Security_attributes":{"UserID":"S-1-5-18"},"EventRecordID":27532,"Channel":"Microsoft-Windows-Sysmon/Operational","Computer":"DESKTOP-DTGLPQE"}},"Event_attributes":{"xmlns":"http://schemas.microsoft.com/win/2004/08/events/event"}}},"name":"DeTechTive Test - whoami execution","timestamp":"2026-03-18T04:42:02.704351+00:00","authors":["DeTechTive"],"level":"low","source":"sigma","status":"experimental","id":"1bb8fd00-0d3b-4be2-9e12-c5dc5d8f7a31","logsource":{"category":"process_creation","product":"windows"}},{"group":"Sigma","kind":"individual","document":{"kind":"evtx","path":"C:\\Windows\\System32\\winevt\\Logs\\Microsoft-Windows-Sysmon%4Operational.evtx","data":{"Event":{"EventData":{"Image":"C:\\Windows\\System32\\whoami.exe","RuleName":"-","Description":"whoami - displays logged on user information","OriginalFileName":"whoami.exe","TerminalSessionId":0,"ParentCommandLine":"powershell  -NoLogo -NoProfile -NonInteractive -ExecutionPolicy Bypass -EncodedCommand TgBlAHcALQBJAHQAZQBtACAALQBJAHQAZQBtAFQAeQBwAGUAIABEAGkAcgBlAGMAdABvAHIAeQAgAC0ARgBvAHIAYwBlACAALQBQAGEAdABoACAAJwBDADoAXABJAG8AQwAnACAAfAAgAE8AdQB0AC0ATgB1AGwAbAAKAEAAJwAKAHAAbwB3AGUAcgBzAGgAZQBsAGwACgAtAGUAbgBjAAoARgByAG8AbQBCAGEAcwBlADYANABTAHQAcgBpAG4AZwAKACcAQAAgAHwAIABTAGUAdAAtAEMAbwBuAHQAZQBuAHQAIAAtAEwAaQB0AGUAcgBhAGwAUABhAHQAaAAgACcAQwA6AFwASQBvAEMAXABkAGUAdABlAGMAaAB0AGkAdgBlAF8AcABzAF8AZQBuAGMAbwBkAGUAZAAuAHQAeAB0ACcACgB3AGgAbwBhAG0AaQAgAHwAIABPAHUAdAAtAE4AdQBsAGwACgBpAHAAYwBvAG4AZgBpAGcAIAB8ACAATwB1AHQALQBOAHUAbABsAAoAbgBlAHQAIAB1AHMAZQByACAAfAAgAE8AdQB0AC0ATgB1AGwAbAA=","Product":"Microsoft® Windows® Operating System","Company":"Microsoft Corporation","ParentProcessId":2000,"ParentUser":"DESKTOP-DTGLPQE\\don","LogonGuid":"24C9C544-2D38-69BA-442E-4B0100000000","Hashes":"SHA256=1D4902A04D99E8CCBFE7085E63155955FEE397449D386453F6C452AE407B8743","ParentProcessGuid":"24C9C544-2D38-69BA-5E0D-000000002A00","ProcessId":1876,"CurrentDirectory":"C:\\Users\\don\\","ProcessGuid":"24C9C544-2D38-69BA-5F0D-000000002A00","CommandLine":"\"C:\\Windows\\system32\\whoami.exe\"","FileVersion":"10.0.19041.1 (WinBuild.160101.0800)","User":"DESKTOP-DTGLPQE\\don","LogonId":"0x14b2e44","IntegrityLevel":"High","ParentImage":"C:\\Windows\\System32\\WindowsPowerShell\\v1.0\\powershell.exe","UtcTime":"2026-03-18 04:42:32.886"},"System":{"EventID":1,"Level":4,"Provider_attributes":{"Name":"Microsoft-Windows-Sysmon","Guid":"5770385F-C22A-43E0-BF4C-06F5698FFBD9"},"Version":5,"Task":1,"Opcode":0,"TimeCreated_attributes":{"SystemTime":"2026-03-18T04:42:32.893662Z"},"Execution_attributes":{"ProcessID":2132,"ThreadID":3368},"Correlation":null,"Keywords":"0x8000000000000000","Security_attributes":{"UserID":"S-1-5-18"},"EventRecordID":27570,"Channel":"Microsoft-Windows-Sysmon/Operational","Computer":"DESKTOP-DTGLPQE"}},"Event_attributes":{"xmlns":"http://schemas.microsoft.com/win/2004/08/events/event"}}},"name":"DeTechTive Test - whoami execution","timestamp":"2026-03-18T04:42:32.893662+00:00","authors":["DeTechTive"],"level":"low","source":"sigma","status":"experimental","id":"1bb8fd00-0d3b-4be2-9e12-c5dc5d8f7a31","logsource":{"category":"process_creation","product":"windows"}},{"group":"Sigma","kind":"individual","document":{"kind":"evtx","path":"C:\\Windows\\System32\\winevt\\Logs\\Microsoft-Windows-Sysmon%4Operational.evtx","data":{"Event":{"EventData":{"Image":"C:\\Windows\\System32\\whoami.exe","RuleName":"-","Description":"whoami - displays logged on user information","OriginalFileName":"whoami.exe","TerminalSessionId":0,"ParentCommandLine":"powershell  -NoLogo -NoProfile -NonInteractive -ExecutionPolicy Bypass -EncodedCommand TgBlAHcALQBJAHQAZQBtACAALQBJAHQAZQBtAFQAeQBwAGUAIABEAGkAcgBlAGMAdABvAHIAeQAgAC0ARgBvAHIAYwBlACAALQBQAGEAdABoACAAJwBDADoAXABJAG8AQwAnACAAfAAgAE8AdQB0AC0ATgB1AGwAbAAKAEAAJwAKAHAAbwB3AGUAcgBzAGgAZQBsAGwACgAtAGUAbgBjAAoARgByAG8AbQBCAGEAcwBlADYANABTAHQAcgBpAG4AZwAKACcAQAAgAHwAIABTAGUAdAAtAEMAbwBuAHQAZQBuAHQAIAAtAEwAaQB0AGUAcgBhAGwAUABhAHQAaAAgACcAQwA6AFwASQBvAEMAXABkAGUAdABlAGMAaAB0AGkAdgBlAF8AcABzAF8AZQBuAGMAbwBkAGUAZAAuAHQAeAB0ACcACgB3AGgAbwBhAG0AaQAgAHwAIABPAHUAdAAtAE4AdQBsAGwACgBpAHAAYwBvAG4AZgBpAGcAIAB8ACAATwB1AHQALQBOAHUAbABsAAoAbgBlAHQAIAB1AHMAZQByACAAfAAgAE8AdQB0AC0ATgB1AGwAbAA=","Product":"Microsoft® Windows® Operating System","Company":"Microsoft Corporation","ParentProcessId":4864,"ParentUser":"DESKTOP-DTGLPQE\\don","LogonGuid":"24C9C544-2FA7-69BA-D567-4D0100000000","Hashes":"SHA256=1D4902A04D99E8CCBFE7085E63155955FEE397449D386453F6C452AE407B8743","ParentProcessGuid":"24C9C544-2FA7-69BA-BB0D-000000002A00","ProcessId":4660,"CurrentDirectory":"C:\\Users\\don\\","ProcessGuid":"24C9C544-2FA7-69BA-BC0D-000000002A00","CommandLine":"\"C:\\Windows\\system32\\whoami.exe\"","FileVersion":"10.0.19041.1 (WinBuild.160101.0800)","User":"DESKTOP-DTGLPQE\\don","LogonId":"0x14d67d5","IntegrityLevel":"High","ParentImage":"C:\\Windows\\System32\\WindowsPowerShell\\v1.0\\powershell.exe","UtcTime":"2026-03-18 04:52:55.897"},"System":{"EventID":1,"Level":4,"Provider_attributes":{"Name":"Microsoft-Windows-Sysmon","Guid":"5770385F-C22A-43E0-BF4C-06F5698FFBD9"},"Version":5,"Task":1,"Opcode":0,"TimeCreated_attributes":{"SystemTime":"2026-03-18T04:52:55.902242Z"},"Execution_attributes":{"ProcessID":2132,"ThreadID":3368},"Correlation":null,"Keywords":"0x8000000000000000","Security_attributes":{"UserID":"S-1-5-18"},"EventRecordID":27755,"Channel":"Microsoft-Windows-Sysmon/Operational","Computer":"DESKTOP-DTGLPQE"}},"Event_attributes":{"xmlns":"http://schemas.microsoft.com/win/2004/08/events/event"}}},"name":"DeTechTive Test - whoami execution","timestamp":"2026-03-18T04:52:55.902242+00:00","authors":["DeTechTive"],"level":"low","source":"sigma","status":"experimental","id":"1bb8fd00-0d3b-4be2-9e12-c5dc5d8f7a31","logsource":{"category":"process_creation","product":"windows"}}]}}