{"metadata":{"target_server":"don@172.165.50.131","os_type":"windows","timestamp_utc":"2026-03-18T04:54:50Z","scanner_type":"SIGMA","command_line":"chainsaw hunt C:\\Windows\\System32\\winevt\\Logs\\Microsoft-Windows-Sysmon%4Operational.evtx -s C:\\Temp\\detechtive_rules_20260317_215447\\detechtive_test_whoami.yml -m C:\\Tools\\Sigma\\chainsaw\\mappings\\sigma-event-logs-all.yml","exit_code":0},"raw_scanner_payload":{"detection_count":6,"source_log":"C:\\Windows\\System32\\winevt\\Logs\\Microsoft-Windows-Sysmon%4Operational.evtx","scan_entire_log":false,"minutes_back":60,"rule_source":"detechtive_test_whoami.yml","rule_source_type":"custom","result_file":"C:\\Tools\\Sigma\\results\\172.165.50.131\\sigma_DESKTOP-R6RCFOA_20260317_215447.json","detections":[{"group":"Sigma","kind":"individual","document":{"kind":"evtx","path":"C:\\Windows\\System32\\winevt\\Logs\\Microsoft-Windows-Sysmon%4Operational.evtx","data":{"Event":{"EventData":{"Image":"C:\\Windows\\System32\\whoami.exe","RuleName":"-","Description":"whoami - displays logged on user information","OriginalFileName":"whoami.exe","TerminalSessionId":0,"ParentCommandLine":"powershell  -NoLogo -NoProfile -NonInteractive -ExecutionPolicy Bypass -EncodedCommand TgBlAHcALQBJAHQAZQBtACAALQBJAHQAZQBtAFQAeQBwAGUAIABEAGkAcgBlAGMAdABvAHIAeQAgAC0ARgBvAHIAYwBlACAALQBQAGEAdABoACAAJwBDADoAXABJAG8AQwAnACAAfAAgAE8AdQB0AC0ATgB1AGwAbAAKAEAAJwAKAHAAbwB3AGUAcgBzAGgAZQBsAGwACgAtAGUAbgBjAAoARgByAG8AbQBCAGEAcwBlADYANABTAHQAcgBpAG4AZwAKACcAQAAgAHwAIABTAGUAdAAtAEMAbwBuAHQAZQBuAHQAIAAtAEwAaQB0AGUAcgBhAGwAUABhAHQAaAAgACcAQwA6AFwASQBvAEMAXABkAGUAdABlAGMAaAB0AGkAdgBlAF8AcABzAF8AZQBuAGMAbwBkAGUAZAAuAHQAeAB0ACcACgB3AGgAbwBhAG0AaQAgAHwAIABPAHUAdAAtAE4AdQBsAGwACgBpAHAAYwBvAG4AZgBpAGcAIAB8ACAATwB1AHQALQBOAHUAbABsAAoAbgBlAHQAIAB1AHMAZQByACAAfAAgAE8AdQB0AC0ATgB1AGwAbAA=","Product":"Microsoft® Windows® Operating System","Company":"Microsoft Corporation","ParentProcessId":7440,"ParentUser":"DESKTOP-R6RCFOA\\don","LogonGuid":"75C6E5F1-2998-69BA-DFE5-4C0000000000","Hashes":"MD5=A4A6924F3EAF97981323703D38FD99C4,SHA256=1D4902A04D99E8CCBFE7085E63155955FEE397449D386453F6C452AE407B8743,IMPHASH=7FF0758B766F747CE57DFAC70743FB88","ParentProcessGuid":"75C6E5F1-2998-69BA-0E02-000000001500","ProcessId":4740,"CurrentDirectory":"C:\\Users\\don\\","ProcessGuid":"75C6E5F1-2999-69BA-0F02-000000001500","CommandLine":"\"C:\\Windows\\system32\\whoami.exe\"","FileVersion":"10.0.19041.1 (WinBuild.160101.0800)","User":"DESKTOP-R6RCFOA\\don","LogonId":"0x4ce5df","IntegrityLevel":"High","ParentImage":"C:\\Windows\\System32\\WindowsPowerShell\\v1.0\\powershell.exe","UtcTime":"2026-03-18 04:27:05.062"},"System":{"EventID":1,"Level":4,"Provider_attributes":{"Name":"Microsoft-Windows-Sysmon","Guid":"5770385F-C22A-43E0-BF4C-06F5698FFBD9"},"Version":5,"Task":1,"Opcode":0,"TimeCreated_attributes":{"SystemTime":"2026-03-18T04:27:05.067196Z"},"Execution_attributes":{"ProcessID":2164,"ThreadID":3732},"Correlation":null,"Keywords":"0x8000000000000000","Security_attributes":{"UserID":"S-1-5-18"},"EventRecordID":4386,"Channel":"Microsoft-Windows-Sysmon/Operational","Computer":"DESKTOP-R6RCFOA"}},"Event_attributes":{"xmlns":"http://schemas.microsoft.com/win/2004/08/events/event"}}},"name":"DeTechTive Test - whoami execution","timestamp":"2026-03-18T04:27:05.067196+00:00","authors":["DeTechTive"],"level":"low","source":"sigma","status":"experimental","id":"1bb8fd00-0d3b-4be2-9e12-c5dc5d8f7a31","logsource":{"category":"process_creation","product":"windows"}},{"group":"Sigma","kind":"individual","document":{"kind":"evtx","path":"C:\\Windows\\System32\\winevt\\Logs\\Microsoft-Windows-Sysmon%4Operational.evtx","data":{"Event":{"EventData":{"Image":"C:\\Windows\\System32\\whoami.exe","RuleName":"-","Description":"whoami - displays logged on user information","OriginalFileName":"whoami.exe","TerminalSessionId":0,"ParentCommandLine":"powershell  -NoLogo -NoProfile -NonInteractive -ExecutionPolicy Bypass -EncodedCommand TgBlAHcALQBJAHQAZQBtACAALQBJAHQAZQBtAFQAeQBwAGUAIABEAGkAcgBlAGMAdABvAHIAeQAgAC0ARgBvAHIAYwBlACAALQBQAGEAdABoACAAJwBDADoAXABJAG8AQwAnACAAfAAgAE8AdQB0AC0ATgB1AGwAbAAKAEAAJwAKAHAAbwB3AGUAcgBzAGgAZQBsAGwACgAtAGUAbgBjAAoARgByAG8AbQBCAGEAcwBlADYANABTAHQAcgBpAG4AZwAKACcAQAAgAHwAIABTAGUAdAAtAEMAbwBuAHQAZQBuAHQAIAAtAEwAaQB0AGUAcgBhAGwAUABhAHQAaAAgACcAQwA6AFwASQBvAEMAXABkAGUAdABlAGMAaAB0AGkAdgBlAF8AcABzAF8AZQBuAGMAbwBkAGUAZAAuAHQAeAB0ACcACgB3AGgAbwBhAG0AaQAgAHwAIABPAHUAdAAtAE4AdQBsAGwACgBpAHAAYwBvAG4AZgBpAGcAIAB8ACAATwB1AHQALQBOAHUAbABsAAoAbgBlAHQAIAB1AHMAZQByACAAfAAgAE8AdQB0AC0ATgB1AGwAbAA=","Product":"Microsoft® Windows® Operating System","Company":"Microsoft Corporation","ParentProcessId":332,"ParentUser":"DESKTOP-R6RCFOA\\don","LogonGuid":"75C6E5F1-2A25-69BA-C732-4D0000000000","Hashes":"MD5=A4A6924F3EAF97981323703D38FD99C4,SHA256=1D4902A04D99E8CCBFE7085E63155955FEE397449D386453F6C452AE407B8743,IMPHASH=7FF0758B766F747CE57DFAC70743FB88","ParentProcessGuid":"75C6E5F1-2A25-69BA-1802-000000001500","ProcessId":3400,"CurrentDirectory":"C:\\Users\\don\\","ProcessGuid":"75C6E5F1-2A25-69BA-1902-000000001500","CommandLine":"\"C:\\Windows\\system32\\whoami.exe\"","FileVersion":"10.0.19041.1 (WinBuild.160101.0800)","User":"DESKTOP-R6RCFOA\\don","LogonId":"0x4d32c7","IntegrityLevel":"High","ParentImage":"C:\\Windows\\System32\\WindowsPowerShell\\v1.0\\powershell.exe","UtcTime":"2026-03-18 04:29:25.841"},"System":{"EventID":1,"Level":4,"Provider_attributes":{"Name":"Microsoft-Windows-Sysmon","Guid":"5770385F-C22A-43E0-BF4C-06F5698FFBD9"},"Version":5,"Task":1,"Opcode":0,"TimeCreated_attributes":{"SystemTime":"2026-03-18T04:29:25.845478Z"},"Execution_attributes":{"ProcessID":2164,"ThreadID":3732},"Correlation":null,"Keywords":"0x8000000000000000","Security_attributes":{"UserID":"S-1-5-18"},"EventRecordID":4397,"Channel":"Microsoft-Windows-Sysmon/Operational","Computer":"DESKTOP-R6RCFOA"}},"Event_attributes":{"xmlns":"http://schemas.microsoft.com/win/2004/08/events/event"}}},"name":"DeTechTive Test - whoami execution","timestamp":"2026-03-18T04:29:25.845478+00:00","authors":["DeTechTive"],"level":"low","source":"sigma","status":"experimental","id":"1bb8fd00-0d3b-4be2-9e12-c5dc5d8f7a31","logsource":{"category":"process_creation","product":"windows"}},{"group":"Sigma","kind":"individual","document":{"kind":"evtx","path":"C:\\Windows\\System32\\winevt\\Logs\\Microsoft-Windows-Sysmon%4Operational.evtx","data":{"Event":{"EventData":{"Image":"C:\\Windows\\System32\\whoami.exe","RuleName":"-","Description":"whoami - displays logged on user information","OriginalFileName":"whoami.exe","TerminalSessionId":0,"ParentCommandLine":"powershell  -NoLogo -NoProfile -NonInteractive -ExecutionPolicy Bypass -EncodedCommand TgBlAHcALQBJAHQAZQBtACAALQBJAHQAZQBtAFQAeQBwAGUAIABEAGkAcgBlAGMAdABvAHIAeQAgAC0ARgBvAHIAYwBlACAALQBQAGEAdABoACAAJwBDADoAXABJAG8AQwAnACAAfAAgAE8AdQB0AC0ATgB1AGwAbAAKAEAAJwAKAHAAbwB3AGUAcgBzAGgAZQBsAGwACgAtAGUAbgBjAAoARgByAG8AbQBCAGEAcwBlADYANABTAHQAcgBpAG4AZwAKACcAQAAgAHwAIABTAGUAdAAtAEMAbwBuAHQAZQBuAHQAIAAtAEwAaQB0AGUAcgBhAGwAUABhAHQAaAAgACcAQwA6AFwASQBvAEMAXABkAGUAdABlAGMAaAB0AGkAdgBlAF8AcABzAF8AZQBuAGMAbwBkAGUAZAAuAHQAeAB0ACcACgB3AGgAbwBhAG0AaQAgAHwAIABPAHUAdAAtAE4AdQBsAGwACgBpAHAAYwBvAG4AZgBpAGcAIAB8ACAATwB1AHQALQBOAHUAbABsAAoAbgBlAHQAIAB1AHMAZQByACAAfAAgAE8AdQB0AC0ATgB1AGwAbAA=","Product":"Microsoft® Windows® Operating System","Company":"Microsoft Corporation","ParentProcessId":7528,"ParentUser":"DESKTOP-R6RCFOA\\don","LogonGuid":"75C6E5F1-2B57-69BA-3761-500000000000","Hashes":"MD5=A4A6924F3EAF97981323703D38FD99C4,SHA256=1D4902A04D99E8CCBFE7085E63155955FEE397449D386453F6C452AE407B8743,IMPHASH=7FF0758B766F747CE57DFAC70743FB88","ParentProcessGuid":"75C6E5F1-2B57-69BA-3C02-000000001500","ProcessId":4300,"CurrentDirectory":"C:\\Users\\don\\","ProcessGuid":"75C6E5F1-2B58-69BA-3D02-000000001500","CommandLine":"\"C:\\Windows\\system32\\whoami.exe\"","FileVersion":"10.0.19041.1 (WinBuild.160101.0800)","User":"DESKTOP-R6RCFOA\\don","LogonId":"0x506137","IntegrityLevel":"High","ParentImage":"C:\\Windows\\System32\\WindowsPowerShell\\v1.0\\powershell.exe","UtcTime":"2026-03-18 04:34:32.087"},"System":{"EventID":1,"Level":4,"Provider_attributes":{"Name":"Microsoft-Windows-Sysmon","Guid":"5770385F-C22A-43E0-BF4C-06F5698FFBD9"},"Version":5,"Task":1,"Opcode":0,"TimeCreated_attributes":{"SystemTime":"2026-03-18T04:34:32.091544Z"},"Execution_attributes":{"ProcessID":2164,"ThreadID":3732},"Correlation":null,"Keywords":"0x8000000000000000","Security_attributes":{"UserID":"S-1-5-18"},"EventRecordID":4425,"Channel":"Microsoft-Windows-Sysmon/Operational","Computer":"DESKTOP-R6RCFOA"}},"Event_attributes":{"xmlns":"http://schemas.microsoft.com/win/2004/08/events/event"}}},"name":"DeTechTive Test - whoami execution","timestamp":"2026-03-18T04:34:32.091544+00:00","authors":["DeTechTive"],"level":"low","source":"sigma","status":"experimental","id":"1bb8fd00-0d3b-4be2-9e12-c5dc5d8f7a31","logsource":{"category":"process_creation","product":"windows"}},{"group":"Sigma","kind":"individual","document":{"kind":"evtx","path":"C:\\Windows\\System32\\winevt\\Logs\\Microsoft-Windows-Sysmon%4Operational.evtx","data":{"Event":{"EventData":{"Image":"C:\\Tools\\Sigma\\chainsaw\\chainsaw.exe","RuleName":"-","Description":"-","OriginalFileName":"-","TerminalSessionId":0,"ParentCommandLine":"powershell  -NoProfile -NonInteractive -ExecutionPolicy Bypass -EncodedCommand JABFAHIAcgBvAHIAQQBjAHQAaQBvAG4AUAByAGUAZgBlAHIAZQBuAGMAZQAgAD0AIAAnAFMAdABvAHAAJwANAAoAdAByAHkAIAB7AA0ACgAkAFAAcgBvAGcAcgBlAHMAcwBQAHIAZQBmAGUAcgBlAG4AYwBlACAAPQAgACcAUwBpAGwAZQBuAHQAbAB5AEMAbwBuAHQAaQBuAHUAZQAnAA0ACgANAAoAJABiAGEAcwBlACAAIAAgACAAIAAgAD0AIAAnAEMAOgBcAFQAbwBvAGwAcwBcAFMAaQBnAG0AYQAnAA0ACgAkAGMAaABhAGkAbgBzAGEAdwAgACAAPQAgAEoAbwBpAG4ALQBQAGEAdABoACAAJABiAGEAcwBlACAAJwBjAGgAYQBpAG4AcwBhAHcAXABjAGgAYQBpAG4AcwBhAHcALgBlAHgAZQAnAA0ACgAkAG0AYQBwACAAIAAgACAAIAAgACAAPQAgAEoAbwBpAG4ALQBQAGEAdABoACAAJABiAGEAcwBlACAAJwBjAGgAYQBpAG4AcwBhAHcAXABtAGEAcABwAGkAbgBnAHMAXABzAGkAZwBtAGEALQBlAHYAZQBuAHQALQBsAG8AZwBzAC0AYQBsAGwALgB5AG0AbAAnAA0ACgAkAG8AdQB0ACAAIAAgACAAIAAgACAAPQAgAEoAbwBpAG4ALQBQAGEAdABoACAAJABiAGEAcwBlACAAJwBvAHUAdAAnAA0ACgAkAHIAdQBsAGUAcwAgACAAIAAgACAAPQAgACcAQwA6AFwAVABlAG0AcABcAGQAZQB0AGUAYwBoAHQAaQB2AGUAXwByAHUAbABlAHMAXwAyADAAMgA2ADAAMwAxADcAXwAyADEANAAxADUANABcAGQAZQB0AGUAYwBoAHQAaQB2AGUAXwB0AGUAcwB0AF8AdwBoAG8AYQBtAGkALgB5AG0AbAAnAA0ACgAkAHQAYQByAGcAZQB0AEwAbwBnACAAPQAgACcAQwA6AFwAVwBpAG4AZABvAHcAcwBcAFMAeQBzAHQAZQBtADMAMgBcAHcAaQBuAGUAdgB0AFwATABvAGcAcwBcAE0AaQBjAHIAbwBzAG8AZgB0AC0AVwBpAG4AZABvAHcAcwAtAFMAeQBzAG0AbwBuACUANABPAHAAZQByAGEAdABpAG8AbgBhAGwALgBlAHYAdAB4ACcADQAKAA0ACgBpAGYAIAAoACEAKABUAGUAcwB0AC0AUABhAHQAaAAgACQAYwBoAGEAaQBuAHMAYQB3ACkAKQAgAHsAIAB0AGgAcgBvAHcAIAAiAGMAaABhAGkAbgBzAGEAdwAuAGUAeABlACAAbQBpAHMAcwBpAG4AZwAgAGEAdAAgACQAYwBoAGEAaQBuAHMAYQB3ACIAIAB9AA0ACgBpAGYAIAAoACEAKABUAGUAcwB0AC0AUABhAHQAaAAgACQAbQBhAHAAKQApACAAIAAgACAAIAAgAHsAIAB0AGgAcgBvAHcAIAAiAG0AYQBwAHAAaQBuAGcAIABtAGkAcwBzAGkAbgBnACAAYQB0ACAAJABtAGEAcAAiACAAfQANAAoAaQBmACAAKAAhACgAVABlAHMAdAAtAFAAYQB0AGgAIAAkAHIAdQBsAGUAcwApACkAIAAgACAAIAB7ACAAdABoAHIAbwB3ACAAIgByAHUAbABlAHMAIABwAGEAdABoACAAbQBpAHMAcwBpAG4AZwAgAGEAdAAgACQAcgB1AGwAZQBzACIAIAB9AA0ACgBpAGYAIAAoACEAKABUAGUAcwB0AC0AUABhAHQAaAAgACQAdABhAHIAZwBlAHQATABvAGcAKQApACAAewAgAHQAaAByAG8AdwAgACIAVABhAHIAZwBlAHQAIABsAG8AZwAgAHAAYQB0AGgAIABuAG8AdAAgAGYAbwB1AG4AZAAgAGEAdAAgACQAdABhAHIAZwBlAHQATABvAGcAIgAgAH0ADQAKAA0ACgBOAGUAdwAtAEkAdABlAG0AIAAtAEkAdABlAG0AVAB5AHAAZQAgAEQAaQByAGUAYwB0AG8AcgB5ACAALQBGAG8AcgBjAGUAIAAkAG8AdQB0ACAAfAAgAE8AdQB0AC0ATgB1AGwAbAANAAoADQAKACQAdABvACAAIAAgACAAIAAgAD0AIAAoAEcAZQB0AC0ARABhAHQAZQApAC4AVABvAFUAbgBpAHYAZQByAHMAYQBsAFQAaQBtAGUAKAApAAoAJABmAHIAbwBtACAAIAAgACAAPQAgACQAdABvAC4AQQBkAGQATQBpAG4AdQB0AGUAcwAoAC0ANgAwACkACgAkAGYAcgBvAG0AUwB0AHIAIAA9ACAAJABmAHIAbwBtAC4AVABvAFMAdAByAGkAbgBnACgAJwB5AHkAeQB5AC0ATQBNAC0AZABkAFQASABIADoAbQBtADoAcwBzACcAKQAKACQAdABvAFMAdAByACAAIAAgAD0AIAAkAHQAbwAuAFQAbwBTAHQAcgBpAG4AZwAoACcAeQB5AHkAeQAtAE0ATQAtAGQAZABUAEgASAA6AG0AbQA6AHMAcwAnACkACgANAAoAJABzAHQAYQBtAHAAIAAgACAAPQAgACgARwBlAHQALQBEAGEAdABlACkALgBUAG8AUwB0AHIAaQBuAGcAKAAnAHkAeQB5AHkATQBNAGQAZABfAEgASABtAG0AcwBzACcAKQANAAoAJABvAHUAdABGAGkAbABlACAAPQAgAEoAbwBpAG4ALQBQAGEAdABoACAAJABvAHUAdAAgACgAJwBzAGkAZwBtAGEAXwAnACAAKwAgACQAZQBuAHYAOgBDAE8ATQBQAFUAVABFAFIATgBBAE0ARQAgACsAIAAnAF8AJwAgACsAIAAkAHMAdABhAG0AcAAgACsAIAAnAC4AagBzAG8AbgAnACkADQAKAA0ACgAkAEMAaABhAGkAbgBzAGEAdwBQAGEAcgBhAG0AcwAgAD0AIABAACgADQAKACAAIAAnAGgAdQBuAHQAJwAsACAAJAB0AGEAcgBnAGUAdABMAG8AZwAsAA0ACgAgACAAJwAtAHMAJwAsACAAJAByAHUAbABlAHMALAANAAoAIAAgACcALQBtACcALAAgACQAbQBhAHAALAANAAoAIAAgACcALQAtAGoAcwBvAG4AJwAsAA0ACgAgACAAJwAtAG8AJwAsACAAJABvAHUAdABGAGkAbABlACwADQAKACAAIAAnAC0ALQBzAGsAaQBwAC0AZQByAHIAbwByAHMAJwAsAA0ACgAgACAAJwAtAHEAJwANAAoAKQANAAoADQAKAGkAZgAgACgALQBuAG8AdAAgACQAZgBhAGwAcwBlACkAIAB7AA0ACgAgACAAIAAgACQAQwBoAGEAaQBuAHMAYQB3AFAAYQByAGEAbQBzACAAKwA9ACAAJwAtAC0AZgByAG8AbQAnAA0ACgAgACAAIAAgACQAQwBoAGEAaQBuAHMAYQB3AFAAYQByAGEAbQBzACAAKwA9ACAAJABmAHIAbwBtAFMAdAByAA0ACgAgACAAIAAgACQAQwBoAGEAaQBuAHMAYQB3AFAAYQByAGEAbQBzACAAKwA9ACAAJwAtAC0AdABvACcADQAKACAAIAAgACAAJABDAGgAYQBpAG4AcwBhAHcAUABhAHIAYQBtAHMAIAArAD0AIAAkAHQAbwBTAHQAcgANAAoAfQANAAoADQAKACYAIAAkAGMAaABhAGkAbgBzAGEAdwAgAEAAQwBoAGEAaQBuAHMAYQB3AFAAYQByAGEAbQBzACAAfAAgAE8AdQB0AC0ATgB1AGwAbAANAAoAJABjAGgAYQBpAG4AcwBhAHcARQB4AGkAdAAgAD0AIAAkAEwAQQBTAFQARQBYAEkAVABDAE8ARABFAA0ACgANAAoAaQBmACAAKAAkAGMAaABhAGkAbgBzAGEAdwBFAHgAaQB0ACAALQBuAGUAIAAwACkAIAB7AA0ACgAgACAAIAAgAHQAaAByAG8AdwAgACIAQwBoAGEAaQBuAHMAYQB3ACAAZQB4AGkAdABlAGQAIAB3AGkAdABoACAAYwBvAGQAZQAgACQAYwBoAGEAaQBuAHMAYQB3AEUAeABpAHQAIgANAAoAfQANAAoADQAKAGkAZgAgACgAIQAoAFQAZQBzAHQALQBQAGEAdABoACAAJABvAHUAdABGAGkAbABlACkAKQAgAHsADQAKACAAIAAgACAAdABoAHIAbwB3ACAAIgBDAGgAYQBpAG4AcwBhAHcAIABkAGkAZAAgAG4AbwB0ACAAcAByAG8AZAB1AGMAZQAgAGEAbgAgAG8AdQB0AHAAdQB0ACAAZgBpAGwAZQAuACIADQAKAH0ADQAKAA0ACgBXAHIAaQB0AGUALQBPAHUAdABwAHUAdAAgACIAUgBFAFMAVQBMAFQAXwBQAEEAVABIADoAJABvAHUAdABGAGkAbABlACIADQAKAFcAcgBpAHQAZQAtAE8AdQB0AHAAdQB0ACAAIgBSAEUAUwBVAEwAVABfAEUAWABJAFQAQwBPAEQARQA6ACQAYwBoAGEAaQBuAHMAYQB3AEUAeABpAHQAIgANAAoAZQB4AGkAdAAgADAADQAKAH0ADQAKAGMAYQB0AGMAaAAgAHsADQAKACAAIAAgACAAVwByAGkAdABlAC0ARQByAHIAbwByACAAKAAkAF8AIAB8ACAATwB1AHQALQBTAHQAcgBpAG4AZwApAA0ACgAgACAAIAAgAGUAeABpAHQAIAAxAA0ACgB9AA==","Product":"-","Company":"-","ParentProcessId":8104,"ParentUser":"DESKTOP-R6RCFOA\\don","LogonGuid":"75C6E5F1-2D13-69BA-3783-520000000000","Hashes":"MD5=8C2B77E09426881949FE83F948F5BF91,SHA256=E6B5C767FA745C5E23BD64B95B043AF11D054E4E15DC96A5EE02C27DD40C0DBE,IMPHASH=824058AA9FF87B0A02297F0DBE90EF74","ParentProcessGuid":"75C6E5F1-2D13-69BA-8B02-000000001500","ProcessId":7988,"CurrentDirectory":"C:\\Users\\don\\","ProcessGuid":"75C6E5F1-2D14-69BA-8C02-000000001500","CommandLine":"\"C:\\Tools\\Sigma\\chainsaw\\chainsaw.exe\" hunt C:\\Windows\\System32\\winevt\\Logs\\Microsoft-Windows-Sysmon%%4Operational.evtx -s C:\\Temp\\detechtive_rules_20260317_214154\\detechtive_test_whoami.yml -m C:\\Tools\\Sigma\\chainsaw\\mappings\\sigma-event-logs-all.yml --json -o C:\\Tools\\Sigma\\out\\sigma_DESKTOP-R6RCFOA_20260317_214155.json --skip-errors -q --from 2026-03-18T03:41:55 --to 2026-03-18T04:41:55","FileVersion":"-","User":"DESKTOP-R6RCFOA\\don","LogonId":"0x528337","IntegrityLevel":"High","ParentImage":"C:\\Windows\\System32\\WindowsPowerShell\\v1.0\\powershell.exe","UtcTime":"2026-03-18 04:41:56.689"},"System":{"EventID":1,"Level":4,"Provider_attributes":{"Name":"Microsoft-Windows-Sysmon","Guid":"5770385F-C22A-43E0-BF4C-06F5698FFBD9"},"Version":5,"Task":1,"Opcode":0,"TimeCreated_attributes":{"SystemTime":"2026-03-18T04:41:56.713760Z"},"Execution_attributes":{"ProcessID":2164,"ThreadID":3732},"Correlation":null,"Keywords":"0x8000000000000000","Security_attributes":{"UserID":"S-1-5-18"},"EventRecordID":4508,"Channel":"Microsoft-Windows-Sysmon/Operational","Computer":"DESKTOP-R6RCFOA"}},"Event_attributes":{"xmlns":"http://schemas.microsoft.com/win/2004/08/events/event"}}},"name":"DeTechTive Test - whoami execution","timestamp":"2026-03-18T04:41:56.713760+00:00","authors":["DeTechTive"],"level":"low","source":"sigma","status":"experimental","id":"1bb8fd00-0d3b-4be2-9e12-c5dc5d8f7a31","logsource":{"category":"process_creation","product":"windows"}},{"group":"Sigma","kind":"individual","document":{"kind":"evtx","path":"C:\\Windows\\System32\\winevt\\Logs\\Microsoft-Windows-Sysmon%4Operational.evtx","data":{"Event":{"EventData":{"Image":"C:\\Windows\\System32\\whoami.exe","RuleName":"-","Description":"whoami - displays logged on user information","OriginalFileName":"whoami.exe","TerminalSessionId":0,"ParentCommandLine":"powershell  -NoLogo -NoProfile -NonInteractive -ExecutionPolicy Bypass -EncodedCommand TgBlAHcALQBJAHQAZQBtACAALQBJAHQAZQBtAFQAeQBwAGUAIABEAGkAcgBlAGMAdABvAHIAeQAgAC0ARgBvAHIAYwBlACAALQBQAGEAdABoACAAJwBDADoAXABJAG8AQwAnACAAfAAgAE8AdQB0AC0ATgB1AGwAbAAKAEAAJwAKAHAAbwB3AGUAcgBzAGgAZQBsAGwACgAtAGUAbgBjAAoARgByAG8AbQBCAGEAcwBlADYANABTAHQAcgBpAG4AZwAKACcAQAAgAHwAIABTAGUAdAAtAEMAbwBuAHQAZQBuAHQAIAAtAEwAaQB0AGUAcgBhAGwAUABhAHQAaAAgACcAQwA6AFwASQBvAEMAXABkAGUAdABlAGMAaAB0AGkAdgBlAF8AcABzAF8AZQBuAGMAbwBkAGUAZAAuAHQAeAB0ACcACgB3AGgAbwBhAG0AaQAgAHwAIABPAHUAdAAtAE4AdQBsAGwACgBpAHAAYwBvAG4AZgBpAGcAIAB8ACAATwB1AHQALQBOAHUAbABsAAoAbgBlAHQAIAB1AHMAZQByACAAfAAgAE8AdQB0AC0ATgB1AGwAbAA=","Product":"Microsoft® Windows® Operating System","Company":"Microsoft Corporation","ParentProcessId":7248,"ParentUser":"DESKTOP-R6RCFOA\\don","LogonGuid":"75C6E5F1-2D39-69BA-A0DE-520000000000","Hashes":"MD5=A4A6924F3EAF97981323703D38FD99C4,SHA256=1D4902A04D99E8CCBFE7085E63155955FEE397449D386453F6C452AE407B8743,IMPHASH=7FF0758B766F747CE57DFAC70743FB88","ParentProcessGuid":"75C6E5F1-2D39-69BA-9E02-000000001500","ProcessId":5348,"CurrentDirectory":"C:\\Users\\don\\","ProcessGuid":"75C6E5F1-2D39-69BA-9F02-000000001500","CommandLine":"\"C:\\Windows\\system32\\whoami.exe\"","FileVersion":"10.0.19041.1 (WinBuild.160101.0800)","User":"DESKTOP-R6RCFOA\\don","LogonId":"0x52dea0","IntegrityLevel":"High","ParentImage":"C:\\Windows\\System32\\WindowsPowerShell\\v1.0\\powershell.exe","UtcTime":"2026-03-18 04:42:33.464"},"System":{"EventID":1,"Level":4,"Provider_attributes":{"Name":"Microsoft-Windows-Sysmon","Guid":"5770385F-C22A-43E0-BF4C-06F5698FFBD9"},"Version":5,"Task":1,"Opcode":0,"TimeCreated_attributes":{"SystemTime":"2026-03-18T04:42:33.469829Z"},"Execution_attributes":{"ProcessID":2164,"ThreadID":3732},"Correlation":null,"Keywords":"0x8000000000000000","Security_attributes":{"UserID":"S-1-5-18"},"EventRecordID":4529,"Channel":"Microsoft-Windows-Sysmon/Operational","Computer":"DESKTOP-R6RCFOA"}},"Event_attributes":{"xmlns":"http://schemas.microsoft.com/win/2004/08/events/event"}}},"name":"DeTechTive Test - whoami execution","timestamp":"2026-03-18T04:42:33.469829+00:00","authors":["DeTechTive"],"level":"low","source":"sigma","status":"experimental","id":"1bb8fd00-0d3b-4be2-9e12-c5dc5d8f7a31","logsource":{"category":"process_creation","product":"windows"}},{"group":"Sigma","kind":"individual","document":{"kind":"evtx","path":"C:\\Windows\\System32\\winevt\\Logs\\Microsoft-Windows-Sysmon%4Operational.evtx","data":{"Event":{"EventData":{"Image":"C:\\Windows\\System32\\whoami.exe","RuleName":"-","Description":"whoami - displays logged on user information","OriginalFileName":"whoami.exe","TerminalSessionId":0,"ParentCommandLine":"powershell  -NoLogo -NoProfile -NonInteractive -ExecutionPolicy Bypass -EncodedCommand TgBlAHcALQBJAHQAZQBtACAALQBJAHQAZQBtAFQAeQBwAGUAIABEAGkAcgBlAGMAdABvAHIAeQAgAC0ARgBvAHIAYwBlACAALQBQAGEAdABoACAAJwBDADoAXABJAG8AQwAnACAAfAAgAE8AdQB0AC0ATgB1AGwAbAAKAEAAJwAKAHAAbwB3AGUAcgBzAGgAZQBsAGwACgAtAGUAbgBjAAoARgByAG8AbQBCAGEAcwBlADYANABTAHQAcgBpAG4AZwAKACcAQAAgAHwAIABTAGUAdAAtAEMAbwBuAHQAZQBuAHQAIAAtAEwAaQB0AGUAcgBhAGwAUABhAHQAaAAgACcAQwA6AFwASQBvAEMAXABkAGUAdABlAGMAaAB0AGkAdgBlAF8AcABzAF8AZQBuAGMAbwBkAGUAZAAuAHQAeAB0ACcACgB3AGgAbwBhAG0AaQAgAHwAIABPAHUAdAAtAE4AdQBsAGwACgBpAHAAYwBvAG4AZgBpAGcAIAB8ACAATwB1AHQALQBOAHUAbABsAAoAbgBlAHQAIAB1AHMAZQByACAAfAAgAE8AdQB0AC0ATgB1AGwAbAA=","Product":"Microsoft® Windows® Operating System","Company":"Microsoft Corporation","ParentProcessId":5520,"ParentUser":"DESKTOP-R6RCFOA\\don","LogonGuid":"75C6E5F1-2FA8-69BA-1784-540000000000","Hashes":"MD5=A4A6924F3EAF97981323703D38FD99C4,SHA256=1D4902A04D99E8CCBFE7085E63155955FEE397449D386453F6C452AE407B8743,IMPHASH=7FF0758B766F747CE57DFAC70743FB88","ParentProcessGuid":"75C6E5F1-2FA8-69BA-D102-000000001500","ProcessId":5660,"CurrentDirectory":"C:\\Users\\don\\","ProcessGuid":"75C6E5F1-2FA8-69BA-D202-000000001500","CommandLine":"\"C:\\Windows\\system32\\whoami.exe\"","FileVersion":"10.0.19041.1 (WinBuild.160101.0800)","User":"DESKTOP-R6RCFOA\\don","LogonId":"0x548417","IntegrityLevel":"High","ParentImage":"C:\\Windows\\System32\\WindowsPowerShell\\v1.0\\powershell.exe","UtcTime":"2026-03-18 04:52:56.444"},"System":{"EventID":1,"Level":4,"Provider_attributes":{"Name":"Microsoft-Windows-Sysmon","Guid":"5770385F-C22A-43E0-BF4C-06F5698FFBD9"},"Version":5,"Task":1,"Opcode":0,"TimeCreated_attributes":{"SystemTime":"2026-03-18T04:52:56.449217Z"},"Execution_attributes":{"ProcessID":2164,"ThreadID":3732},"Correlation":null,"Keywords":"0x8000000000000000","Security_attributes":{"UserID":"S-1-5-18"},"EventRecordID":4583,"Channel":"Microsoft-Windows-Sysmon/Operational","Computer":"DESKTOP-R6RCFOA"}},"Event_attributes":{"xmlns":"http://schemas.microsoft.com/win/2004/08/events/event"}}},"name":"DeTechTive Test - whoami execution","timestamp":"2026-03-18T04:52:56.449217+00:00","authors":["DeTechTive"],"level":"low","source":"sigma","status":"experimental","id":"1bb8fd00-0d3b-4be2-9e12-c5dc5d8f7a31","logsource":{"category":"process_creation","product":"windows"}}]}}