{"metadata":{"target_server":"don@172.165.50.130","os_type":"windows","timestamp_utc":"2026-03-16T17:26:17Z","scanner_type":"SIGMA","command_line":"chainsaw hunt C:\\Windows\\System32\\winevt\\Logs\\Microsoft-Windows-Sysmon%4Operational.evtx -s C:\\Temp\\detechtive_rules_20260316_102614\\detechtive_test_whoami.yml -m C:\\Tools\\Sigma\\chainsaw\\mappings\\sigma-event-logs-all.yml","exit_code":0},"raw_scanner_payload":{"detection_count":14,"source_log":"C:\\Windows\\System32\\winevt\\Logs\\Microsoft-Windows-Sysmon%4Operational.evtx","scan_entire_log":false,"minutes_back":60,"rule_source":"detechtive_test_whoami.yml","rule_source_type":"custom","result_file":"C:\\Tools\\Sigma\\results\\172.165.50.130\\sigma_DESKTOP-DTGLPQE_20260316_102615.json","detections":[{"group":"Sigma","kind":"individual","document":{"kind":"evtx","path":"C:\\Windows\\System32\\winevt\\Logs\\Microsoft-Windows-Sysmon%4Operational.evtx","data":{"Event":{"EventData":{"Image":"C:\\Windows\\System32\\whoami.exe","RuleName":"-","Description":"whoami - displays logged on user information","OriginalFileName":"whoami.exe","TerminalSessionId":1,"ParentCommandLine":"C:\\Windows\\System32\\WindowsPowerShell\\v1.0\\powershell.exe","Product":"Microsoft® Windows® Operating System","Company":"Microsoft Corporation","ParentProcessId":5340,"ParentUser":"DESKTOP-DTGLPQE\\don","LogonGuid":"24C9C544-8C0B-69B7-8359-060000000000","Hashes":"SHA256=1D4902A04D99E8CCBFE7085E63155955FEE397449D386453F6C452AE407B8743","ParentProcessGuid":"24C9C544-9B16-69B7-3401-000000002A00","ProcessId":3848,"CurrentDirectory":"C:\\Users\\don\\","ProcessGuid":"24C9C544-3190-69B8-C304-000000002A00","CommandLine":"\"C:\\Windows\\system32\\whoami.exe\"","FileVersion":"10.0.19041.1 (WinBuild.160101.0800)","User":"DESKTOP-DTGLPQE\\don","LogonId":"0x65983","IntegrityLevel":"Medium","ParentImage":"C:\\Windows\\System32\\WindowsPowerShell\\v1.0\\powershell.exe","UtcTime":"2026-03-16 16:36:32.750"},"System":{"EventID":1,"Level":4,"Provider_attributes":{"Name":"Microsoft-Windows-Sysmon","Guid":"5770385F-C22A-43E0-BF4C-06F5698FFBD9"},"Version":5,"Task":1,"Opcode":0,"TimeCreated_attributes":{"SystemTime":"2026-03-16T16:36:32.756489Z"},"Execution_attributes":{"ProcessID":2132,"ThreadID":3368},"Correlation":null,"Keywords":"0x8000000000000000","Security_attributes":{"UserID":"S-1-5-18"},"EventRecordID":23190,"Channel":"Microsoft-Windows-Sysmon/Operational","Computer":"DESKTOP-DTGLPQE"}},"Event_attributes":{"xmlns":"http://schemas.microsoft.com/win/2004/08/events/event"}}},"name":"DeTechTive Test - whoami execution","timestamp":"2026-03-16T16:36:32.756489+00:00","authors":["DeTechTive"],"level":"low","source":"sigma","status":"experimental","id":"1bb8fd00-0d3b-4be2-9e12-c5dc5d8f7a31","logsource":{"category":"process_creation","product":"windows"}},{"group":"Sigma","kind":"individual","document":{"kind":"evtx","path":"C:\\Windows\\System32\\winevt\\Logs\\Microsoft-Windows-Sysmon%4Operational.evtx","data":{"Event":{"EventData":{"Image":"C:\\Windows\\System32\\whoami.exe","RuleName":"-","Description":"whoami - displays logged on user information","OriginalFileName":"whoami.exe","TerminalSessionId":1,"ParentCommandLine":"C:\\Windows\\System32\\WindowsPowerShell\\v1.0\\powershell.exe","Product":"Microsoft® Windows® Operating System","Company":"Microsoft Corporation","ParentProcessId":5340,"ParentUser":"DESKTOP-DTGLPQE\\don","LogonGuid":"24C9C544-8C0B-69B7-8359-060000000000","Hashes":"SHA256=1D4902A04D99E8CCBFE7085E63155955FEE397449D386453F6C452AE407B8743","ParentProcessGuid":"24C9C544-9B16-69B7-3401-000000002A00","ProcessId":3428,"CurrentDirectory":"C:\\Users\\don\\","ProcessGuid":"24C9C544-347B-69B8-DC04-000000002A00","CommandLine":"\"C:\\Windows\\system32\\whoami.exe\"","FileVersion":"10.0.19041.1 (WinBuild.160101.0800)","User":"DESKTOP-DTGLPQE\\don","LogonId":"0x65983","IntegrityLevel":"Medium","ParentImage":"C:\\Windows\\System32\\WindowsPowerShell\\v1.0\\powershell.exe","UtcTime":"2026-03-16 16:48:59.095"},"System":{"EventID":1,"Level":4,"Provider_attributes":{"Name":"Microsoft-Windows-Sysmon","Guid":"5770385F-C22A-43E0-BF4C-06F5698FFBD9"},"Version":5,"Task":1,"Opcode":0,"TimeCreated_attributes":{"SystemTime":"2026-03-16T16:48:59.097505Z"},"Execution_attributes":{"ProcessID":2132,"ThreadID":3368},"Correlation":null,"Keywords":"0x8000000000000000","Security_attributes":{"UserID":"S-1-5-18"},"EventRecordID":23236,"Channel":"Microsoft-Windows-Sysmon/Operational","Computer":"DESKTOP-DTGLPQE"}},"Event_attributes":{"xmlns":"http://schemas.microsoft.com/win/2004/08/events/event"}}},"name":"DeTechTive Test - whoami execution","timestamp":"2026-03-16T16:48:59.097505+00:00","authors":["DeTechTive"],"level":"low","source":"sigma","status":"experimental","id":"1bb8fd00-0d3b-4be2-9e12-c5dc5d8f7a31","logsource":{"category":"process_creation","product":"windows"}},{"group":"Sigma","kind":"individual","document":{"kind":"evtx","path":"C:\\Windows\\System32\\winevt\\Logs\\Microsoft-Windows-Sysmon%4Operational.evtx","data":{"Event":{"EventData":{"Image":"C:\\Tools\\Sigma\\chainsaw\\chainsaw.exe","RuleName":"-","Description":"-","OriginalFileName":"-","TerminalSessionId":0,"ParentCommandLine":"powershell  -NoProfile -NonInteractive -ExecutionPolicy Bypass -EncodedCommand JABFAHIAcgBvAHIAQQBjAHQAaQBvAG4AUAByAGUAZgBlAHIAZQBuAGMAZQAgAD0AIAAnAFMAdABvAHAAJwANAAoAdAByAHkAIAB7AA0ACgAkAFAAcgBvAGcAcgBlAHMAcwBQAHIAZQBmAGUAcgBlAG4AYwBlACAAPQAgACcAUwBpAGwAZQBuAHQAbAB5AEMAbwBuAHQAaQBuAHUAZQAnAA0ACgANAAoAJABiAGEAcwBlACAAIAAgACAAIAAgAD0AIAAnAEMAOgBcAFQAbwBvAGwAcwBcAFMAaQBnAG0AYQAnAA0ACgAkAGMAaABhAGkAbgBzAGEAdwAgACAAPQAgAEoAbwBpAG4ALQBQAGEAdABoACAAJABiAGEAcwBlACAAJwBjAGgAYQBpAG4AcwBhAHcAXABjAGgAYQBpAG4AcwBhAHcALgBlAHgAZQAnAA0ACgAkAG0AYQBwACAAIAAgACAAIAAgACAAPQAgAEoAbwBpAG4ALQBQAGEAdABoACAAJABiAGEAcwBlACAAJwBjAGgAYQBpAG4AcwBhAHcAXABtAGEAcABwAGkAbgBnAHMAXABzAGkAZwBtAGEALQBlAHYAZQBuAHQALQBsAG8AZwBzAC0AYQBsAGwALgB5AG0AbAAnAA0ACgAkAG8AdQB0ACAAIAAgACAAIAAgACAAPQAgAEoAbwBpAG4ALQBQAGEAdABoACAAJABiAGEAcwBlACAAJwBvAHUAdAAnAA0ACgAkAHIAdQBsAGUAcwAgACAAIAAgACAAPQAgACcAQwA6AFwAVABlAG0AcABcAGQAZQB0AGUAYwBoAHQAaQB2AGUAXwByAHUAbABlAHMAXwAyADAAMgA2ADAAMwAxADYAXwAwADkANQA3ADAAMwBcAGQAZQB0AGUAYwBoAHQAaQB2AGUAXwB0AGUAcwB0AF8AdwBoAG8AYQBtAGkALgB5AG0AbAAnAA0ACgAkAHQAYQByAGcAZQB0AEwAbwBnACAAPQAgACcAQwA6AFwAVwBpAG4AZABvAHcAcwBcAFMAeQBzAHQAZQBtADMAMgBcAHcAaQBuAGUAdgB0AFwATABvAGcAcwBcAE0AaQBjAHIAbwBzAG8AZgB0AC0AVwBpAG4AZABvAHcAcwAtAFMAeQBzAG0AbwBuACUANABPAHAAZQByAGEAdABpAG8AbgBhAGwALgBlAHYAdAB4ACcADQAKAA0ACgBpAGYAIAAoACEAKABUAGUAcwB0AC0AUABhAHQAaAAgACQAYwBoAGEAaQBuAHMAYQB3ACkAKQAgAHsAIAB0AGgAcgBvAHcAIAAiAGMAaABhAGkAbgBzAGEAdwAuAGUAeABlACAAbQBpAHMAcwBpAG4AZwAgAGEAdAAgACQAYwBoAGEAaQBuAHMAYQB3ACIAIAB9AA0ACgBpAGYAIAAoACEAKABUAGUAcwB0AC0AUABhAHQAaAAgACQAbQBhAHAAKQApACAAIAAgACAAIAAgAHsAIAB0AGgAcgBvAHcAIAAiAG0AYQBwAHAAaQBuAGcAIABtAGkAcwBzAGkAbgBnACAAYQB0ACAAJABtAGEAcAAiACAAfQANAAoAaQBmACAAKAAhACgAVABlAHMAdAAtAFAAYQB0AGgAIAAkAHIAdQBsAGUAcwApACkAIAAgACAAIAB7ACAAdABoAHIAbwB3ACAAIgByAHUAbABlAHMAIABwAGEAdABoACAAbQBpAHMAcwBpAG4AZwAgAGEAdAAgACQAcgB1AGwAZQBzACIAIAB9AA0ACgBpAGYAIAAoACEAKABUAGUAcwB0AC0AUABhAHQAaAAgACQAdABhAHIAZwBlAHQATABvAGcAKQApACAAewAgAHQAaAByAG8AdwAgACIAVABhAHIAZwBlAHQAIABsAG8AZwAgAHAAYQB0AGgAIABuAG8AdAAgAGYAbwB1AG4AZAAgAGEAdAAgACQAdABhAHIAZwBlAHQATABvAGcAIgAgAH0ADQAKAA0ACgBOAGUAdwAtAEkAdABlAG0AIAAtAEkAdABlAG0AVAB5AHAAZQAgAEQAaQByAGUAYwB0AG8AcgB5ACAALQBGAG8AcgBjAGUAIAAkAG8AdQB0ACAAfAAgAE8AdQB0AC0ATgB1AGwAbAANAAoADQAKACQAdABvACAAIAAgACAAIAAgAD0AIAAoAEcAZQB0AC0ARABhAHQAZQApAC4AVABvAFUAbgBpAHYAZQByAHMAYQBsAFQAaQBtAGUAKAApAA0ACgAkAGYAcgBvAG0AIAAgACAAIAA9ACAAJAB0AG8ALgBBAGQAZABNAGkAbgB1AHQAZQBzACgALQAxADUAKQANAAoAJABmAHIAbwBtAFMAdAByACAAPQAgACQAZgByAG8AbQAuAFQAbwBTAHQAcgBpAG4AZwAoACcAeQB5AHkAeQAtAE0ATQAtAGQAZABUAEgASAA6AG0AbQA6AHMAcwAnACkADQAKACQAdABvAFMAdAByACAAIAAgAD0AIAAkAHQAbwAuAFQAbwBTAHQAcgBpAG4AZwAoACcAeQB5AHkAeQAtAE0ATQAtAGQAZABUAEgASAA6AG0AbQA6AHMAcwAnACkADQAKAA0ACgAkAHMAdABhAG0AcAAgACAAIAA9ACAAKABHAGUAdAAtAEQAYQB0AGUAKQAuAFQAbwBTAHQAcgBpAG4AZwAoACcAeQB5AHkAeQBNAE0AZABkAF8ASABIAG0AbQBzAHMAJwApAA0ACgAkAG8AdQB0AEYAaQBsAGUAIAA9ACAASgBvAGkAbgAtAFAAYQB0AGgAIAAkAG8AdQB0ACAAKAAnAHMAaQBnAG0AYQBfACcAIAArACAAJABlAG4AdgA6AEMATwBNAFAAVQBUAEUAUgBOAEEATQBFACAAKwAgACcAXwAnACAAKwAgACQAcwB0AGEAbQBwACAAKwAgACcALgBqAHMAbwBuACcAKQANAAoADQAKACQAQwBoAGEAaQBuAHMAYQB3AFAAYQByAGEAbQBzACAAPQAgAEAAKAANAAoAIAAgACcAaAB1AG4AdAAnACwAIAAkAHQAYQByAGcAZQB0AEwAbwBnACwADQAKACAAIAAnAC0AcwAnACwAIAAkAHIAdQBsAGUAcwAsAA0ACgAgACAAJwAtAG0AJwAsACAAJABtAGEAcAAsAA0ACgAgACAAJwAtAC0AagBzAG8AbgAnACwADQAKACAAIAAnAC0AbwAnACwAIAAkAG8AdQB0AEYAaQBsAGUALAANAAoAIAAgACcALQAtAHMAawBpAHAALQBlAHIAcgBvAHIAcwAnACwADQAKACAAIAAnAC0AcQAnAA0ACgApAA0ACgANAAoAaQBmACAAKAAtAG4AbwB0ACAAJABmAGEAbABzAGUAKQAgAHsADQAKACAAIAAgACAAJABDAGgAYQBpAG4AcwBhAHcAUABhAHIAYQBtAHMAIAArAD0AIAAnAC0ALQBmAHIAbwBtACcADQAKACAAIAAgACAAJABDAGgAYQBpAG4AcwBhAHcAUABhAHIAYQBtAHMAIAArAD0AIAAkAGYAcgBvAG0AUwB0AHIADQAKACAAIAAgACAAJABDAGgAYQBpAG4AcwBhAHcAUABhAHIAYQBtAHMAIAArAD0AIAAnAC0ALQB0AG8AJwANAAoAIAAgACAAIAAkAEMAaABhAGkAbgBzAGEAdwBQAGEAcgBhAG0AcwAgACsAPQAgACQAdABvAFMAdAByAA0ACgB9AA0ACgANAAoAJgAgACQAYwBoAGEAaQBuAHMAYQB3ACAAQABDAGgAYQBpAG4AcwBhAHcAUABhAHIAYQBtAHMAIAB8ACAATwB1AHQALQBOAHUAbABsAA0ACgAkAGMAaABhAGkAbgBzAGEAdwBFAHgAaQB0ACAAPQAgACQATABBAFMAVABFAFgASQBUAEMATwBEAEUADQAKAA0ACgBpAGYAIAAoACQAYwBoAGEAaQBuAHMAYQB3AEUAeABpAHQAIAAtAG4AZQAgADAAKQAgAHsADQAKACAAIAAgACAAdABoAHIAbwB3ACAAIgBDAGgAYQBpAG4AcwBhAHcAIABlAHgAaQB0AGUAZAAgAHcAaQB0AGgAIABjAG8AZABlACAAJABjAGgAYQBpAG4AcwBhAHcARQB4AGkAdAAiAA0ACgB9AA0ACgANAAoAaQBmACAAKAAhACgAVABlAHMAdAAtAFAAYQB0AGgAIAAkAG8AdQB0AEYAaQBsAGUAKQApACAAewANAAoAIAAgACAAIAB0AGgAcgBvAHcAIAAiAEMAaABhAGkAbgBzAGEAdwAgAGQAaQBkACAAbgBvAHQAIABwAHIAbwBkAHUAYwBlACAAYQBuACAAbwB1AHQAcAB1AHQAIABmAGkAbABlAC4AIgANAAoAfQANAAoADQAKAFcAcgBpAHQAZQAtAE8AdQB0AHAAdQB0ACAAIgBSAEUAUwBVAEwAVABfAFAAQQBUAEgAOgAkAG8AdQB0AEYAaQBsAGUAIgANAAoAVwByAGkAdABlAC0ATwB1AHQAcAB1AHQAIAAiAFIARQBTAFUATABUAF8ARQBYAEkAVABDAE8ARABFADoAJABjAGgAYQBpAG4AcwBhAHcARQB4AGkAdAAiAA0ACgBlAHgAaQB0ACAAMAANAAoAfQANAAoAYwBhAHQAYwBoACAAewANAAoAIAAgACAAIABXAHIAaQB0AGUALQBFAHIAcgBvAHIAIAAoACQAXwAgAHwAIABPAHUAdAAtAFMAdAByAGkAbgBnACkADQAKACAAIAAgACAAZQB4AGkAdAAgADEADQAKAH0A","Product":"-","Company":"-","ParentProcessId":184,"ParentUser":"DESKTOP-DTGLPQE\\don","LogonGuid":"24C9C544-3660-69B8-049D-690000000000","Hashes":"SHA256=E6B5C767FA745C5E23BD64B95B043AF11D054E4E15DC96A5EE02C27DD40C0DBE","ParentProcessGuid":"24C9C544-3660-69B8-3105-000000002A00","ProcessId":1380,"CurrentDirectory":"C:\\Users\\don\\","ProcessGuid":"24C9C544-3661-69B8-3205-000000002A00","CommandLine":"\"C:\\Tools\\Sigma\\chainsaw\\chainsaw.exe\" hunt C:\\Windows\\System32\\winevt\\Logs\\Microsoft-Windows-Sysmon%%4Operational.evtx -s C:\\Temp\\detechtive_rules_20260316_095703\\detechtive_test_whoami.yml -m C:\\Tools\\Sigma\\chainsaw\\mappings\\sigma-event-logs-all.yml --json -o C:\\Tools\\Sigma\\out\\sigma_DESKTOP-DTGLPQE_20260316_095705.json --skip-errors -q --from 2026-03-16T16:42:05 --to 2026-03-16T16:57:05","FileVersion":"-","User":"DESKTOP-DTGLPQE\\don","LogonId":"0x699d04","IntegrityLevel":"High","ParentImage":"C:\\Windows\\System32\\WindowsPowerShell\\v1.0\\powershell.exe","UtcTime":"2026-03-16 16:57:05.435"},"System":{"EventID":1,"Level":4,"Provider_attributes":{"Name":"Microsoft-Windows-Sysmon","Guid":"5770385F-C22A-43E0-BF4C-06F5698FFBD9"},"Version":5,"Task":1,"Opcode":0,"TimeCreated_attributes":{"SystemTime":"2026-03-16T16:57:05.439749Z"},"Execution_attributes":{"ProcessID":2132,"ThreadID":3368},"Correlation":null,"Keywords":"0x8000000000000000","Security_attributes":{"UserID":"S-1-5-18"},"EventRecordID":23403,"Channel":"Microsoft-Windows-Sysmon/Operational","Computer":"DESKTOP-DTGLPQE"}},"Event_attributes":{"xmlns":"http://schemas.microsoft.com/win/2004/08/events/event"}}},"name":"DeTechTive Test - whoami execution","timestamp":"2026-03-16T16:57:05.439749+00:00","authors":["DeTechTive"],"level":"low","source":"sigma","status":"experimental","id":"1bb8fd00-0d3b-4be2-9e12-c5dc5d8f7a31","logsource":{"category":"process_creation","product":"windows"}},{"group":"Sigma","kind":"individual","document":{"kind":"evtx","path":"C:\\Windows\\System32\\winevt\\Logs\\Microsoft-Windows-Sysmon%4Operational.evtx","data":{"Event":{"EventData":{"Image":"C:\\Tools\\Sigma\\chainsaw\\chainsaw.exe","RuleName":"-","Description":"-","OriginalFileName":"-","TerminalSessionId":0,"ParentCommandLine":"powershell  -NoProfile -NonInteractive -ExecutionPolicy Bypass -EncodedCommand JABFAHIAcgBvAHIAQQBjAHQAaQBvAG4AUAByAGUAZgBlAHIAZQBuAGMAZQAgAD0AIAAnAFMAdABvAHAAJwANAAoAdAByAHkAIAB7AA0ACgAkAFAAcgBvAGcAcgBlAHMAcwBQAHIAZQBmAGUAcgBlAG4AYwBlACAAPQAgACcAUwBpAGwAZQBuAHQAbAB5AEMAbwBuAHQAaQBuAHUAZQAnAA0ACgANAAoAJABiAGEAcwBlACAAIAAgACAAIAAgAD0AIAAnAEMAOgBcAFQAbwBvAGwAcwBcAFMAaQBnAG0AYQAnAA0ACgAkAGMAaABhAGkAbgBzAGEAdwAgACAAPQAgAEoAbwBpAG4ALQBQAGEAdABoACAAJABiAGEAcwBlACAAJwBjAGgAYQBpAG4AcwBhAHcAXABjAGgAYQBpAG4AcwBhAHcALgBlAHgAZQAnAA0ACgAkAG0AYQBwACAAIAAgACAAIAAgACAAPQAgAEoAbwBpAG4ALQBQAGEAdABoACAAJABiAGEAcwBlACAAJwBjAGgAYQBpAG4AcwBhAHcAXABtAGEAcABwAGkAbgBnAHMAXABzAGkAZwBtAGEALQBlAHYAZQBuAHQALQBsAG8AZwBzAC0AYQBsAGwALgB5AG0AbAAnAA0ACgAkAG8AdQB0ACAAIAAgACAAIAAgACAAPQAgAEoAbwBpAG4ALQBQAGEAdABoACAAJABiAGEAcwBlACAAJwBvAHUAdAAnAA0ACgAkAHIAdQBsAGUAcwAgACAAIAAgACAAPQAgACcAQwA6AFwAVABlAG0AcABcAGQAZQB0AGUAYwBoAHQAaQB2AGUAXwByAHUAbABlAHMAXwAyADAAMgA2ADAAMwAxADYAXwAwADkANQA3ADAANwBcAGQAZQB0AGUAYwBoAHQAaQB2AGUAXwB0AGUAcwB0AF8AdwBoAG8AYQBtAGkALgB5AG0AbAAnAA0ACgAkAHQAYQByAGcAZQB0AEwAbwBnACAAPQAgACcAQwA6AFwAVwBpAG4AZABvAHcAcwBcAFMAeQBzAHQAZQBtADMAMgBcAHcAaQBuAGUAdgB0AFwATABvAGcAcwBcAE0AaQBjAHIAbwBzAG8AZgB0AC0AVwBpAG4AZABvAHcAcwAtAFMAeQBzAG0AbwBuACUANABPAHAAZQByAGEAdABpAG8AbgBhAGwALgBlAHYAdAB4ACcADQAKAA0ACgBpAGYAIAAoACEAKABUAGUAcwB0AC0AUABhAHQAaAAgACQAYwBoAGEAaQBuAHMAYQB3ACkAKQAgAHsAIAB0AGgAcgBvAHcAIAAiAGMAaABhAGkAbgBzAGEAdwAuAGUAeABlACAAbQBpAHMAcwBpAG4AZwAgAGEAdAAgACQAYwBoAGEAaQBuAHMAYQB3ACIAIAB9AA0ACgBpAGYAIAAoACEAKABUAGUAcwB0AC0AUABhAHQAaAAgACQAbQBhAHAAKQApACAAIAAgACAAIAAgAHsAIAB0AGgAcgBvAHcAIAAiAG0AYQBwAHAAaQBuAGcAIABtAGkAcwBzAGkAbgBnACAAYQB0ACAAJABtAGEAcAAiACAAfQANAAoAaQBmACAAKAAhACgAVABlAHMAdAAtAFAAYQB0AGgAIAAkAHIAdQBsAGUAcwApACkAIAAgACAAIAB7ACAAdABoAHIAbwB3ACAAIgByAHUAbABlAHMAIABwAGEAdABoACAAbQBpAHMAcwBpAG4AZwAgAGEAdAAgACQAcgB1AGwAZQBzACIAIAB9AA0ACgBpAGYAIAAoACEAKABUAGUAcwB0AC0AUABhAHQAaAAgACQAdABhAHIAZwBlAHQATABvAGcAKQApACAAewAgAHQAaAByAG8AdwAgACIAVABhAHIAZwBlAHQAIABsAG8AZwAgAHAAYQB0AGgAIABuAG8AdAAgAGYAbwB1AG4AZAAgAGEAdAAgACQAdABhAHIAZwBlAHQATABvAGcAIgAgAH0ADQAKAA0ACgBOAGUAdwAtAEkAdABlAG0AIAAtAEkAdABlAG0AVAB5AHAAZQAgAEQAaQByAGUAYwB0AG8AcgB5ACAALQBGAG8AcgBjAGUAIAAkAG8AdQB0ACAAfAAgAE8AdQB0AC0ATgB1AGwAbAANAAoADQAKACQAdABvACAAIAAgACAAIAAgAD0AIAAoAEcAZQB0AC0ARABhAHQAZQApAC4AVABvAFUAbgBpAHYAZQByAHMAYQBsAFQAaQBtAGUAKAApAA0ACgAkAGYAcgBvAG0AIAAgACAAIAA9ACAAJAB0AG8ALgBBAGQAZABNAGkAbgB1AHQAZQBzACgALQAxADUAKQANAAoAJABmAHIAbwBtAFMAdAByACAAPQAgACQAZgByAG8AbQAuAFQAbwBTAHQAcgBpAG4AZwAoACcAeQB5AHkAeQAtAE0ATQAtAGQAZABUAEgASAA6AG0AbQA6AHMAcwAnACkADQAKACQAdABvAFMAdAByACAAIAAgAD0AIAAkAHQAbwAuAFQAbwBTAHQAcgBpAG4AZwAoACcAeQB5AHkAeQAtAE0ATQAtAGQAZABUAEgASAA6AG0AbQA6AHMAcwAnACkADQAKAA0ACgAkAHMAdABhAG0AcAAgACAAIAA9ACAAKABHAGUAdAAtAEQAYQB0AGUAKQAuAFQAbwBTAHQAcgBpAG4AZwAoACcAeQB5AHkAeQBNAE0AZABkAF8ASABIAG0AbQBzAHMAJwApAA0ACgAkAG8AdQB0AEYAaQBsAGUAIAA9ACAASgBvAGkAbgAtAFAAYQB0AGgAIAAkAG8AdQB0ACAAKAAnAHMAaQBnAG0AYQBfACcAIAArACAAJABlAG4AdgA6AEMATwBNAFAAVQBUAEUAUgBOAEEATQBFACAAKwAgACcAXwAnACAAKwAgACQAcwB0AGEAbQBwACAAKwAgACcALgBqAHMAbwBuACcAKQANAAoADQAKACQAQwBoAGEAaQBuAHMAYQB3AFAAYQByAGEAbQBzACAAPQAgAEAAKAANAAoAIAAgACcAaAB1AG4AdAAnACwAIAAkAHQAYQByAGcAZQB0AEwAbwBnACwADQAKACAAIAAnAC0AcwAnACwAIAAkAHIAdQBsAGUAcwAsAA0ACgAgACAAJwAtAG0AJwAsACAAJABtAGEAcAAsAA0ACgAgACAAJwAtAC0AagBzAG8AbgAnACwADQAKACAAIAAnAC0AbwAnACwAIAAkAG8AdQB0AEYAaQBsAGUALAANAAoAIAAgACcALQAtAHMAawBpAHAALQBlAHIAcgBvAHIAcwAnACwADQAKACAAIAAnAC0AcQAnAA0ACgApAA0ACgANAAoAaQBmACAAKAAtAG4AbwB0ACAAJABmAGEAbABzAGUAKQAgAHsADQAKACAAIAAgACAAJABDAGgAYQBpAG4AcwBhAHcAUABhAHIAYQBtAHMAIAArAD0AIAAnAC0ALQBmAHIAbwBtACcADQAKACAAIAAgACAAJABDAGgAYQBpAG4AcwBhAHcAUABhAHIAYQBtAHMAIAArAD0AIAAkAGYAcgBvAG0AUwB0AHIADQAKACAAIAAgACAAJABDAGgAYQBpAG4AcwBhAHcAUABhAHIAYQBtAHMAIAArAD0AIAAnAC0ALQB0AG8AJwANAAoAIAAgACAAIAAkAEMAaABhAGkAbgBzAGEAdwBQAGEAcgBhAG0AcwAgACsAPQAgACQAdABvAFMAdAByAA0ACgB9AA0ACgANAAoAJgAgACQAYwBoAGEAaQBuAHMAYQB3ACAAQABDAGgAYQBpAG4AcwBhAHcAUABhAHIAYQBtAHMAIAB8ACAATwB1AHQALQBOAHUAbABsAA0ACgAkAGMAaABhAGkAbgBzAGEAdwBFAHgAaQB0ACAAPQAgACQATABBAFMAVABFAFgASQBUAEMATwBEAEUADQAKAA0ACgBpAGYAIAAoACQAYwBoAGEAaQBuAHMAYQB3AEUAeABpAHQAIAAtAG4AZQAgADAAKQAgAHsADQAKACAAIAAgACAAdABoAHIAbwB3ACAAIgBDAGgAYQBpAG4AcwBhAHcAIABlAHgAaQB0AGUAZAAgAHcAaQB0AGgAIABjAG8AZABlACAAJABjAGgAYQBpAG4AcwBhAHcARQB4AGkAdAAiAA0ACgB9AA0ACgANAAoAaQBmACAAKAAhACgAVABlAHMAdAAtAFAAYQB0AGgAIAAkAG8AdQB0AEYAaQBsAGUAKQApACAAewANAAoAIAAgACAAIAB0AGgAcgBvAHcAIAAiAEMAaABhAGkAbgBzAGEAdwAgAGQAaQBkACAAbgBvAHQAIABwAHIAbwBkAHUAYwBlACAAYQBuACAAbwB1AHQAcAB1AHQAIABmAGkAbABlAC4AIgANAAoAfQANAAoADQAKAFcAcgBpAHQAZQAtAE8AdQB0AHAAdQB0ACAAIgBSAEUAUwBVAEwAVABfAFAAQQBUAEgAOgAkAG8AdQB0AEYAaQBsAGUAIgANAAoAVwByAGkAdABlAC0ATwB1AHQAcAB1AHQAIAAiAFIARQBTAFUATABUAF8ARQBYAEkAVABDAE8ARABFADoAJABjAGgAYQBpAG4AcwBhAHcARQB4AGkAdAAiAA0ACgBlAHgAaQB0ACAAMAANAAoAfQANAAoAYwBhAHQAYwBoACAAewANAAoAIAAgACAAIABXAHIAaQB0AGUALQBFAHIAcgBvAHIAIAAoACQAXwAgAHwAIABPAHUAdAAtAFMAdAByAGkAbgBnACkADQAKACAAIAAgACAAZQB4AGkAdAAgADEADQAKAH0A","Product":"-","Company":"-","ParentProcessId":2304,"ParentUser":"DESKTOP-DTGLPQE\\don","LogonGuid":"24C9C544-3665-69B8-4625-6A0000000000","Hashes":"SHA256=E6B5C767FA745C5E23BD64B95B043AF11D054E4E15DC96A5EE02C27DD40C0DBE","ParentProcessGuid":"24C9C544-3665-69B8-5005-000000002A00","ProcessId":1108,"CurrentDirectory":"C:\\Users\\don\\","ProcessGuid":"24C9C544-3665-69B8-5105-000000002A00","CommandLine":"\"C:\\Tools\\Sigma\\chainsaw\\chainsaw.exe\" hunt C:\\Windows\\System32\\winevt\\Logs\\Microsoft-Windows-Sysmon%%4Operational.evtx -s C:\\Temp\\detechtive_rules_20260316_095707\\detechtive_test_whoami.yml -m C:\\Tools\\Sigma\\chainsaw\\mappings\\sigma-event-logs-all.yml --json -o C:\\Tools\\Sigma\\out\\sigma_DESKTOP-DTGLPQE_20260316_095709.json --skip-errors -q --from 2026-03-16T16:42:09 --to 2026-03-16T16:57:09","FileVersion":"-","User":"DESKTOP-DTGLPQE\\don","LogonId":"0x6a2546","IntegrityLevel":"High","ParentImage":"C:\\Windows\\System32\\WindowsPowerShell\\v1.0\\powershell.exe","UtcTime":"2026-03-16 16:57:09.823"},"System":{"EventID":1,"Level":4,"Provider_attributes":{"Name":"Microsoft-Windows-Sysmon","Guid":"5770385F-C22A-43E0-BF4C-06F5698FFBD9"},"Version":5,"Task":1,"Opcode":0,"TimeCreated_attributes":{"SystemTime":"2026-03-16T16:57:09.826495Z"},"Execution_attributes":{"ProcessID":2132,"ThreadID":3368},"Correlation":null,"Keywords":"0x8000000000000000","Security_attributes":{"UserID":"S-1-5-18"},"EventRecordID":23465,"Channel":"Microsoft-Windows-Sysmon/Operational","Computer":"DESKTOP-DTGLPQE"}},"Event_attributes":{"xmlns":"http://schemas.microsoft.com/win/2004/08/events/event"}}},"name":"DeTechTive Test - whoami execution","timestamp":"2026-03-16T16:57:09.826495+00:00","authors":["DeTechTive"],"level":"low","source":"sigma","status":"experimental","id":"1bb8fd00-0d3b-4be2-9e12-c5dc5d8f7a31","logsource":{"category":"process_creation","product":"windows"}},{"group":"Sigma","kind":"individual","document":{"kind":"evtx","path":"C:\\Windows\\System32\\winevt\\Logs\\Microsoft-Windows-Sysmon%4Operational.evtx","data":{"Event":{"EventData":{"Image":"C:\\Windows\\System32\\whoami.exe","RuleName":"-","Description":"whoami - displays logged on user information","OriginalFileName":"whoami.exe","TerminalSessionId":1,"ParentCommandLine":"C:\\Windows\\System32\\WindowsPowerShell\\v1.0\\powershell.exe","Product":"Microsoft® Windows® Operating System","Company":"Microsoft Corporation","ParentProcessId":5340,"ParentUser":"DESKTOP-DTGLPQE\\don","LogonGuid":"24C9C544-8C0B-69B7-8359-060000000000","Hashes":"SHA256=1D4902A04D99E8CCBFE7085E63155955FEE397449D386453F6C452AE407B8743","ParentProcessGuid":"24C9C544-9B16-69B7-3401-000000002A00","ProcessId":3580,"CurrentDirectory":"C:\\Users\\don\\","ProcessGuid":"24C9C544-36C0-69B8-9205-000000002A00","CommandLine":"\"C:\\Windows\\system32\\whoami.exe\"","FileVersion":"10.0.19041.1 (WinBuild.160101.0800)","User":"DESKTOP-DTGLPQE\\don","LogonId":"0x65983","IntegrityLevel":"Medium","ParentImage":"C:\\Windows\\System32\\WindowsPowerShell\\v1.0\\powershell.exe","UtcTime":"2026-03-16 16:58:40.422"},"System":{"EventID":1,"Level":4,"Provider_attributes":{"Name":"Microsoft-Windows-Sysmon","Guid":"5770385F-C22A-43E0-BF4C-06F5698FFBD9"},"Version":5,"Task":1,"Opcode":0,"TimeCreated_attributes":{"SystemTime":"2026-03-16T16:58:40.427892Z"},"Execution_attributes":{"ProcessID":2132,"ThreadID":3368},"Correlation":null,"Keywords":"0x8000000000000000","Security_attributes":{"UserID":"S-1-5-18"},"EventRecordID":23598,"Channel":"Microsoft-Windows-Sysmon/Operational","Computer":"DESKTOP-DTGLPQE"}},"Event_attributes":{"xmlns":"http://schemas.microsoft.com/win/2004/08/events/event"}}},"name":"DeTechTive Test - whoami execution","timestamp":"2026-03-16T16:58:40.427892+00:00","authors":["DeTechTive"],"level":"low","source":"sigma","status":"experimental","id":"1bb8fd00-0d3b-4be2-9e12-c5dc5d8f7a31","logsource":{"category":"process_creation","product":"windows"}},{"group":"Sigma","kind":"individual","document":{"kind":"evtx","path":"C:\\Windows\\System32\\winevt\\Logs\\Microsoft-Windows-Sysmon%4Operational.evtx","data":{"Event":{"EventData":{"Image":"C:\\Windows\\System32\\cmd.exe","RuleName":"-","Description":"Windows Command Processor","OriginalFileName":"Cmd.Exe","TerminalSessionId":0,"ParentCommandLine":"\"C:\\Windows\\System32\\OpenSSH\\sshd.exe\" -z","Product":"Microsoft® Windows® Operating System","Company":"Microsoft Corporation","ParentProcessId":5988,"ParentUser":"DESKTOP-DTGLPQE\\don","LogonGuid":"24C9C544-36CD-69B8-B3B1-6B0000000000","Hashes":"SHA256=BADF4752413CB0CBDC03FB95820CA167F0CDC63B597CCDB5EF43111180E088B0","ParentProcessGuid":"24C9C544-36CD-69B8-9705-000000002A00","ProcessId":3756,"CurrentDirectory":"C:\\Users\\don\\","ProcessGuid":"24C9C544-36CD-69B8-9805-000000002A00","CommandLine":"\"c:\\windows\\system32\\cmd.exe\" /c \"powershell.exe -NoLogo -NoProfile -NonInteractive -Command \\Get-WinEvent -LogName \u0027Microsoft-Windows-Sysmon/Operational\u0027 -MaxEvents 200 | Where-Object { .Id -eq 1 } | ForEach-Object { [xml].ToXml() } | ForEach-Object {  = .Event.EventData.Data; [PSCustomObject]@{ UtcTime=( | Where-Object Name -eq \u0027UtcTime\u0027).\u0027#text\u0027; Image=( | Where-Object Name -eq \u0027Image\u0027).\u0027#text\u0027; CommandLine=( | Where-Object Name -eq \u0027CommandLine\u0027).\u0027#text\u0027; OriginalFileName=( | Where-Object Name -eq \u0027OriginalFileName\u0027).\u0027#text\u0027 } } | Where-Object { .Image -match \u0027whoami|ipconfig\u0027 -or .CommandLine -match \u0027whoami|ipconfig\u0027 -or .OriginalFileName -match \u0027whoami|ipconfig\u0027 } | Select-Object -First 20 | ConvertTo-Json -Compress\"\"","FileVersion":"10.0.19041.4355 (WinBuild.160101.0800)","User":"DESKTOP-DTGLPQE\\don","LogonId":"0x6bb1b3","IntegrityLevel":"High","ParentImage":"C:\\Windows\\System32\\OpenSSH\\sshd.exe","UtcTime":"2026-03-16 16:58:53.402"},"System":{"EventID":1,"Level":4,"Provider_attributes":{"Name":"Microsoft-Windows-Sysmon","Guid":"5770385F-C22A-43E0-BF4C-06F5698FFBD9"},"Version":5,"Task":1,"Opcode":0,"TimeCreated_attributes":{"SystemTime":"2026-03-16T16:58:53.419897Z"},"Execution_attributes":{"ProcessID":2132,"ThreadID":3368},"Correlation":null,"Keywords":"0x8000000000000000","Security_attributes":{"UserID":"S-1-5-18"},"EventRecordID":23607,"Channel":"Microsoft-Windows-Sysmon/Operational","Computer":"DESKTOP-DTGLPQE"}},"Event_attributes":{"xmlns":"http://schemas.microsoft.com/win/2004/08/events/event"}}},"name":"DeTechTive Test - whoami execution","timestamp":"2026-03-16T16:58:53.419897+00:00","authors":["DeTechTive"],"level":"low","source":"sigma","status":"experimental","id":"1bb8fd00-0d3b-4be2-9e12-c5dc5d8f7a31","logsource":{"category":"process_creation","product":"windows"}},{"group":"Sigma","kind":"individual","document":{"kind":"evtx","path":"C:\\Windows\\System32\\winevt\\Logs\\Microsoft-Windows-Sysmon%4Operational.evtx","data":{"Event":{"EventData":{"Image":"C:\\Tools\\Sigma\\chainsaw\\chainsaw.exe","RuleName":"-","Description":"-","OriginalFileName":"-","TerminalSessionId":0,"ParentCommandLine":"powershell  -NoProfile -EncodedCommand JABFAHIAcgBvAHIAQQBjAHQAaQBvAG4AUAByAGUAZgBlAHIAZQBuAGMAZQAgAD0AIAAnAFMAdABvAHAAJwAKACQAYwBoAGEAaQBuAHMAYQB3ACAAPQAgACcAQwA6AFwAVABvAG8AbABzAFwAUwBpAGcAbQBhAFwAYwBoAGEAaQBuAHMAYQB3AFwAYwBoAGEAaQBuAHMAYQB3AC4AZQB4AGUAJwAKACQAbQBhAHAAcABpAG4AZwAgAD0AIAAnAEMAOgBcAFQAbwBvAGwAcwBcAFMAaQBnAG0AYQBcAGMAaABhAGkAbgBzAGEAdwBcAG0AYQBwAHAAaQBuAGcAcwBcAHMAaQBnAG0AYQAtAGUAdgBlAG4AdAAtAGwAbwBnAHMALQBhAGwAbAAuAHkAbQBsACcACgAkAGUAdgB0AHgAIAA9ACAAJwBDADoAXABXAGkAbgBkAG8AdwBzAFwAUwB5AHMAdABlAG0AMwAyAFwAdwBpAG4AZQB2AHQAXABMAG8AZwBzAFwATQBpAGMAcgBvAHMAbwBmAHQALQBXAGkAbgBkAG8AdwBzAC0AUwB5AHMAbQBvAG4AJQA0AE8AcABlAHIAYQB0AGkAbwBuAGEAbAAuAGUAdgB0AHgAJwAKACQAbwB1AHQAIAA9ACAAJwBDADoAXABUAGUAbQBwAFwAYwBvAGQAZQB4AF8AcwBpAGcAbQBhAF8AdABlAHMAdABcAHcAaABvAGEAbQBpAF8AZgB1AGwAbAAuAGoAcwBvAG4AJwAKACYAIAAkAGMAaABhAGkAbgBzAGEAdwAgAGgAdQBuAHQAIAAkAGUAdgB0AHgAIAAtAHMAIAAnAEMAOgBcAFQAZQBtAHAAXABjAG8AZABlAHgAXwBzAGkAZwBtAGEAXwB0AGUAcwB0AFwAZABlAHQAZQBjAGgAdABpAHYAZQBfAHQAZQBzAHQAXwB3AGgAbwBhAG0AaQAuAHkAbQBsACcAIAAtAG0AIAAkAG0AYQBwAHAAaQBuAGcAIAAtAC0AagBzAG8AbgAgAC0AbwAgACQAbwB1AHQAIAAtAC0AcwBrAGkAcAAtAGUAcgByAG8AcgBzACAALQBxAAoAaQBmACAAKABUAGUAcwB0AC0AUABhAHQAaAAgACQAbwB1AHQAKQAgAHsAIABHAGUAdAAtAEkAdABlAG0AIAAkAG8AdQB0ACAAfAAgAFMAZQBsAGUAYwB0AC0ATwBiAGoAZQBjAHQAIABGAHUAbABsAE4AYQBtAGUALABMAGUAbgBnAHQAaAAsAEwAYQBzAHQAVwByAGkAdABlAFQAaQBtAGUAIAB8ACAAQwBvAG4AdgBlAHIAdABUAG8ALQBKAHMAbwBuACAALQBDAG8AbQBwAHIAZQBzAHMAIAB9ACAAZQBsAHMAZQAgAHsAIAAnAE0ASQBTAFMASQBOAEcAJwAgAH0A","Product":"-","Company":"-","ParentProcessId":3196,"ParentUser":"DESKTOP-DTGLPQE\\don","LogonGuid":"24C9C544-3B56-69B8-F844-6E0000000000","Hashes":"SHA256=E6B5C767FA745C5E23BD64B95B043AF11D054E4E15DC96A5EE02C27DD40C0DBE","ParentProcessGuid":"24C9C544-3B57-69B8-CF05-000000002A00","ProcessId":972,"CurrentDirectory":"C:\\Users\\don\\","ProcessGuid":"24C9C544-3B57-69B8-D005-000000002A00","CommandLine":"\"C:\\Tools\\Sigma\\chainsaw\\chainsaw.exe\" hunt C:\\Windows\\System32\\winevt\\Logs\\Microsoft-Windows-Sysmon%%4Operational.evtx -s C:\\Temp\\codex_sigma_test\\detechtive_test_whoami.yml -m C:\\Tools\\Sigma\\chainsaw\\mappings\\sigma-event-logs-all.yml --json -o C:\\Temp\\codex_sigma_test\\whoami_full.json --skip-errors -q","FileVersion":"-","User":"DESKTOP-DTGLPQE\\don","LogonId":"0x6e44f8","IntegrityLevel":"High","ParentImage":"C:\\Windows\\System32\\WindowsPowerShell\\v1.0\\powershell.exe","UtcTime":"2026-03-16 17:18:15.224"},"System":{"EventID":1,"Level":4,"Provider_attributes":{"Name":"Microsoft-Windows-Sysmon","Guid":"5770385F-C22A-43E0-BF4C-06F5698FFBD9"},"Version":5,"Task":1,"Opcode":0,"TimeCreated_attributes":{"SystemTime":"2026-03-16T17:18:15.228429Z"},"Execution_attributes":{"ProcessID":2132,"ThreadID":3368},"Correlation":null,"Keywords":"0x8000000000000000","Security_attributes":{"UserID":"S-1-5-18"},"EventRecordID":23717,"Channel":"Microsoft-Windows-Sysmon/Operational","Computer":"DESKTOP-DTGLPQE"}},"Event_attributes":{"xmlns":"http://schemas.microsoft.com/win/2004/08/events/event"}}},"name":"DeTechTive Test - whoami execution","timestamp":"2026-03-16T17:18:15.228429+00:00","authors":["DeTechTive"],"level":"low","source":"sigma","status":"experimental","id":"1bb8fd00-0d3b-4be2-9e12-c5dc5d8f7a31","logsource":{"category":"process_creation","product":"windows"}},{"group":"Sigma","kind":"individual","document":{"kind":"evtx","path":"C:\\Windows\\System32\\winevt\\Logs\\Microsoft-Windows-Sysmon%4Operational.evtx","data":{"Event":{"EventData":{"Image":"C:\\Tools\\Sigma\\chainsaw\\chainsaw.exe","RuleName":"-","Description":"-","OriginalFileName":"-","TerminalSessionId":0,"ParentCommandLine":"powershell  -NoProfile -EncodedCommand JABFAHIAcgBvAHIAQQBjAHQAaQBvAG4AUAByAGUAZgBlAHIAZQBuAGMAZQAgAD0AIAAnAFMAdABvAHAAJwAKACQAYwBoAGEAaQBuAHMAYQB3ACAAPQAgACcAQwA6AFwAVABvAG8AbABzAFwAUwBpAGcAbQBhAFwAYwBoAGEAaQBuAHMAYQB3AFwAYwBoAGEAaQBuAHMAYQB3AC4AZQB4AGUAJwAKACQAbQBhAHAAcABpAG4AZwAgAD0AIAAnAEMAOgBcAFQAbwBvAGwAcwBcAFMAaQBnAG0AYQBcAGMAaABhAGkAbgBzAGEAdwBcAG0AYQBwAHAAaQBuAGcAcwBcAHMAaQBnAG0AYQAtAGUAdgBlAG4AdAAtAGwAbwBnAHMALQBhAGwAbAAuAHkAbQBsACcACgAkAGUAdgB0AHgAIAA9ACAAJwBDADoAXABXAGkAbgBkAG8AdwBzAFwAUwB5AHMAdABlAG0AMwAyAFwAdwBpAG4AZQB2AHQAXABMAG8AZwBzAFwATQBpAGMAcgBvAHMAbwBmAHQALQBXAGkAbgBkAG8AdwBzAC0AUwB5AHMAbQBvAG4AJQA0AE8AcABlAHIAYQB0AGkAbwBuAGEAbAAuAGUAdgB0AHgAJwAKACQAcgB1AGwAZQAgAD0AIAAnAEMAOgBcAFQAZQBtAHAAXABjAG8AZABlAHgAXwBzAGkAZwBtAGEAXwB0AGUAcwB0AFwAZABlAHQAZQBjAGgAdABpAHYAZQBfAHQAZQBzAHQAXwB3AGgAbwBhAG0AaQAuAHkAbQBsACcACgAkAGIAYQBzAGUAIAA9ACAAJwBDADoAXABUAGUAbQBwAFwAYwBvAGQAZQB4AF8AcwBpAGcAbQBhAF8AdABlAHMAdAAnAAoACgAkAG8AdQB0AEYAdQBsAGwAIAA9ACAASgBvAGkAbgAtAFAAYQB0AGgAIAAkAGIAYQBzAGUAIAAnAHcAaABvAGEAbQBpAF8AZgB1AGwAbAAuAGoAcwBvAG4AJwAKACQAbwB1AHQAVQB0AGMAIAA9ACAASgBvAGkAbgAtAFAAYQB0AGgAIAAkAGIAYQBzAGUAIAAnAHcAaABvAGEAbQBpAF8AdQB0AGMAXwB3AGkAbgBkAG8AdwAuAGoAcwBvAG4AJwAKACQAbwB1AHQATABvAGMAYQBsACAAPQAgAEoAbwBpAG4ALQBQAGEAdABoACAAJABiAGEAcwBlACAAJwB3AGgAbwBhAG0AaQBfAGwAbwBjAGEAbABfAHcAaQBuAGQAbwB3AC4AagBzAG8AbgAnAAoACgAkAHQAbwBVAHQAYwAgAD0AIAAoAEcAZQB0AC0ARABhAHQAZQApAC4AVABvAFUAbgBpAHYAZQByAHMAYQBsAFQAaQBtAGUAKAApAAoAJABmAHIAbwBtAFUAdABjACAAPQAgACQAdABvAFUAdABjAC4AQQBkAGQATQBpAG4AdQB0AGUAcwAoAC0AMwAwACkACgAkAHQAbwBMAG8AYwBhAGwAIAA9ACAARwBlAHQALQBEAGEAdABlAAoAJABmAHIAbwBtAEwAbwBjAGEAbAAgAD0AIAAkAHQAbwBMAG8AYwBhAGwALgBBAGQAZABNAGkAbgB1AHQAZQBzACgALQAzADAAKQAKAAoAJgAgACQAYwBoAGEAaQBuAHMAYQB3ACAAaAB1AG4AdAAgACQAZQB2AHQAeAAgAC0AcwAgACQAcgB1AGwAZQAgAC0AbQAgACQAbQBhAHAAcABpAG4AZwAgAC0ALQBqAHMAbwBuACAALQBvACAAJABvAHUAdABGAHUAbABsACAALQAtAHMAawBpAHAALQBlAHIAcgBvAHIAcwAgAC0AcQAKACYAIAAkAGMAaABhAGkAbgBzAGEAdwAgAGgAdQBuAHQAIAAkAGUAdgB0AHgAIAAtAHMAIAAkAHIAdQBsAGUAIAAtAG0AIAAkAG0AYQBwAHAAaQBuAGcAIAAtAC0AagBzAG8AbgAgAC0AbwAgACQAbwB1AHQAVQB0AGMAIAAtAC0AcwBrAGkAcAAtAGUAcgByAG8AcgBzACAALQBxACAALQAtAGYAcgBvAG0AIAAkAGYAcgBvAG0AVQB0AGMALgBUAG8AUwB0AHIAaQBuAGcAKAAnAHkAeQB5AHkALQBNAE0ALQBkAGQAVABIAEgAOgBtAG0AOgBzAHMAJwApACAALQAtAHQAbwAgACQAdABvAFUAdABjAC4AVABvAFMAdAByAGkAbgBnACgAJwB5AHkAeQB5AC0ATQBNAC0AZABkAFQASABIADoAbQBtADoAcwBzACcAKQAKACYAIAAkAGMAaABhAGkAbgBzAGEAdwAgAGgAdQBuAHQAIAAkAGUAdgB0AHgAIAAtAHMAIAAkAHIAdQBsAGUAIAAtAG0AIAAkAG0AYQBwAHAAaQBuAGcAIAAtAC0AagBzAG8AbgAgAC0AbwAgACQAbwB1AHQATABvAGMAYQBsACAALQAtAHMAawBpAHAALQBlAHIAcgBvAHIAcwAgAC0AcQAgAC0ALQBmAHIAbwBtACAAJABmAHIAbwBtAEwAbwBjAGEAbAAuAFQAbwBTAHQAcgBpAG4AZwAoACcAeQB5AHkAeQAtAE0ATQAtAGQAZABUAEgASAA6AG0AbQA6AHMAcwAnACkAIAAtAC0AdABvACAAJAB0AG8ATABvAGMAYQBsAC4AVABvAFMAdAByAGkAbgBnACgAJwB5AHkAeQB5AC0ATQBNAC0AZABkAFQASABIADoAbQBtADoAcwBzACcAKQAKAAoAJABzAHUAbQBtAGEAcgB5ACAAPQAgAGYAbwByAGUAYQBjAGgAIAAoACQAcABhAHQAaAAgAGkAbgAgAEAAKAAkAG8AdQB0AEYAdQBsAGwALAAgACQAbwB1AHQAVQB0AGMALAAgACQAbwB1AHQATABvAGMAYQBsACkAKQAgAHsACgAgACAAIAAgAGkAZgAgACgAVABlAHMAdAAtAFAAYQB0AGgAIAAkAHAAYQB0AGgAKQAgAHsACgAgACAAIAAgACAAIAAgACAAJAByAGEAdwAgAD0AIABHAGUAdAAtAEMAbwBuAHQAZQBuAHQAIAAtAEwAaQB0AGUAcgBhAGwAUABhAHQAaAAgACQAcABhAHQAaAAgAC0AUgBhAHcACgAgACAAIAAgACAAIAAgACAAJABwAGEAcgBzAGUAZAAgAD0AIABpAGYAIAAoAFsAcwB0AHIAaQBuAGcAXQA6ADoASQBzAE4AdQBsAGwATwByAFcAaABpAHQAZQBTAHAAYQBjAGUAKAAkAHIAYQB3ACkAKQAgAHsAIABAACgAKQAgAH0AIABlAGwAcwBlACAAewAgAEAAKAAkAHIAYQB3ACAAfAAgAEMAbwBuAHYAZQByAHQARgByAG8AbQAtAEoAcwBvAG4AKQAgAH0ACgAgACAAIAAgACAAIAAgACAAWwBwAHMAYwB1AHMAdABvAG0AbwBiAGoAZQBjAHQAXQBAAHsACgAgACAAIAAgACAAIAAgACAAIAAgACAAIABGAGkAbABlACAAPQAgAFsASQBPAC4AUABhAHQAaABdADoAOgBHAGUAdABGAGkAbABlAE4AYQBtAGUAKAAkAHAAYQB0AGgAKQAKACAAIAAgACAAIAAgACAAIAAgACAAIAAgAEMAbwB1AG4AdAAgAD0AIAAkAHAAYQByAHMAZQBkAC4AQwBvAHUAbgB0AAoAIAAgACAAIAAgACAAIAAgACAAIAAgACAATABlAG4AZwB0AGgAIAA9ACAAKABHAGUAdAAtAEkAdABlAG0AIAAkAHAAYQB0AGgAKQAuAEwAZQBuAGcAdABoAAoAIAAgACAAIAAgACAAIAAgAH0ACgAgACAAIAAgAH0AIABlAGwAcwBlACAAewAKACAAIAAgACAAIAAgACAAIABbAHAAcwBjAHUAcwB0AG8AbQBvAGIAagBlAGMAdABdAEAAewAKACAAIAAgACAAIAAgACAAIAAgACAAIAAgAEYAaQBsAGUAIAA9ACAAWwBJAE8ALgBQAGEAdABoAF0AOgA6AEcAZQB0AEYAaQBsAGUATgBhAG0AZQAoACQAcABhAHQAaAApAAoAIAAgACAAIAAgACAAIAAgACAAIAAgACAAQwBvAHUAbgB0ACAAPQAgAC0AMQAKACAAIAAgACAAIAAgACAAIAAgACAAIAAgAEwAZQBuAGcAdABoACAAPQAgAC0AMQAKACAAIAAgACAAIAAgACAAIAB9AAoAIAAgACAAIAB9AAoAfQAKAAoAJABzAHUAbQBtAGEAcgB5ACAAfAAgAEMAbwBuAHYAZQByAHQAVABvAC0ASgBzAG8AbgAgAC0AQwBvAG0AcAByAGUAcwBzAA==","Product":"-","Company":"-","ParentProcessId":3936,"ParentUser":"DESKTOP-DTGLPQE\\don","LogonGuid":"24C9C544-3C6F-69B8-71EF-6E0000000000","Hashes":"SHA256=E6B5C767FA745C5E23BD64B95B043AF11D054E4E15DC96A5EE02C27DD40C0DBE","ParentProcessGuid":"24C9C544-3C6F-69B8-E805-000000002A00","ProcessId":4232,"CurrentDirectory":"C:\\Users\\don\\","ProcessGuid":"24C9C544-3C6F-69B8-E905-000000002A00","CommandLine":"\"C:\\Tools\\Sigma\\chainsaw\\chainsaw.exe\" hunt C:\\Windows\\System32\\winevt\\Logs\\Microsoft-Windows-Sysmon%%4Operational.evtx -s C:\\Temp\\codex_sigma_test\\detechtive_test_whoami.yml -m C:\\Tools\\Sigma\\chainsaw\\mappings\\sigma-event-logs-all.yml --json -o C:\\Temp\\codex_sigma_test\\whoami_full.json --skip-errors -q","FileVersion":"-","User":"DESKTOP-DTGLPQE\\don","LogonId":"0x6eef71","IntegrityLevel":"High","ParentImage":"C:\\Windows\\System32\\WindowsPowerShell\\v1.0\\powershell.exe","UtcTime":"2026-03-16 17:22:55.428"},"System":{"EventID":1,"Level":4,"Provider_attributes":{"Name":"Microsoft-Windows-Sysmon","Guid":"5770385F-C22A-43E0-BF4C-06F5698FFBD9"},"Version":5,"Task":1,"Opcode":0,"TimeCreated_attributes":{"SystemTime":"2026-03-16T17:22:55.431609Z"},"Execution_attributes":{"ProcessID":2132,"ThreadID":3368},"Correlation":null,"Keywords":"0x8000000000000000","Security_attributes":{"UserID":"S-1-5-18"},"EventRecordID":23765,"Channel":"Microsoft-Windows-Sysmon/Operational","Computer":"DESKTOP-DTGLPQE"}},"Event_attributes":{"xmlns":"http://schemas.microsoft.com/win/2004/08/events/event"}}},"name":"DeTechTive Test - whoami execution","timestamp":"2026-03-16T17:22:55.431609+00:00","authors":["DeTechTive"],"level":"low","source":"sigma","status":"experimental","id":"1bb8fd00-0d3b-4be2-9e12-c5dc5d8f7a31","logsource":{"category":"process_creation","product":"windows"}},{"group":"Sigma","kind":"individual","document":{"kind":"evtx","path":"C:\\Windows\\System32\\winevt\\Logs\\Microsoft-Windows-Sysmon%4Operational.evtx","data":{"Event":{"EventData":{"Image":"C:\\Tools\\Sigma\\chainsaw\\chainsaw.exe","RuleName":"-","Description":"-","OriginalFileName":"-","TerminalSessionId":0,"ParentCommandLine":"powershell  -NoProfile -EncodedCommand JABFAHIAcgBvAHIAQQBjAHQAaQBvAG4AUAByAGUAZgBlAHIAZQBuAGMAZQAgAD0AIAAnAFMAdABvAHAAJwAKACQAYwBoAGEAaQBuAHMAYQB3ACAAPQAgACcAQwA6AFwAVABvAG8AbABzAFwAUwBpAGcAbQBhAFwAYwBoAGEAaQBuAHMAYQB3AFwAYwBoAGEAaQBuAHMAYQB3AC4AZQB4AGUAJwAKACQAbQBhAHAAcABpAG4AZwAgAD0AIAAnAEMAOgBcAFQAbwBvAGwAcwBcAFMAaQBnAG0AYQBcAGMAaABhAGkAbgBzAGEAdwBcAG0AYQBwAHAAaQBuAGcAcwBcAHMAaQBnAG0AYQAtAGUAdgBlAG4AdAAtAGwAbwBnAHMALQBhAGwAbAAuAHkAbQBsACcACgAkAGUAdgB0AHgAIAA9ACAAJwBDADoAXABXAGkAbgBkAG8AdwBzAFwAUwB5AHMAdABlAG0AMwAyAFwAdwBpAG4AZQB2AHQAXABMAG8AZwBzAFwATQBpAGMAcgBvAHMAbwBmAHQALQBXAGkAbgBkAG8AdwBzAC0AUwB5AHMAbQBvAG4AJQA0AE8AcABlAHIAYQB0AGkAbwBuAGEAbAAuAGUAdgB0AHgAJwAKACQAcgB1AGwAZQAgAD0AIAAnAEMAOgBcAFQAZQBtAHAAXABjAG8AZABlAHgAXwBzAGkAZwBtAGEAXwB0AGUAcwB0AFwAZABlAHQAZQBjAGgAdABpAHYAZQBfAHQAZQBzAHQAXwB3AGgAbwBhAG0AaQAuAHkAbQBsACcACgAkAGIAYQBzAGUAIAA9ACAAJwBDADoAXABUAGUAbQBwAFwAYwBvAGQAZQB4AF8AcwBpAGcAbQBhAF8AdABlAHMAdAAnAAoACgAkAG8AdQB0AEYAdQBsAGwAIAA9ACAASgBvAGkAbgAtAFAAYQB0AGgAIAAkAGIAYQBzAGUAIAAnAHcAaABvAGEAbQBpAF8AZgB1AGwAbAAuAGoAcwBvAG4AJwAKACQAbwB1AHQAVQB0AGMAIAA9ACAASgBvAGkAbgAtAFAAYQB0AGgAIAAkAGIAYQBzAGUAIAAnAHcAaABvAGEAbQBpAF8AdQB0AGMAXwB3AGkAbgBkAG8AdwAuAGoAcwBvAG4AJwAKACQAbwB1AHQATABvAGMAYQBsACAAPQAgAEoAbwBpAG4ALQBQAGEAdABoACAAJABiAGEAcwBlACAAJwB3AGgAbwBhAG0AaQBfAGwAbwBjAGEAbABfAHcAaQBuAGQAbwB3AC4AagBzAG8AbgAnAAoACgAkAHQAbwBVAHQAYwAgAD0AIAAoAEcAZQB0AC0ARABhAHQAZQApAC4AVABvAFUAbgBpAHYAZQByAHMAYQBsAFQAaQBtAGUAKAApAAoAJABmAHIAbwBtAFUAdABjACAAPQAgACQAdABvAFUAdABjAC4AQQBkAGQATQBpAG4AdQB0AGUAcwAoAC0AMwAwACkACgAkAHQAbwBMAG8AYwBhAGwAIAA9ACAARwBlAHQALQBEAGEAdABlAAoAJABmAHIAbwBtAEwAbwBjAGEAbAAgAD0AIAAkAHQAbwBMAG8AYwBhAGwALgBBAGQAZABNAGkAbgB1AHQAZQBzACgALQAzADAAKQAKAAoAJgAgACQAYwBoAGEAaQBuAHMAYQB3ACAAaAB1AG4AdAAgACQAZQB2AHQAeAAgAC0AcwAgACQAcgB1AGwAZQAgAC0AbQAgACQAbQBhAHAAcABpAG4AZwAgAC0ALQBqAHMAbwBuACAALQBvACAAJABvAHUAdABGAHUAbABsACAALQAtAHMAawBpAHAALQBlAHIAcgBvAHIAcwAgAC0AcQAKACYAIAAkAGMAaABhAGkAbgBzAGEAdwAgAGgAdQBuAHQAIAAkAGUAdgB0AHgAIAAtAHMAIAAkAHIAdQBsAGUAIAAtAG0AIAAkAG0AYQBwAHAAaQBuAGcAIAAtAC0AagBzAG8AbgAgAC0AbwAgACQAbwB1AHQAVQB0AGMAIAAtAC0AcwBrAGkAcAAtAGUAcgByAG8AcgBzACAALQBxACAALQAtAGYAcgBvAG0AIAAkAGYAcgBvAG0AVQB0AGMALgBUAG8AUwB0AHIAaQBuAGcAKAAnAHkAeQB5AHkALQBNAE0ALQBkAGQAVABIAEgAOgBtAG0AOgBzAHMAJwApACAALQAtAHQAbwAgACQAdABvAFUAdABjAC4AVABvAFMAdAByAGkAbgBnACgAJwB5AHkAeQB5AC0ATQBNAC0AZABkAFQASABIADoAbQBtADoAcwBzACcAKQAKACYAIAAkAGMAaABhAGkAbgBzAGEAdwAgAGgAdQBuAHQAIAAkAGUAdgB0AHgAIAAtAHMAIAAkAHIAdQBsAGUAIAAtAG0AIAAkAG0AYQBwAHAAaQBuAGcAIAAtAC0AagBzAG8AbgAgAC0AbwAgACQAbwB1AHQATABvAGMAYQBsACAALQAtAHMAawBpAHAALQBlAHIAcgBvAHIAcwAgAC0AcQAgAC0ALQBmAHIAbwBtACAAJABmAHIAbwBtAEwAbwBjAGEAbAAuAFQAbwBTAHQAcgBpAG4AZwAoACcAeQB5AHkAeQAtAE0ATQAtAGQAZABUAEgASAA6AG0AbQA6AHMAcwAnACkAIAAtAC0AdABvACAAJAB0AG8ATABvAGMAYQBsAC4AVABvAFMAdAByAGkAbgBnACgAJwB5AHkAeQB5AC0ATQBNAC0AZABkAFQASABIADoAbQBtADoAcwBzACcAKQAKAAoAJABzAHUAbQBtAGEAcgB5ACAAPQAgAGYAbwByAGUAYQBjAGgAIAAoACQAcABhAHQAaAAgAGkAbgAgAEAAKAAkAG8AdQB0AEYAdQBsAGwALAAgACQAbwB1AHQAVQB0AGMALAAgACQAbwB1AHQATABvAGMAYQBsACkAKQAgAHsACgAgACAAIAAgAGkAZgAgACgAVABlAHMAdAAtAFAAYQB0AGgAIAAkAHAAYQB0AGgAKQAgAHsACgAgACAAIAAgACAAIAAgACAAJAByAGEAdwAgAD0AIABHAGUAdAAtAEMAbwBuAHQAZQBuAHQAIAAtAEwAaQB0AGUAcgBhAGwAUABhAHQAaAAgACQAcABhAHQAaAAgAC0AUgBhAHcACgAgACAAIAAgACAAIAAgACAAJABwAGEAcgBzAGUAZAAgAD0AIABpAGYAIAAoAFsAcwB0AHIAaQBuAGcAXQA6ADoASQBzAE4AdQBsAGwATwByAFcAaABpAHQAZQBTAHAAYQBjAGUAKAAkAHIAYQB3ACkAKQAgAHsAIABAACgAKQAgAH0AIABlAGwAcwBlACAAewAgAEAAKAAkAHIAYQB3ACAAfAAgAEMAbwBuAHYAZQByAHQARgByAG8AbQAtAEoAcwBvAG4AKQAgAH0ACgAgACAAIAAgACAAIAAgACAAWwBwAHMAYwB1AHMAdABvAG0AbwBiAGoAZQBjAHQAXQBAAHsACgAgACAAIAAgACAAIAAgACAAIAAgACAAIABGAGkAbABlACAAPQAgAFsASQBPAC4AUABhAHQAaABdADoAOgBHAGUAdABGAGkAbABlAE4AYQBtAGUAKAAkAHAAYQB0AGgAKQAKACAAIAAgACAAIAAgACAAIAAgACAAIAAgAEMAbwB1AG4AdAAgAD0AIAAkAHAAYQByAHMAZQBkAC4AQwBvAHUAbgB0AAoAIAAgACAAIAAgACAAIAAgACAAIAAgACAATABlAG4AZwB0AGgAIAA9ACAAKABHAGUAdAAtAEkAdABlAG0AIAAkAHAAYQB0AGgAKQAuAEwAZQBuAGcAdABoAAoAIAAgACAAIAAgACAAIAAgAH0ACgAgACAAIAAgAH0AIABlAGwAcwBlACAAewAKACAAIAAgACAAIAAgACAAIABbAHAAcwBjAHUAcwB0AG8AbQBvAGIAagBlAGMAdABdAEAAewAKACAAIAAgACAAIAAgACAAIAAgACAAIAAgAEYAaQBsAGUAIAA9ACAAWwBJAE8ALgBQAGEAdABoAF0AOgA6AEcAZQB0AEYAaQBsAGUATgBhAG0AZQAoACQAcABhAHQAaAApAAoAIAAgACAAIAAgACAAIAAgACAAIAAgACAAQwBvAHUAbgB0ACAAPQAgAC0AMQAKACAAIAAgACAAIAAgACAAIAAgACAAIAAgAEwAZQBuAGcAdABoACAAPQAgAC0AMQAKACAAIAAgACAAIAAgACAAIAB9AAoAIAAgACAAIAB9AAoAfQAKAAoAJABzAHUAbQBtAGEAcgB5ACAAfAAgAEMAbwBuAHYAZQByAHQAVABvAC0ASgBzAG8AbgAgAC0AQwBvAG0AcAByAGUAcwBzAA==","Product":"-","Company":"-","ParentProcessId":3936,"ParentUser":"DESKTOP-DTGLPQE\\don","LogonGuid":"24C9C544-3C6F-69B8-71EF-6E0000000000","Hashes":"SHA256=E6B5C767FA745C5E23BD64B95B043AF11D054E4E15DC96A5EE02C27DD40C0DBE","ParentProcessGuid":"24C9C544-3C6F-69B8-E805-000000002A00","ProcessId":1996,"CurrentDirectory":"C:\\Users\\don\\","ProcessGuid":"24C9C544-3C70-69B8-EA05-000000002A00","CommandLine":"\"C:\\Tools\\Sigma\\chainsaw\\chainsaw.exe\" hunt C:\\Windows\\System32\\winevt\\Logs\\Microsoft-Windows-Sysmon%%4Operational.evtx -s C:\\Temp\\codex_sigma_test\\detechtive_test_whoami.yml -m C:\\Tools\\Sigma\\chainsaw\\mappings\\sigma-event-logs-all.yml --json -o C:\\Temp\\codex_sigma_test\\whoami_utc_window.json --skip-errors -q --from 2026-03-16T16:52:55 --to 2026-03-16T17:22:55","FileVersion":"-","User":"DESKTOP-DTGLPQE\\don","LogonId":"0x6eef71","IntegrityLevel":"High","ParentImage":"C:\\Windows\\System32\\WindowsPowerShell\\v1.0\\powershell.exe","UtcTime":"2026-03-16 17:22:56.067"},"System":{"EventID":1,"Level":4,"Provider_attributes":{"Name":"Microsoft-Windows-Sysmon","Guid":"5770385F-C22A-43E0-BF4C-06F5698FFBD9"},"Version":5,"Task":1,"Opcode":0,"TimeCreated_attributes":{"SystemTime":"2026-03-16T17:22:56.069879Z"},"Execution_attributes":{"ProcessID":2132,"ThreadID":3368},"Correlation":null,"Keywords":"0x8000000000000000","Security_attributes":{"UserID":"S-1-5-18"},"EventRecordID":23767,"Channel":"Microsoft-Windows-Sysmon/Operational","Computer":"DESKTOP-DTGLPQE"}},"Event_attributes":{"xmlns":"http://schemas.microsoft.com/win/2004/08/events/event"}}},"name":"DeTechTive Test - whoami execution","timestamp":"2026-03-16T17:22:56.069879+00:00","authors":["DeTechTive"],"level":"low","source":"sigma","status":"experimental","id":"1bb8fd00-0d3b-4be2-9e12-c5dc5d8f7a31","logsource":{"category":"process_creation","product":"windows"}},{"group":"Sigma","kind":"individual","document":{"kind":"evtx","path":"C:\\Windows\\System32\\winevt\\Logs\\Microsoft-Windows-Sysmon%4Operational.evtx","data":{"Event":{"EventData":{"Image":"C:\\Tools\\Sigma\\chainsaw\\chainsaw.exe","RuleName":"-","Description":"-","OriginalFileName":"-","TerminalSessionId":0,"ParentCommandLine":"powershell  -NoProfile -EncodedCommand JABFAHIAcgBvAHIAQQBjAHQAaQBvAG4AUAByAGUAZgBlAHIAZQBuAGMAZQAgAD0AIAAnAFMAdABvAHAAJwAKACQAYwBoAGEAaQBuAHMAYQB3ACAAPQAgACcAQwA6AFwAVABvAG8AbABzAFwAUwBpAGcAbQBhAFwAYwBoAGEAaQBuAHMAYQB3AFwAYwBoAGEAaQBuAHMAYQB3AC4AZQB4AGUAJwAKACQAbQBhAHAAcABpAG4AZwAgAD0AIAAnAEMAOgBcAFQAbwBvAGwAcwBcAFMAaQBnAG0AYQBcAGMAaABhAGkAbgBzAGEAdwBcAG0AYQBwAHAAaQBuAGcAcwBcAHMAaQBnAG0AYQAtAGUAdgBlAG4AdAAtAGwAbwBnAHMALQBhAGwAbAAuAHkAbQBsACcACgAkAGUAdgB0AHgAIAA9ACAAJwBDADoAXABXAGkAbgBkAG8AdwBzAFwAUwB5AHMAdABlAG0AMwAyAFwAdwBpAG4AZQB2AHQAXABMAG8AZwBzAFwATQBpAGMAcgBvAHMAbwBmAHQALQBXAGkAbgBkAG8AdwBzAC0AUwB5AHMAbQBvAG4AJQA0AE8AcABlAHIAYQB0AGkAbwBuAGEAbAAuAGUAdgB0AHgAJwAKACQAcgB1AGwAZQAgAD0AIAAnAEMAOgBcAFQAZQBtAHAAXABjAG8AZABlAHgAXwBzAGkAZwBtAGEAXwB0AGUAcwB0AFwAZABlAHQAZQBjAGgAdABpAHYAZQBfAHQAZQBzAHQAXwB3AGgAbwBhAG0AaQAuAHkAbQBsACcACgAkAGIAYQBzAGUAIAA9ACAAJwBDADoAXABUAGUAbQBwAFwAYwBvAGQAZQB4AF8AcwBpAGcAbQBhAF8AdABlAHMAdAAnAAoACgAkAG8AdQB0AEYAdQBsAGwAIAA9ACAASgBvAGkAbgAtAFAAYQB0AGgAIAAkAGIAYQBzAGUAIAAnAHcAaABvAGEAbQBpAF8AZgB1AGwAbAAuAGoAcwBvAG4AJwAKACQAbwB1AHQAVQB0AGMAIAA9ACAASgBvAGkAbgAtAFAAYQB0AGgAIAAkAGIAYQBzAGUAIAAnAHcAaABvAGEAbQBpAF8AdQB0AGMAXwB3AGkAbgBkAG8AdwAuAGoAcwBvAG4AJwAKACQAbwB1AHQATABvAGMAYQBsACAAPQAgAEoAbwBpAG4ALQBQAGEAdABoACAAJABiAGEAcwBlACAAJwB3AGgAbwBhAG0AaQBfAGwAbwBjAGEAbABfAHcAaQBuAGQAbwB3AC4AagBzAG8AbgAnAAoACgAkAHQAbwBVAHQAYwAgAD0AIAAoAEcAZQB0AC0ARABhAHQAZQApAC4AVABvAFUAbgBpAHYAZQByAHMAYQBsAFQAaQBtAGUAKAApAAoAJABmAHIAbwBtAFUAdABjACAAPQAgACQAdABvAFUAdABjAC4AQQBkAGQATQBpAG4AdQB0AGUAcwAoAC0AMwAwACkACgAkAHQAbwBMAG8AYwBhAGwAIAA9ACAARwBlAHQALQBEAGEAdABlAAoAJABmAHIAbwBtAEwAbwBjAGEAbAAgAD0AIAAkAHQAbwBMAG8AYwBhAGwALgBBAGQAZABNAGkAbgB1AHQAZQBzACgALQAzADAAKQAKAAoAJgAgACQAYwBoAGEAaQBuAHMAYQB3ACAAaAB1AG4AdAAgACQAZQB2AHQAeAAgAC0AcwAgACQAcgB1AGwAZQAgAC0AbQAgACQAbQBhAHAAcABpAG4AZwAgAC0ALQBqAHMAbwBuACAALQBvACAAJABvAHUAdABGAHUAbABsACAALQAtAHMAawBpAHAALQBlAHIAcgBvAHIAcwAgAC0AcQAKACYAIAAkAGMAaABhAGkAbgBzAGEAdwAgAGgAdQBuAHQAIAAkAGUAdgB0AHgAIAAtAHMAIAAkAHIAdQBsAGUAIAAtAG0AIAAkAG0AYQBwAHAAaQBuAGcAIAAtAC0AagBzAG8AbgAgAC0AbwAgACQAbwB1AHQAVQB0AGMAIAAtAC0AcwBrAGkAcAAtAGUAcgByAG8AcgBzACAALQBxACAALQAtAGYAcgBvAG0AIAAkAGYAcgBvAG0AVQB0AGMALgBUAG8AUwB0AHIAaQBuAGcAKAAnAHkAeQB5AHkALQBNAE0ALQBkAGQAVABIAEgAOgBtAG0AOgBzAHMAJwApACAALQAtAHQAbwAgACQAdABvAFUAdABjAC4AVABvAFMAdAByAGkAbgBnACgAJwB5AHkAeQB5AC0ATQBNAC0AZABkAFQASABIADoAbQBtADoAcwBzACcAKQAKACYAIAAkAGMAaABhAGkAbgBzAGEAdwAgAGgAdQBuAHQAIAAkAGUAdgB0AHgAIAAtAHMAIAAkAHIAdQBsAGUAIAAtAG0AIAAkAG0AYQBwAHAAaQBuAGcAIAAtAC0AagBzAG8AbgAgAC0AbwAgACQAbwB1AHQATABvAGMAYQBsACAALQAtAHMAawBpAHAALQBlAHIAcgBvAHIAcwAgAC0AcQAgAC0ALQBmAHIAbwBtACAAJABmAHIAbwBtAEwAbwBjAGEAbAAuAFQAbwBTAHQAcgBpAG4AZwAoACcAeQB5AHkAeQAtAE0ATQAtAGQAZABUAEgASAA6AG0AbQA6AHMAcwAnACkAIAAtAC0AdABvACAAJAB0AG8ATABvAGMAYQBsAC4AVABvAFMAdAByAGkAbgBnACgAJwB5AHkAeQB5AC0ATQBNAC0AZABkAFQASABIADoAbQBtADoAcwBzACcAKQAKAAoAJABzAHUAbQBtAGEAcgB5ACAAPQAgAGYAbwByAGUAYQBjAGgAIAAoACQAcABhAHQAaAAgAGkAbgAgAEAAKAAkAG8AdQB0AEYAdQBsAGwALAAgACQAbwB1AHQAVQB0AGMALAAgACQAbwB1AHQATABvAGMAYQBsACkAKQAgAHsACgAgACAAIAAgAGkAZgAgACgAVABlAHMAdAAtAFAAYQB0AGgAIAAkAHAAYQB0AGgAKQAgAHsACgAgACAAIAAgACAAIAAgACAAJAByAGEAdwAgAD0AIABHAGUAdAAtAEMAbwBuAHQAZQBuAHQAIAAtAEwAaQB0AGUAcgBhAGwAUABhAHQAaAAgACQAcABhAHQAaAAgAC0AUgBhAHcACgAgACAAIAAgACAAIAAgACAAJABwAGEAcgBzAGUAZAAgAD0AIABpAGYAIAAoAFsAcwB0AHIAaQBuAGcAXQA6ADoASQBzAE4AdQBsAGwATwByAFcAaABpAHQAZQBTAHAAYQBjAGUAKAAkAHIAYQB3ACkAKQAgAHsAIABAACgAKQAgAH0AIABlAGwAcwBlACAAewAgAEAAKAAkAHIAYQB3ACAAfAAgAEMAbwBuAHYAZQByAHQARgByAG8AbQAtAEoAcwBvAG4AKQAgAH0ACgAgACAAIAAgACAAIAAgACAAWwBwAHMAYwB1AHMAdABvAG0AbwBiAGoAZQBjAHQAXQBAAHsACgAgACAAIAAgACAAIAAgACAAIAAgACAAIABGAGkAbABlACAAPQAgAFsASQBPAC4AUABhAHQAaABdADoAOgBHAGUAdABGAGkAbABlAE4AYQBtAGUAKAAkAHAAYQB0AGgAKQAKACAAIAAgACAAIAAgACAAIAAgACAAIAAgAEMAbwB1AG4AdAAgAD0AIAAkAHAAYQByAHMAZQBkAC4AQwBvAHUAbgB0AAoAIAAgACAAIAAgACAAIAAgACAAIAAgACAATABlAG4AZwB0AGgAIAA9ACAAKABHAGUAdAAtAEkAdABlAG0AIAAkAHAAYQB0AGgAKQAuAEwAZQBuAGcAdABoAAoAIAAgACAAIAAgACAAIAAgAH0ACgAgACAAIAAgAH0AIABlAGwAcwBlACAAewAKACAAIAAgACAAIAAgACAAIABbAHAAcwBjAHUAcwB0AG8AbQBvAGIAagBlAGMAdABdAEAAewAKACAAIAAgACAAIAAgACAAIAAgACAAIAAgAEYAaQBsAGUAIAA9ACAAWwBJAE8ALgBQAGEAdABoAF0AOgA6AEcAZQB0AEYAaQBsAGUATgBhAG0AZQAoACQAcABhAHQAaAApAAoAIAAgACAAIAAgACAAIAAgACAAIAAgACAAQwBvAHUAbgB0ACAAPQAgAC0AMQAKACAAIAAgACAAIAAgACAAIAAgACAAIAAgAEwAZQBuAGcAdABoACAAPQAgAC0AMQAKACAAIAAgACAAIAAgACAAIAB9AAoAIAAgACAAIAB9AAoAfQAKAAoAJABzAHUAbQBtAGEAcgB5ACAAfAAgAEMAbwBuAHYAZQByAHQAVABvAC0ASgBzAG8AbgAgAC0AQwBvAG0AcAByAGUAcwBzAA==","Product":"-","Company":"-","ParentProcessId":3936,"ParentUser":"DESKTOP-DTGLPQE\\don","LogonGuid":"24C9C544-3C6F-69B8-71EF-6E0000000000","Hashes":"SHA256=E6B5C767FA745C5E23BD64B95B043AF11D054E4E15DC96A5EE02C27DD40C0DBE","ParentProcessGuid":"24C9C544-3C6F-69B8-E805-000000002A00","ProcessId":5832,"CurrentDirectory":"C:\\Users\\don\\","ProcessGuid":"24C9C544-3C70-69B8-EB05-000000002A00","CommandLine":"\"C:\\Tools\\Sigma\\chainsaw\\chainsaw.exe\" hunt C:\\Windows\\System32\\winevt\\Logs\\Microsoft-Windows-Sysmon%%4Operational.evtx -s C:\\Temp\\codex_sigma_test\\detechtive_test_whoami.yml -m C:\\Tools\\Sigma\\chainsaw\\mappings\\sigma-event-logs-all.yml --json -o C:\\Temp\\codex_sigma_test\\whoami_local_window.json --skip-errors -q --from 2026-03-16T09:52:55 --to 2026-03-16T10:22:55","FileVersion":"-","User":"DESKTOP-DTGLPQE\\don","LogonId":"0x6eef71","IntegrityLevel":"High","ParentImage":"C:\\Windows\\System32\\WindowsPowerShell\\v1.0\\powershell.exe","UtcTime":"2026-03-16 17:22:56.664"},"System":{"EventID":1,"Level":4,"Provider_attributes":{"Name":"Microsoft-Windows-Sysmon","Guid":"5770385F-C22A-43E0-BF4C-06F5698FFBD9"},"Version":5,"Task":1,"Opcode":0,"TimeCreated_attributes":{"SystemTime":"2026-03-16T17:22:56.666864Z"},"Execution_attributes":{"ProcessID":2132,"ThreadID":3368},"Correlation":null,"Keywords":"0x8000000000000000","Security_attributes":{"UserID":"S-1-5-18"},"EventRecordID":23769,"Channel":"Microsoft-Windows-Sysmon/Operational","Computer":"DESKTOP-DTGLPQE"}},"Event_attributes":{"xmlns":"http://schemas.microsoft.com/win/2004/08/events/event"}}},"name":"DeTechTive Test - whoami execution","timestamp":"2026-03-16T17:22:56.666864+00:00","authors":["DeTechTive"],"level":"low","source":"sigma","status":"experimental","id":"1bb8fd00-0d3b-4be2-9e12-c5dc5d8f7a31","logsource":{"category":"process_creation","product":"windows"}},